ERROR - 2023-12-11 01:31:03 --> mysqli_sql_exception: Table 'oskonlin_payjobdb.jobs_list' doesn't exist in /home/oskonlin/public_html/allci/payjob/system/Database/MySQLi/Connection.php:292
Stack trace:
#0 /home/oskonlin/public_html/allci/payjob/system/Database/MySQLi/Connection.php(292): mysqli->query('SELECT *\nFROM `...', 0)
#1 /home/oskonlin/public_html/allci/payjob/system/Database/BaseConnection.php(693): CodeIgniter\Database\MySQLi\Connection->execute('SELECT *\nFROM `...')
#2 /home/oskonlin/public_html/allci/payjob/system/Database/BaseConnection.php(620): CodeIgniter\Database\BaseConnection->simpleQuery('SELECT *\nFROM `...')
#3 /home/oskonlin/public_html/allci/payjob/system/Database/BaseBuilder.php(1718): CodeIgniter\Database\BaseConnection->query('SELECT *\nFROM `...', Array, false)
#4 /home/oskonlin/public_html/allci/payjob/app/Models/CommonModel.php(51): CodeIgniter\Database\BaseBuilder->getWhere(Array, NULL, NULL)
#5 /home/oskonlin/public_html/allci/payjob/app/Controllers/CompanyController.php(151): App\Models\CommonModel->allFetchd('jobs_list', Array)
#6 /home/oskonlin/public_html/allci/payjob/system/CodeIgniter.php(907): App\Controllers\CompanyController->jobs()
#7 /home/oskonlin/public_html/allci/payjob/system/CodeIgniter.php(457): CodeIgniter\CodeIgniter->runController(Object(App\Controllers\CompanyController))
#8 /home/oskonlin/public_html/allci/payjob/system/CodeIgniter.php(340): CodeIgniter\CodeIgniter->handleRequest(NULL, Object(Config\Cache), false)
#9 /home/oskonlin/public_html/allci/payjob/index.php(67): CodeIgniter\CodeIgniter->run()
#10 {main}
CRITICAL - 2023-12-11 01:31:03 --> Call to a member function getResult() on bool
in APPPATH/Models/CommonModel.php on line 51.
 1 APPPATH/Controllers/CompanyController.php(151): App\Models\CommonModel->allFetchd('jobs_list', [])
 2 SYSTEMPATH/CodeIgniter.php(907): App\Controllers\CompanyController->jobs()
 3 SYSTEMPATH/CodeIgniter.php(457): CodeIgniter\CodeIgniter->runController(Object(App\Controllers\CompanyController))
 4 SYSTEMPATH/CodeIgniter.php(340): CodeIgniter\CodeIgniter->handleRequest(null, Object(Config\Cache), false)
 5 FCPATH/index.php(67): CodeIgniter\CodeIgniter->run()
ERROR - 2023-12-11 01:32:59 --> mysqli_sql_exception: Table 'oskonlin_payjobdb.jobs_list' doesn't exist in /home/oskonlin/public_html/allci/payjob/system/Database/MySQLi/Connection.php:292
Stack trace:
#0 /home/oskonlin/public_html/allci/payjob/system/Database/MySQLi/Connection.php(292): mysqli->query('SELECT *\nFROM `...', 0)
#1 /home/oskonlin/public_html/allci/payjob/system/Database/BaseConnection.php(693): CodeIgniter\Database\MySQLi\Connection->execute('SELECT *\nFROM `...')
#2 /home/oskonlin/public_html/allci/payjob/system/Database/BaseConnection.php(620): CodeIgniter\Database\BaseConnection->simpleQuery('SELECT *\nFROM `...')
#3 /home/oskonlin/public_html/allci/payjob/system/Database/BaseBuilder.php(1718): CodeIgniter\Database\BaseConnection->query('SELECT *\nFROM `...', Array, false)
#4 /home/oskonlin/public_html/allci/payjob/app/Models/CommonModel.php(51): CodeIgniter\Database\BaseBuilder->getWhere(Array, NULL, NULL)
#5 /home/oskonlin/public_html/allci/payjob/app/Controllers/CompanyController.php(140): App\Models\CommonModel->allFetchd('jobs_list', Array)
#6 /home/oskonlin/public_html/allci/payjob/system/CodeIgniter.php(907): App\Controllers\CompanyController->jobs()
#7 /home/oskonlin/public_html/allci/payjob/system/CodeIgniter.php(457): CodeIgniter\CodeIgniter->runController(Object(App\Controllers\CompanyController))
#8 /home/oskonlin/public_html/allci/payjob/system/CodeIgniter.php(340): CodeIgniter\CodeIgniter->handleRequest(NULL, Object(Config\Cache), false)
#9 /home/oskonlin/public_html/allci/payjob/index.php(67): CodeIgniter\CodeIgniter->run()
#10 {main}
CRITICAL - 2023-12-11 01:32:59 --> Call to a member function getResult() on bool
in APPPATH/Models/CommonModel.php on line 51.
 1 APPPATH/Controllers/CompanyController.php(140): App\Models\CommonModel->allFetchd('jobs_list', [])
 2 SYSTEMPATH/CodeIgniter.php(907): App\Controllers\CompanyController->jobs()
 3 SYSTEMPATH/CodeIgniter.php(457): CodeIgniter\CodeIgniter->runController(Object(App\Controllers\CompanyController))
 4 SYSTEMPATH/CodeIgniter.php(340): CodeIgniter\CodeIgniter->handleRequest(null, Object(Config\Cache), false)
 5 FCPATH/index.php(67): CodeIgniter\CodeIgniter->run()
ERROR - 2023-12-11 01:33:36 --> mysqli_sql_exception: Table 'oskonlin_payjobdb.jobs_list' doesn't exist in /home/oskonlin/public_html/allci/payjob/system/Database/MySQLi/Connection.php:292
Stack trace:
#0 /home/oskonlin/public_html/allci/payjob/system/Database/MySQLi/Connection.php(292): mysqli->query('SELECT *\nFROM `...', 0)
#1 /home/oskonlin/public_html/allci/payjob/system/Database/BaseConnection.php(693): CodeIgniter\Database\MySQLi\Connection->execute('SELECT *\nFROM `...')
#2 /home/oskonlin/public_html/allci/payjob/system/Database/BaseConnection.php(620): CodeIgniter\Database\BaseConnection->simpleQuery('SELECT *\nFROM `...')
#3 /home/oskonlin/public_html/allci/payjob/system/Database/BaseBuilder.php(1718): CodeIgniter\Database\BaseConnection->query('SELECT *\nFROM `...', Array, false)
#4 /home/oskonlin/public_html/allci/payjob/app/Models/CommonModel.php(46): CodeIgniter\Database\BaseBuilder->getWhere(Array, NULL, NULL)
#5 /home/oskonlin/public_html/allci/payjob/app/Controllers/CompanyController.php(140): App\Models\CommonModel->allFetch('jobs_list', Array)
#6 /home/oskonlin/public_html/allci/payjob/system/CodeIgniter.php(907): App\Controllers\CompanyController->jobs()
#7 /home/oskonlin/public_html/allci/payjob/system/CodeIgniter.php(457): CodeIgniter\CodeIgniter->runController(Object(App\Controllers\CompanyController))
#8 /home/oskonlin/public_html/allci/payjob/system/CodeIgniter.php(340): CodeIgniter\CodeIgniter->handleRequest(NULL, Object(Config\Cache), false)
#9 /home/oskonlin/public_html/allci/payjob/index.php(67): CodeIgniter\CodeIgniter->run()
#10 {main}
CRITICAL - 2023-12-11 01:33:36 --> Call to a member function getResult() on bool
in APPPATH/Models/CommonModel.php on line 46.
 1 APPPATH/Controllers/CompanyController.php(140): App\Models\CommonModel->allFetch('jobs_list', [])
 2 SYSTEMPATH/CodeIgniter.php(907): App\Controllers\CompanyController->jobs()
 3 SYSTEMPATH/CodeIgniter.php(457): CodeIgniter\CodeIgniter->runController(Object(App\Controllers\CompanyController))
 4 SYSTEMPATH/CodeIgniter.php(340): CodeIgniter\CodeIgniter->handleRequest(null, Object(Config\Cache), false)
 5 FCPATH/index.php(67): CodeIgniter\CodeIgniter->run()
ERROR - 2023-12-11 01:35:51 --> mysqli_sql_exception: Table 'oskonlin_payjobdb.jobs_list' doesn't exist in /home/oskonlin/public_html/allci/payjob/system/Database/MySQLi/Connection.php:292
Stack trace:
#0 /home/oskonlin/public_html/allci/payjob/system/Database/MySQLi/Connection.php(292): mysqli->query('SELECT *\nFROM `...', 0)
#1 /home/oskonlin/public_html/allci/payjob/system/Database/BaseConnection.php(693): CodeIgniter\Database\MySQLi\Connection->execute('SELECT *\nFROM `...')
#2 /home/oskonlin/public_html/allci/payjob/system/Database/BaseConnection.php(620): CodeIgniter\Database\BaseConnection->simpleQuery('SELECT *\nFROM `...')
#3 /home/oskonlin/public_html/allci/payjob/system/Database/BaseBuilder.php(1718): CodeIgniter\Database\BaseConnection->query('SELECT *\nFROM `...', Array, false)
#4 /home/oskonlin/public_html/allci/payjob/app/Models/CommonModel.php(46): CodeIgniter\Database\BaseBuilder->getWhere(Array, NULL, NULL)
#5 /home/oskonlin/public_html/allci/payjob/app/Controllers/CompanyController.php(140): App\Models\CommonModel->allFetch('jobs_list', Array)
#6 /home/oskonlin/public_html/allci/payjob/system/CodeIgniter.php(907): App\Controllers\CompanyController->jobs()
#7 /home/oskonlin/public_html/allci/payjob/system/CodeIgniter.php(457): CodeIgniter\CodeIgniter->runController(Object(App\Controllers\CompanyController))
#8 /home/oskonlin/public_html/allci/payjob/system/CodeIgniter.php(340): CodeIgniter\CodeIgniter->handleRequest(NULL, Object(Config\Cache), false)
#9 /home/oskonlin/public_html/allci/payjob/index.php(67): CodeIgniter\CodeIgniter->run()
#10 {main}
CRITICAL - 2023-12-11 01:35:51 --> Call to a member function getResult() on bool
in APPPATH/Models/CommonModel.php on line 46.
 1 APPPATH/Controllers/CompanyController.php(140): App\Models\CommonModel->allFetch('jobs_list', [])
 2 SYSTEMPATH/CodeIgniter.php(907): App\Controllers\CompanyController->jobs()
 3 SYSTEMPATH/CodeIgniter.php(457): CodeIgniter\CodeIgniter->runController(Object(App\Controllers\CompanyController))
 4 SYSTEMPATH/CodeIgniter.php(340): CodeIgniter\CodeIgniter->handleRequest(null, Object(Config\Cache), false)
 5 FCPATH/index.php(67): CodeIgniter\CodeIgniter->run()
ERROR - 2023-12-11 01:37:11 --> mysqli_sql_exception: Table 'oskonlin_payjobdb.jobs_list' doesn't exist in /home/oskonlin/public_html/allci/payjob/system/Database/MySQLi/Connection.php:292
Stack trace:
#0 /home/oskonlin/public_html/allci/payjob/system/Database/MySQLi/Connection.php(292): mysqli->query('SELECT *\nFROM `...', 0)
#1 /home/oskonlin/public_html/allci/payjob/system/Database/BaseConnection.php(693): CodeIgniter\Database\MySQLi\Connection->execute('SELECT *\nFROM `...')
#2 /home/oskonlin/public_html/allci/payjob/system/Database/BaseConnection.php(620): CodeIgniter\Database\BaseConnection->simpleQuery('SELECT *\nFROM `...')
#3 /home/oskonlin/public_html/allci/payjob/system/Database/BaseBuilder.php(1718): CodeIgniter\Database\BaseConnection->query('SELECT *\nFROM `...', Array, false)
#4 /home/oskonlin/public_html/allci/payjob/app/Models/CommonModel.php(51): CodeIgniter\Database\BaseBuilder->getWhere(Array, NULL, NULL)
#5 /home/oskonlin/public_html/allci/payjob/app/Controllers/CompanyController.php(141): App\Models\CommonModel->allFetchd('jobs_list', Array)
#6 /home/oskonlin/public_html/allci/payjob/system/CodeIgniter.php(907): App\Controllers\CompanyController->jobs()
#7 /home/oskonlin/public_html/allci/payjob/system/CodeIgniter.php(457): CodeIgniter\CodeIgniter->runController(Object(App\Controllers\CompanyController))
#8 /home/oskonlin/public_html/allci/payjob/system/CodeIgniter.php(340): CodeIgniter\CodeIgniter->handleRequest(NULL, Object(Config\Cache), false)
#9 /home/oskonlin/public_html/allci/payjob/index.php(67): CodeIgniter\CodeIgniter->run()
#10 {main}
CRITICAL - 2023-12-11 01:37:11 --> Call to a member function getResult() on bool
in APPPATH/Models/CommonModel.php on line 51.
 1 APPPATH/Controllers/CompanyController.php(141): App\Models\CommonModel->allFetchd('jobs_list', [])
 2 SYSTEMPATH/CodeIgniter.php(907): App\Controllers\CompanyController->jobs()
 3 SYSTEMPATH/CodeIgniter.php(457): CodeIgniter\CodeIgniter->runController(Object(App\Controllers\CompanyController))
 4 SYSTEMPATH/CodeIgniter.php(340): CodeIgniter\CodeIgniter->handleRequest(null, Object(Config\Cache), false)
 5 FCPATH/index.php(67): CodeIgniter\CodeIgniter->run()
CRITICAL - 2023-12-11 01:38:26 --> Invalid file: company/jobs.php
in SYSTEMPATH/Exceptions/FrameworkException.php on line 33.
 1 SYSTEMPATH/View/View.php(201): CodeIgniter\Exceptions\FrameworkException::forInvalidFile('company/jobs.php')
 2 SYSTEMPATH/Common.php(1142): CodeIgniter\View\View->render('company/jobs', [], true)
 3 APPPATH/Controllers/CompanyController.php(144): view('company/jobs', [...])
 4 SYSTEMPATH/CodeIgniter.php(907): App\Controllers\CompanyController->jobs()
 5 SYSTEMPATH/CodeIgniter.php(457): CodeIgniter\CodeIgniter->runController(Object(App\Controllers\CompanyController))
 6 SYSTEMPATH/CodeIgniter.php(340): CodeIgniter\CodeIgniter->handleRequest(null, Object(Config\Cache), false)
 7 FCPATH/index.php(67): CodeIgniter\CodeIgniter->run()
CRITICAL - 2023-12-11 01:39:05 --> Invalid argument supplied for foreach()
in APPPATH/Views/company/all-jobs.php on line 69.
 1 APPPATH/Views/company/all-jobs.php(69): CodeIgniter\Debug\Exceptions->errorHandler(2, 'Invalid argument supplied for foreach()', 'APPPATH/Views/company/all-jobs.php', 69, [...])
 2 SYSTEMPATH/View/View.php(213): include('APPPATH/Views/company/all-jobs.php')
 3 SYSTEMPATH/View/View.php(216): CodeIgniter\View\View->CodeIgniter\View\{closure}()
 4 SYSTEMPATH/Common.php(1142): CodeIgniter\View\View->render('company/all-jobs', [], true)
 5 APPPATH/Controllers/CompanyController.php(144): view('company/all-jobs', [...])
 6 SYSTEMPATH/CodeIgniter.php(907): App\Controllers\CompanyController->jobs()
 7 SYSTEMPATH/CodeIgniter.php(457): CodeIgniter\CodeIgniter->runController(Object(App\Controllers\CompanyController))
 8 SYSTEMPATH/CodeIgniter.php(340): CodeIgniter\CodeIgniter->handleRequest(null, Object(Config\Cache), false)
 9 FCPATH/index.php(67): CodeIgniter\CodeIgniter->run()
CRITICAL - 2023-12-11 02:08:03 --> Invalid file: company/post-jobs.php
in SYSTEMPATH/Exceptions/FrameworkException.php on line 33.
 1 SYSTEMPATH/View/View.php(201): CodeIgniter\Exceptions\FrameworkException::forInvalidFile('company/post-jobs.php')
 2 SYSTEMPATH/Common.php(1142): CodeIgniter\View\View->render('company/post-jobs', [], true)
 3 APPPATH/Controllers/CompanyController.php(155): view('company/post-jobs', [...])
 4 SYSTEMPATH/CodeIgniter.php(907): App\Controllers\CompanyController->addjobs()
 5 SYSTEMPATH/CodeIgniter.php(457): CodeIgniter\CodeIgniter->runController(Object(App\Controllers\CompanyController))
 6 SYSTEMPATH/CodeIgniter.php(340): CodeIgniter\CodeIgniter->handleRequest(null, Object(Config\Cache), false)
 7 FCPATH/index.php(67): CodeIgniter\CodeIgniter->run()
CRITICAL - 2023-12-11 04:42:17 --> Invalid file: company/all-jobs.php
in SYSTEMPATH/Exceptions/FrameworkException.php on line 33.
 1 SYSTEMPATH/View/View.php(201): CodeIgniter\Exceptions\FrameworkException::forInvalidFile('company/all-jobs.php')
 2 SYSTEMPATH/Common.php(1142): CodeIgniter\View\View->render('company/all-jobs', [], true)
 3 APPPATH/Controllers/SuperAdminController.php(2145): view('company/all-jobs', [...])
 4 SYSTEMPATH/CodeIgniter.php(907): App\Controllers\SuperAdminController->jobslist()
 5 SYSTEMPATH/CodeIgniter.php(457): CodeIgniter\CodeIgniter->runController(Object(App\Controllers\SuperAdminController))
 6 SYSTEMPATH/CodeIgniter.php(340): CodeIgniter\CodeIgniter->handleRequest(null, Object(Config\Cache), false)
 7 FCPATH/index.php(67): CodeIgniter\CodeIgniter->run()
ERROR - 2023-12-11 05:44:37 --> mysqli_sql_exception: Table 'oskonlin_payjobdb.company' doesn't exist in /home/oskonlin/public_html/allci/payjob/system/Database/MySQLi/Connection.php:292
Stack trace:
#0 /home/oskonlin/public_html/allci/payjob/system/Database/MySQLi/Connection.php(292): mysqli->query('SELECT *\nFROM `...', 0)
#1 /home/oskonlin/public_html/allci/payjob/system/Database/BaseConnection.php(693): CodeIgniter\Database\MySQLi\Connection->execute('SELECT *\nFROM `...')
#2 /home/oskonlin/public_html/allci/payjob/system/Database/BaseConnection.php(620): CodeIgniter\Database\BaseConnection->simpleQuery('SELECT *\nFROM `...')
#3 /home/oskonlin/public_html/allci/payjob/system/Database/BaseBuilder.php(1718): CodeIgniter\Database\BaseConnection->query('SELECT *\nFROM `...', Array, false)
#4 /home/oskonlin/public_html/allci/payjob/app/Models/CommonModel.php(34): CodeIgniter\Database\BaseBuilder->getWhere(Array)
#5 /home/oskonlin/public_html/allci/payjob/app/Views/index.php(62): App\Models\CommonModel->fs('company', Array)
#6 /home/oskonlin/public_html/allci/payjob/system/View/View.php(213): include('/home/oskonlin/...')
#7 /home/oskonlin/public_html/allci/payjob/system/View/View.php(216): CodeIgniter\View\View->CodeIgniter\View\{closure}()
#8 /home/oskonlin/public_html/allci/payjob/system/Common.php(1142): CodeIgniter\View\View->render('index', Array, true)
#9 /home/oskonlin/public_html/allci/payjob/app/Controllers/Home.php(24): view('index', Array)
#10 /home/oskonlin/public_html/allci/payjob/system/CodeIgniter.php(907): App\Controllers\Home->index()
#11 /home/oskonlin/public_html/allci/payjob/system/CodeIgniter.php(457): CodeIgniter\CodeIgniter->runController(Object(App\Controllers\Home))
#12 /home/oskonlin/public_html/allci/payjob/system/CodeIgniter.php(340): CodeIgniter\CodeIgniter->handleRequest(NULL, Object(Config\Cache), false)
#13 /home/oskonlin/public_html/allci/payjob/index.php(67): CodeIgniter\CodeIgniter->run()
#14 {main}
CRITICAL - 2023-12-11 05:44:37 --> Call to a member function getrow() on bool
in APPPATH/Models/CommonModel.php on line 34.
 1 APPPATH/Views/index.php(62): App\Models\CommonModel->fs('company', [])
 2 SYSTEMPATH/View/View.php(213): include('APPPATH/Views/index.php')
 3 SYSTEMPATH/View/View.php(216): CodeIgniter\View\View->CodeIgniter\View\{closure}()
 4 SYSTEMPATH/Common.php(1142): CodeIgniter\View\View->render('index', [], true)
 5 APPPATH/Controllers/Home.php(24): view('index', [...])
 6 SYSTEMPATH/CodeIgniter.php(907): App\Controllers\Home->index()
 7 SYSTEMPATH/CodeIgniter.php(457): CodeIgniter\CodeIgniter->runController(Object(App\Controllers\Home))
 8 SYSTEMPATH/CodeIgniter.php(340): CodeIgniter\CodeIgniter->handleRequest(null, Object(Config\Cache), false)
 9 FCPATH/index.php(67): CodeIgniter\CodeIgniter->run()
ERROR - 2023-12-11 05:45:05 --> mysqli_sql_exception: Table 'oskonlin_payjobdb.company' doesn't exist in /home/oskonlin/public_html/allci/payjob/system/Database/MySQLi/Connection.php:292
Stack trace:
#0 /home/oskonlin/public_html/allci/payjob/system/Database/MySQLi/Connection.php(292): mysqli->query('SELECT *\nFROM `...', 0)
#1 /home/oskonlin/public_html/allci/payjob/system/Database/BaseConnection.php(693): CodeIgniter\Database\MySQLi\Connection->execute('SELECT *\nFROM `...')
#2 /home/oskonlin/public_html/allci/payjob/system/Database/BaseConnection.php(620): CodeIgniter\Database\BaseConnection->simpleQuery('SELECT *\nFROM `...')
#3 /home/oskonlin/public_html/allci/payjob/system/Database/BaseBuilder.php(1718): CodeIgniter\Database\BaseConnection->query('SELECT *\nFROM `...', Array, false)
#4 /home/oskonlin/public_html/allci/payjob/app/Models/CommonModel.php(34): CodeIgniter\Database\BaseBuilder->getWhere(Array)
#5 /home/oskonlin/public_html/allci/payjob/app/Views/index.php(66): App\Models\CommonModel->fs('company', Array)
#6 /home/oskonlin/public_html/allci/payjob/system/View/View.php(213): include('/home/oskonlin/...')
#7 /home/oskonlin/public_html/allci/payjob/system/View/View.php(216): CodeIgniter\View\View->CodeIgniter\View\{closure}()
#8 /home/oskonlin/public_html/allci/payjob/system/Common.php(1142): CodeIgniter\View\View->render('index', Array, true)
#9 /home/oskonlin/public_html/allci/payjob/app/Controllers/Home.php(24): view('index', Array)
#10 /home/oskonlin/public_html/allci/payjob/system/CodeIgniter.php(907): App\Controllers\Home->index()
#11 /home/oskonlin/public_html/allci/payjob/system/CodeIgniter.php(457): CodeIgniter\CodeIgniter->runController(Object(App\Controllers\Home))
#12 /home/oskonlin/public_html/allci/payjob/system/CodeIgniter.php(340): CodeIgniter\CodeIgniter->handleRequest(NULL, Object(Config\Cache), false)
#13 /home/oskonlin/public_html/allci/payjob/index.php(67): CodeIgniter\CodeIgniter->run()
#14 {main}
CRITICAL - 2023-12-11 05:45:05 --> Call to a member function getrow() on bool
in APPPATH/Models/CommonModel.php on line 34.
 1 APPPATH/Views/index.php(66): App\Models\CommonModel->fs('company', [])
 2 SYSTEMPATH/View/View.php(213): include('APPPATH/Views/index.php')
 3 SYSTEMPATH/View/View.php(216): CodeIgniter\View\View->CodeIgniter\View\{closure}()
 4 SYSTEMPATH/Common.php(1142): CodeIgniter\View\View->render('index', [], true)
 5 APPPATH/Controllers/Home.php(24): view('index', [...])
 6 SYSTEMPATH/CodeIgniter.php(907): App\Controllers\Home->index()
 7 SYSTEMPATH/CodeIgniter.php(457): CodeIgniter\CodeIgniter->runController(Object(App\Controllers\Home))
 8 SYSTEMPATH/CodeIgniter.php(340): CodeIgniter\CodeIgniter->handleRequest(null, Object(Config\Cache), false)
 9 FCPATH/index.php(67): CodeIgniter\CodeIgniter->run()
ERROR - 2023-12-11 05:45:09 --> mysqli_sql_exception: Table 'oskonlin_payjobdb.company' doesn't exist in /home/oskonlin/public_html/allci/payjob/system/Database/MySQLi/Connection.php:292
Stack trace:
#0 /home/oskonlin/public_html/allci/payjob/system/Database/MySQLi/Connection.php(292): mysqli->query('SELECT *\nFROM `...', 0)
#1 /home/oskonlin/public_html/allci/payjob/system/Database/BaseConnection.php(693): CodeIgniter\Database\MySQLi\Connection->execute('SELECT *\nFROM `...')
#2 /home/oskonlin/public_html/allci/payjob/system/Database/BaseConnection.php(620): CodeIgniter\Database\BaseConnection->simpleQuery('SELECT *\nFROM `...')
#3 /home/oskonlin/public_html/allci/payjob/system/Database/BaseBuilder.php(1718): CodeIgniter\Database\BaseConnection->query('SELECT *\nFROM `...', Array, false)
#4 /home/oskonlin/public_html/allci/payjob/app/Models/CommonModel.php(34): CodeIgniter\Database\BaseBuilder->getWhere(Array)
#5 /home/oskonlin/public_html/allci/payjob/app/Views/index.php(66): App\Models\CommonModel->fs('company', Array)
#6 /home/oskonlin/public_html/allci/payjob/system/View/View.php(213): include('/home/oskonlin/...')
#7 /home/oskonlin/public_html/allci/payjob/system/View/View.php(216): CodeIgniter\View\View->CodeIgniter\View\{closure}()
#8 /home/oskonlin/public_html/allci/payjob/system/Common.php(1142): CodeIgniter\View\View->render('index', Array, true)
#9 /home/oskonlin/public_html/allci/payjob/app/Controllers/Home.php(24): view('index', Array)
#10 /home/oskonlin/public_html/allci/payjob/system/CodeIgniter.php(907): App\Controllers\Home->index()
#11 /home/oskonlin/public_html/allci/payjob/system/CodeIgniter.php(457): CodeIgniter\CodeIgniter->runController(Object(App\Controllers\Home))
#12 /home/oskonlin/public_html/allci/payjob/system/CodeIgniter.php(340): CodeIgniter\CodeIgniter->handleRequest(NULL, Object(Config\Cache), false)
#13 /home/oskonlin/public_html/allci/payjob/index.php(67): CodeIgniter\CodeIgniter->run()
#14 {main}
CRITICAL - 2023-12-11 05:45:09 --> Call to a member function getrow() on bool
in APPPATH/Models/CommonModel.php on line 34.
 1 APPPATH/Views/index.php(66): App\Models\CommonModel->fs('company', [])
 2 SYSTEMPATH/View/View.php(213): include('APPPATH/Views/index.php')
 3 SYSTEMPATH/View/View.php(216): CodeIgniter\View\View->CodeIgniter\View\{closure}()
 4 SYSTEMPATH/Common.php(1142): CodeIgniter\View\View->render('index', [], true)
 5 APPPATH/Controllers/Home.php(24): view('index', [...])
 6 SYSTEMPATH/CodeIgniter.php(907): App\Controllers\Home->index()
 7 SYSTEMPATH/CodeIgniter.php(457): CodeIgniter\CodeIgniter->runController(Object(App\Controllers\Home))
 8 SYSTEMPATH/CodeIgniter.php(340): CodeIgniter\CodeIgniter->handleRequest(null, Object(Config\Cache), false)
 9 FCPATH/index.php(67): CodeIgniter\CodeIgniter->run()
ERROR - 2023-12-11 05:46:00 --> mysqli_sql_exception: Table 'oskonlin_payjobdb.company' doesn't exist in /home/oskonlin/public_html/allci/payjob/system/Database/MySQLi/Connection.php:292
Stack trace:
#0 /home/oskonlin/public_html/allci/payjob/system/Database/MySQLi/Connection.php(292): mysqli->query('SELECT *\nFROM `...', 0)
#1 /home/oskonlin/public_html/allci/payjob/system/Database/BaseConnection.php(693): CodeIgniter\Database\MySQLi\Connection->execute('SELECT *\nFROM `...')
#2 /home/oskonlin/public_html/allci/payjob/system/Database/BaseConnection.php(620): CodeIgniter\Database\BaseConnection->simpleQuery('SELECT *\nFROM `...')
#3 /home/oskonlin/public_html/allci/payjob/system/Database/BaseBuilder.php(1718): CodeIgniter\Database\BaseConnection->query('SELECT *\nFROM `...', Array, false)
#4 /home/oskonlin/public_html/allci/payjob/app/Models/CommonModel.php(34): CodeIgniter\Database\BaseBuilder->getWhere(Array)
#5 /home/oskonlin/public_html/allci/payjob/app/Views/index.php(66): App\Models\CommonModel->fs('company', Array)
#6 /home/oskonlin/public_html/allci/payjob/system/View/View.php(213): include('/home/oskonlin/...')
#7 /home/oskonlin/public_html/allci/payjob/system/View/View.php(216): CodeIgniter\View\View->CodeIgniter\View\{closure}()
#8 /home/oskonlin/public_html/allci/payjob/system/Common.php(1142): CodeIgniter\View\View->render('index', Array, true)
#9 /home/oskonlin/public_html/allci/payjob/app/Controllers/Home.php(25): view('index', Array)
#10 /home/oskonlin/public_html/allci/payjob/system/CodeIgniter.php(907): App\Controllers\Home->index()
#11 /home/oskonlin/public_html/allci/payjob/system/CodeIgniter.php(457): CodeIgniter\CodeIgniter->runController(Object(App\Controllers\Home))
#12 /home/oskonlin/public_html/allci/payjob/system/CodeIgniter.php(340): CodeIgniter\CodeIgniter->handleRequest(NULL, Object(Config\Cache), false)
#13 /home/oskonlin/public_html/allci/payjob/index.php(67): CodeIgniter\CodeIgniter->run()
#14 {main}
CRITICAL - 2023-12-11 05:46:00 --> Call to a member function getrow() on bool
in APPPATH/Models/CommonModel.php on line 34.
 1 APPPATH/Views/index.php(66): App\Models\CommonModel->fs('company', [])
 2 SYSTEMPATH/View/View.php(213): include('APPPATH/Views/index.php')
 3 SYSTEMPATH/View/View.php(216): CodeIgniter\View\View->CodeIgniter\View\{closure}()
 4 SYSTEMPATH/Common.php(1142): CodeIgniter\View\View->render('index', [], true)
 5 APPPATH/Controllers/Home.php(25): view('index', [...])
 6 SYSTEMPATH/CodeIgniter.php(907): App\Controllers\Home->index()
 7 SYSTEMPATH/CodeIgniter.php(457): CodeIgniter\CodeIgniter->runController(Object(App\Controllers\Home))
 8 SYSTEMPATH/CodeIgniter.php(340): CodeIgniter\CodeIgniter->handleRequest(null, Object(Config\Cache), false)
 9 FCPATH/index.php(67): CodeIgniter\CodeIgniter->run()
ERROR - 2023-12-11 05:46:38 --> mysqli_sql_exception: Table 'oskonlin_payjobdb.company' doesn't exist in /home/oskonlin/public_html/allci/payjob/system/Database/MySQLi/Connection.php:292
Stack trace:
#0 /home/oskonlin/public_html/allci/payjob/system/Database/MySQLi/Connection.php(292): mysqli->query('SELECT *\nFROM `...', 0)
#1 /home/oskonlin/public_html/allci/payjob/system/Database/BaseConnection.php(693): CodeIgniter\Database\MySQLi\Connection->execute('SELECT *\nFROM `...')
#2 /home/oskonlin/public_html/allci/payjob/system/Database/BaseConnection.php(620): CodeIgniter\Database\BaseConnection->simpleQuery('SELECT *\nFROM `...')
#3 /home/oskonlin/public_html/allci/payjob/system/Database/BaseBuilder.php(1718): CodeIgniter\Database\BaseConnection->query('SELECT *\nFROM `...', Array, false)
#4 /home/oskonlin/public_html/allci/payjob/app/Models/CommonModel.php(34): CodeIgniter\Database\BaseBuilder->getWhere(Array)
#5 /home/oskonlin/public_html/allci/payjob/app/Views/index.php(66): App\Models\CommonModel->fs('company', Array)
#6 /home/oskonlin/public_html/allci/payjob/system/View/View.php(213): include('/home/oskonlin/...')
#7 /home/oskonlin/public_html/allci/payjob/system/View/View.php(216): CodeIgniter\View\View->CodeIgniter\View\{closure}()
#8 /home/oskonlin/public_html/allci/payjob/system/Common.php(1142): CodeIgniter\View\View->render('index', Array, true)
#9 /home/oskonlin/public_html/allci/payjob/app/Controllers/Home.php(25): view('index', Array)
#10 /home/oskonlin/public_html/allci/payjob/system/CodeIgniter.php(907): App\Controllers\Home->index()
#11 /home/oskonlin/public_html/allci/payjob/system/CodeIgniter.php(457): CodeIgniter\CodeIgniter->runController(Object(App\Controllers\Home))
#12 /home/oskonlin/public_html/allci/payjob/system/CodeIgniter.php(340): CodeIgniter\CodeIgniter->handleRequest(NULL, Object(Config\Cache), false)
#13 /home/oskonlin/public_html/allci/payjob/index.php(67): CodeIgniter\CodeIgniter->run()
#14 {main}
CRITICAL - 2023-12-11 05:46:38 --> Call to a member function getrow() on bool
in APPPATH/Models/CommonModel.php on line 34.
 1 APPPATH/Views/index.php(66): App\Models\CommonModel->fs('company', [...])
 2 SYSTEMPATH/View/View.php(213): include('APPPATH/Views/index.php')
 3 SYSTEMPATH/View/View.php(216): CodeIgniter\View\View->CodeIgniter\View\{closure}()
 4 SYSTEMPATH/Common.php(1142): CodeIgniter\View\View->render('index', [], true)
 5 APPPATH/Controllers/Home.php(25): view('index', [...])
 6 SYSTEMPATH/CodeIgniter.php(907): App\Controllers\Home->index()
 7 SYSTEMPATH/CodeIgniter.php(457): CodeIgniter\CodeIgniter->runController(Object(App\Controllers\Home))
 8 SYSTEMPATH/CodeIgniter.php(340): CodeIgniter\CodeIgniter->handleRequest(null, Object(Config\Cache), false)
 9 FCPATH/index.php(67): CodeIgniter\CodeIgniter->run()
ERROR - 2023-12-11 05:47:06 --> mysqli_sql_exception: Table 'oskonlin_payjobdb.company' doesn't exist in /home/oskonlin/public_html/allci/payjob/system/Database/MySQLi/Connection.php:292
Stack trace:
#0 /home/oskonlin/public_html/allci/payjob/system/Database/MySQLi/Connection.php(292): mysqli->query('SELECT *\nFROM `...', 0)
#1 /home/oskonlin/public_html/allci/payjob/system/Database/BaseConnection.php(693): CodeIgniter\Database\MySQLi\Connection->execute('SELECT *\nFROM `...')
#2 /home/oskonlin/public_html/allci/payjob/system/Database/BaseConnection.php(620): CodeIgniter\Database\BaseConnection->simpleQuery('SELECT *\nFROM `...')
#3 /home/oskonlin/public_html/allci/payjob/system/Database/BaseBuilder.php(1718): CodeIgniter\Database\BaseConnection->query('SELECT *\nFROM `...', Array, false)
#4 /home/oskonlin/public_html/allci/payjob/app/Models/CommonModel.php(46): CodeIgniter\Database\BaseBuilder->getWhere(Array, NULL, NULL)
#5 /home/oskonlin/public_html/allci/payjob/app/Views/index.php(66): App\Models\CommonModel->allFetch('company', Array)
#6 /home/oskonlin/public_html/allci/payjob/system/View/View.php(213): include('/home/oskonlin/...')
#7 /home/oskonlin/public_html/allci/payjob/system/View/View.php(216): CodeIgniter\View\View->CodeIgniter\View\{closure}()
#8 /home/oskonlin/public_html/allci/payjob/system/Common.php(1142): CodeIgniter\View\View->render('index', Array, true)
#9 /home/oskonlin/public_html/allci/payjob/app/Controllers/Home.php(25): view('index', Array)
#10 /home/oskonlin/public_html/allci/payjob/system/CodeIgniter.php(907): App\Controllers\Home->index()
#11 /home/oskonlin/public_html/allci/payjob/system/CodeIgniter.php(457): CodeIgniter\CodeIgniter->runController(Object(App\Controllers\Home))
#12 /home/oskonlin/public_html/allci/payjob/system/CodeIgniter.php(340): CodeIgniter\CodeIgniter->handleRequest(NULL, Object(Config\Cache), false)
#13 /home/oskonlin/public_html/allci/payjob/index.php(67): CodeIgniter\CodeIgniter->run()
#14 {main}
CRITICAL - 2023-12-11 05:47:06 --> Call to a member function getResult() on bool
in APPPATH/Models/CommonModel.php on line 46.
 1 APPPATH/Views/index.php(66): App\Models\CommonModel->allFetch('company', [...])
 2 SYSTEMPATH/View/View.php(213): include('APPPATH/Views/index.php')
 3 SYSTEMPATH/View/View.php(216): CodeIgniter\View\View->CodeIgniter\View\{closure}()
 4 SYSTEMPATH/Common.php(1142): CodeIgniter\View\View->render('index', [], true)
 5 APPPATH/Controllers/Home.php(25): view('index', [...])
 6 SYSTEMPATH/CodeIgniter.php(907): App\Controllers\Home->index()
 7 SYSTEMPATH/CodeIgniter.php(457): CodeIgniter\CodeIgniter->runController(Object(App\Controllers\Home))
 8 SYSTEMPATH/CodeIgniter.php(340): CodeIgniter\CodeIgniter->handleRequest(null, Object(Config\Cache), false)
 9 FCPATH/index.php(67): CodeIgniter\CodeIgniter->run()
ERROR - 2023-12-11 05:51:49 --> mysqli_sql_exception: Unknown column 'company_id' in 'where clause' in /home/oskonlin/public_html/allci/payjob/system/Database/MySQLi/Connection.php:292
Stack trace:
#0 /home/oskonlin/public_html/allci/payjob/system/Database/MySQLi/Connection.php(292): mysqli->query('SELECT *\nFROM `...', 0)
#1 /home/oskonlin/public_html/allci/payjob/system/Database/BaseConnection.php(693): CodeIgniter\Database\MySQLi\Connection->execute('SELECT *\nFROM `...')
#2 /home/oskonlin/public_html/allci/payjob/system/Database/BaseConnection.php(620): CodeIgniter\Database\BaseConnection->simpleQuery('SELECT *\nFROM `...')
#3 /home/oskonlin/public_html/allci/payjob/system/Database/BaseBuilder.php(1718): CodeIgniter\Database\BaseConnection->query('SELECT *\nFROM `...', Array, false)
#4 /home/oskonlin/public_html/allci/payjob/app/Models/CommonModel.php(46): CodeIgniter\Database\BaseBuilder->getWhere(Array, NULL, NULL)
#5 /home/oskonlin/public_html/allci/payjob/app/Views/index.php(66): App\Models\CommonModel->allFetch('companies', Array)
#6 /home/oskonlin/public_html/allci/payjob/system/View/View.php(213): include('/home/oskonlin/...')
#7 /home/oskonlin/public_html/allci/payjob/system/View/View.php(216): CodeIgniter\View\View->CodeIgniter\View\{closure}()
#8 /home/oskonlin/public_html/allci/payjob/system/Common.php(1142): CodeIgniter\View\View->render('index', Array, true)
#9 /home/oskonlin/public_html/allci/payjob/app/Controllers/Home.php(25): view('index', Array)
#10 /home/oskonlin/public_html/allci/payjob/system/CodeIgniter.php(907): App\Controllers\Home->index()
#11 /home/oskonlin/public_html/allci/payjob/system/CodeIgniter.php(457): CodeIgniter\CodeIgniter->runController(Object(App\Controllers\Home))
#12 /home/oskonlin/public_html/allci/payjob/system/CodeIgniter.php(340): CodeIgniter\CodeIgniter->handleRequest(NULL, Object(Config\Cache), false)
#13 /home/oskonlin/public_html/allci/payjob/index.php(67): CodeIgniter\CodeIgniter->run()
#14 {main}
CRITICAL - 2023-12-11 05:51:49 --> Call to a member function getResult() on bool
in APPPATH/Models/CommonModel.php on line 46.
 1 APPPATH/Views/index.php(66): App\Models\CommonModel->allFetch('companies', [...])
 2 SYSTEMPATH/View/View.php(213): include('APPPATH/Views/index.php')
 3 SYSTEMPATH/View/View.php(216): CodeIgniter\View\View->CodeIgniter\View\{closure}()
 4 SYSTEMPATH/Common.php(1142): CodeIgniter\View\View->render('index', [], true)
 5 APPPATH/Controllers/Home.php(25): view('index', [...])
 6 SYSTEMPATH/CodeIgniter.php(907): App\Controllers\Home->index()
 7 SYSTEMPATH/CodeIgniter.php(457): CodeIgniter\CodeIgniter->runController(Object(App\Controllers\Home))
 8 SYSTEMPATH/CodeIgniter.php(340): CodeIgniter\CodeIgniter->handleRequest(null, Object(Config\Cache), false)
 9 FCPATH/index.php(67): CodeIgniter\CodeIgniter->run()
ERROR - 2023-12-11 05:51:58 --> mysqli_sql_exception: Unknown column 'company_id' in 'where clause' in /home/oskonlin/public_html/allci/payjob/system/Database/MySQLi/Connection.php:292
Stack trace:
#0 /home/oskonlin/public_html/allci/payjob/system/Database/MySQLi/Connection.php(292): mysqli->query('SELECT *\nFROM `...', 0)
#1 /home/oskonlin/public_html/allci/payjob/system/Database/BaseConnection.php(693): CodeIgniter\Database\MySQLi\Connection->execute('SELECT *\nFROM `...')
#2 /home/oskonlin/public_html/allci/payjob/system/Database/BaseConnection.php(620): CodeIgniter\Database\BaseConnection->simpleQuery('SELECT *\nFROM `...')
#3 /home/oskonlin/public_html/allci/payjob/system/Database/BaseBuilder.php(1718): CodeIgniter\Database\BaseConnection->query('SELECT *\nFROM `...', Array, false)
#4 /home/oskonlin/public_html/allci/payjob/app/Models/CommonModel.php(46): CodeIgniter\Database\BaseBuilder->getWhere(Array, NULL, NULL)
#5 /home/oskonlin/public_html/allci/payjob/app/Views/index.php(66): App\Models\CommonModel->allFetch('companies', Array)
#6 /home/oskonlin/public_html/allci/payjob/system/View/View.php(213): include('/home/oskonlin/...')
#7 /home/oskonlin/public_html/allci/payjob/system/View/View.php(216): CodeIgniter\View\View->CodeIgniter\View\{closure}()
#8 /home/oskonlin/public_html/allci/payjob/system/Common.php(1142): CodeIgniter\View\View->render('index', Array, true)
#9 /home/oskonlin/public_html/allci/payjob/app/Controllers/Home.php(25): view('index', Array)
#10 /home/oskonlin/public_html/allci/payjob/system/CodeIgniter.php(907): App\Controllers\Home->index()
#11 /home/oskonlin/public_html/allci/payjob/system/CodeIgniter.php(457): CodeIgniter\CodeIgniter->runController(Object(App\Controllers\Home))
#12 /home/oskonlin/public_html/allci/payjob/system/CodeIgniter.php(340): CodeIgniter\CodeIgniter->handleRequest(NULL, Object(Config\Cache), false)
#13 /home/oskonlin/public_html/allci/payjob/index.php(67): CodeIgniter\CodeIgniter->run()
#14 {main}
CRITICAL - 2023-12-11 05:51:58 --> Call to a member function getResult() on bool
in APPPATH/Models/CommonModel.php on line 46.
 1 APPPATH/Views/index.php(66): App\Models\CommonModel->allFetch('companies', [...])
 2 SYSTEMPATH/View/View.php(213): include('APPPATH/Views/index.php')
 3 SYSTEMPATH/View/View.php(216): CodeIgniter\View\View->CodeIgniter\View\{closure}()
 4 SYSTEMPATH/Common.php(1142): CodeIgniter\View\View->render('index', [], true)
 5 APPPATH/Controllers/Home.php(25): view('index', [...])
 6 SYSTEMPATH/CodeIgniter.php(907): App\Controllers\Home->index()
 7 SYSTEMPATH/CodeIgniter.php(457): CodeIgniter\CodeIgniter->runController(Object(App\Controllers\Home))
 8 SYSTEMPATH/CodeIgniter.php(340): CodeIgniter\CodeIgniter->handleRequest(null, Object(Config\Cache), false)
 9 FCPATH/index.php(67): CodeIgniter\CodeIgniter->run()
ERROR - 2023-12-11 05:52:36 --> mysqli_sql_exception: Unknown column 'company_id' in 'where clause' in /home/oskonlin/public_html/allci/payjob/system/Database/MySQLi/Connection.php:292
Stack trace:
#0 /home/oskonlin/public_html/allci/payjob/system/Database/MySQLi/Connection.php(292): mysqli->query('SELECT *\nFROM `...', 0)
#1 /home/oskonlin/public_html/allci/payjob/system/Database/BaseConnection.php(693): CodeIgniter\Database\MySQLi\Connection->execute('SELECT *\nFROM `...')
#2 /home/oskonlin/public_html/allci/payjob/system/Database/BaseConnection.php(620): CodeIgniter\Database\BaseConnection->simpleQuery('SELECT *\nFROM `...')
#3 /home/oskonlin/public_html/allci/payjob/system/Database/BaseBuilder.php(1718): CodeIgniter\Database\BaseConnection->query('SELECT *\nFROM `...', Array, false)
#4 /home/oskonlin/public_html/allci/payjob/app/Models/CommonModel.php(46): CodeIgniter\Database\BaseBuilder->getWhere(Array, NULL, NULL)
#5 /home/oskonlin/public_html/allci/payjob/app/Views/index.php(66): App\Models\CommonModel->allFetch('companies', Array)
#6 /home/oskonlin/public_html/allci/payjob/system/View/View.php(213): include('/home/oskonlin/...')
#7 /home/oskonlin/public_html/allci/payjob/system/View/View.php(216): CodeIgniter\View\View->CodeIgniter\View\{closure}()
#8 /home/oskonlin/public_html/allci/payjob/system/Common.php(1142): CodeIgniter\View\View->render('index', Array, true)
#9 /home/oskonlin/public_html/allci/payjob/app/Controllers/Home.php(25): view('index', Array)
#10 /home/oskonlin/public_html/allci/payjob/system/CodeIgniter.php(907): App\Controllers\Home->index()
#11 /home/oskonlin/public_html/allci/payjob/system/CodeIgniter.php(457): CodeIgniter\CodeIgniter->runController(Object(App\Controllers\Home))
#12 /home/oskonlin/public_html/allci/payjob/system/CodeIgniter.php(340): CodeIgniter\CodeIgniter->handleRequest(NULL, Object(Config\Cache), false)
#13 /home/oskonlin/public_html/allci/payjob/index.php(67): CodeIgniter\CodeIgniter->run()
#14 {main}
CRITICAL - 2023-12-11 05:52:36 --> Call to a member function getResult() on bool
in APPPATH/Models/CommonModel.php on line 46.
 1 APPPATH/Views/index.php(66): App\Models\CommonModel->allFetch('companies', [...])
 2 SYSTEMPATH/View/View.php(213): include('APPPATH/Views/index.php')
 3 SYSTEMPATH/View/View.php(216): CodeIgniter\View\View->CodeIgniter\View\{closure}()
 4 SYSTEMPATH/Common.php(1142): CodeIgniter\View\View->render('index', [], true)
 5 APPPATH/Controllers/Home.php(25): view('index', [...])
 6 SYSTEMPATH/CodeIgniter.php(907): App\Controllers\Home->index()
 7 SYSTEMPATH/CodeIgniter.php(457): CodeIgniter\CodeIgniter->runController(Object(App\Controllers\Home))
 8 SYSTEMPATH/CodeIgniter.php(340): CodeIgniter\CodeIgniter->handleRequest(null, Object(Config\Cache), false)
 9 FCPATH/index.php(67): CodeIgniter\CodeIgniter->run()
ERROR - 2023-12-11 05:52:59 --> mysqli_sql_exception: Unknown column 'company_id' in 'where clause' in /home/oskonlin/public_html/allci/payjob/system/Database/MySQLi/Connection.php:292
Stack trace:
#0 /home/oskonlin/public_html/allci/payjob/system/Database/MySQLi/Connection.php(292): mysqli->query('SELECT *\nFROM `...', 0)
#1 /home/oskonlin/public_html/allci/payjob/system/Database/BaseConnection.php(693): CodeIgniter\Database\MySQLi\Connection->execute('SELECT *\nFROM `...')
#2 /home/oskonlin/public_html/allci/payjob/system/Database/BaseConnection.php(620): CodeIgniter\Database\BaseConnection->simpleQuery('SELECT *\nFROM `...')
#3 /home/oskonlin/public_html/allci/payjob/system/Database/BaseBuilder.php(1718): CodeIgniter\Database\BaseConnection->query('SELECT *\nFROM `...', Array, false)
#4 /home/oskonlin/public_html/allci/payjob/app/Models/CommonModel.php(46): CodeIgniter\Database\BaseBuilder->getWhere(Array, NULL, NULL)
#5 /home/oskonlin/public_html/allci/payjob/app/Views/index.php(66): App\Models\CommonModel->allFetch('companies', Array)
#6 /home/oskonlin/public_html/allci/payjob/system/View/View.php(213): include('/home/oskonlin/...')
#7 /home/oskonlin/public_html/allci/payjob/system/View/View.php(216): CodeIgniter\View\View->CodeIgniter\View\{closure}()
#8 /home/oskonlin/public_html/allci/payjob/system/Common.php(1142): CodeIgniter\View\View->render('index', Array, true)
#9 /home/oskonlin/public_html/allci/payjob/app/Controllers/Home.php(25): view('index', Array)
#10 /home/oskonlin/public_html/allci/payjob/system/CodeIgniter.php(907): App\Controllers\Home->index()
#11 /home/oskonlin/public_html/allci/payjob/system/CodeIgniter.php(457): CodeIgniter\CodeIgniter->runController(Object(App\Controllers\Home))
#12 /home/oskonlin/public_html/allci/payjob/system/CodeIgniter.php(340): CodeIgniter\CodeIgniter->handleRequest(NULL, Object(Config\Cache), false)
#13 /home/oskonlin/public_html/allci/payjob/index.php(67): CodeIgniter\CodeIgniter->run()
#14 {main}
CRITICAL - 2023-12-11 05:52:59 --> Call to a member function getResult() on bool
in APPPATH/Models/CommonModel.php on line 46.
 1 APPPATH/Views/index.php(66): App\Models\CommonModel->allFetch('companies', [...])
 2 SYSTEMPATH/View/View.php(213): include('APPPATH/Views/index.php')
 3 SYSTEMPATH/View/View.php(216): CodeIgniter\View\View->CodeIgniter\View\{closure}()
 4 SYSTEMPATH/Common.php(1142): CodeIgniter\View\View->render('index', [], true)
 5 APPPATH/Controllers/Home.php(25): view('index', [...])
 6 SYSTEMPATH/CodeIgniter.php(907): App\Controllers\Home->index()
 7 SYSTEMPATH/CodeIgniter.php(457): CodeIgniter\CodeIgniter->runController(Object(App\Controllers\Home))
 8 SYSTEMPATH/CodeIgniter.php(340): CodeIgniter\CodeIgniter->handleRequest(null, Object(Config\Cache), false)
 9 FCPATH/index.php(67): CodeIgniter\CodeIgniter->run()
ERROR - 2023-12-11 05:53:00 --> mysqli_sql_exception: Unknown column 'company_id' in 'where clause' in /home/oskonlin/public_html/allci/payjob/system/Database/MySQLi/Connection.php:292
Stack trace:
#0 /home/oskonlin/public_html/allci/payjob/system/Database/MySQLi/Connection.php(292): mysqli->query('SELECT *\nFROM `...', 0)
#1 /home/oskonlin/public_html/allci/payjob/system/Database/BaseConnection.php(693): CodeIgniter\Database\MySQLi\Connection->execute('SELECT *\nFROM `...')
#2 /home/oskonlin/public_html/allci/payjob/system/Database/BaseConnection.php(620): CodeIgniter\Database\BaseConnection->simpleQuery('SELECT *\nFROM `...')
#3 /home/oskonlin/public_html/allci/payjob/system/Database/BaseBuilder.php(1718): CodeIgniter\Database\BaseConnection->query('SELECT *\nFROM `...', Array, false)
#4 /home/oskonlin/public_html/allci/payjob/app/Models/CommonModel.php(46): CodeIgniter\Database\BaseBuilder->getWhere(Array, NULL, NULL)
#5 /home/oskonlin/public_html/allci/payjob/app/Views/index.php(66): App\Models\CommonModel->allFetch('companies', Array)
#6 /home/oskonlin/public_html/allci/payjob/system/View/View.php(213): include('/home/oskonlin/...')
#7 /home/oskonlin/public_html/allci/payjob/system/View/View.php(216): CodeIgniter\View\View->CodeIgniter\View\{closure}()
#8 /home/oskonlin/public_html/allci/payjob/system/Common.php(1142): CodeIgniter\View\View->render('index', Array, true)
#9 /home/oskonlin/public_html/allci/payjob/app/Controllers/Home.php(25): view('index', Array)
#10 /home/oskonlin/public_html/allci/payjob/system/CodeIgniter.php(907): App\Controllers\Home->index()
#11 /home/oskonlin/public_html/allci/payjob/system/CodeIgniter.php(457): CodeIgniter\CodeIgniter->runController(Object(App\Controllers\Home))
#12 /home/oskonlin/public_html/allci/payjob/system/CodeIgniter.php(340): CodeIgniter\CodeIgniter->handleRequest(NULL, Object(Config\Cache), false)
#13 /home/oskonlin/public_html/allci/payjob/index.php(67): CodeIgniter\CodeIgniter->run()
#14 {main}
CRITICAL - 2023-12-11 05:53:00 --> Call to a member function getResult() on bool
in APPPATH/Models/CommonModel.php on line 46.
 1 APPPATH/Views/index.php(66): App\Models\CommonModel->allFetch('companies', [...])
 2 SYSTEMPATH/View/View.php(213): include('APPPATH/Views/index.php')
 3 SYSTEMPATH/View/View.php(216): CodeIgniter\View\View->CodeIgniter\View\{closure}()
 4 SYSTEMPATH/Common.php(1142): CodeIgniter\View\View->render('index', [], true)
 5 APPPATH/Controllers/Home.php(25): view('index', [...])
 6 SYSTEMPATH/CodeIgniter.php(907): App\Controllers\Home->index()
 7 SYSTEMPATH/CodeIgniter.php(457): CodeIgniter\CodeIgniter->runController(Object(App\Controllers\Home))
 8 SYSTEMPATH/CodeIgniter.php(340): CodeIgniter\CodeIgniter->handleRequest(null, Object(Config\Cache), false)
 9 FCPATH/index.php(67): CodeIgniter\CodeIgniter->run()
ERROR - 2023-12-11 05:53:44 --> mysqli_sql_exception: Unknown column 'company_id' in 'where clause' in /home/oskonlin/public_html/allci/payjob/system/Database/MySQLi/Connection.php:292
Stack trace:
#0 /home/oskonlin/public_html/allci/payjob/system/Database/MySQLi/Connection.php(292): mysqli->query('SELECT *\nFROM `...', 0)
#1 /home/oskonlin/public_html/allci/payjob/system/Database/BaseConnection.php(693): CodeIgniter\Database\MySQLi\Connection->execute('SELECT *\nFROM `...')
#2 /home/oskonlin/public_html/allci/payjob/system/Database/BaseConnection.php(620): CodeIgniter\Database\BaseConnection->simpleQuery('SELECT *\nFROM `...')
#3 /home/oskonlin/public_html/allci/payjob/system/Database/BaseBuilder.php(1718): CodeIgniter\Database\BaseConnection->query('SELECT *\nFROM `...', Array, false)
#4 /home/oskonlin/public_html/allci/payjob/app/Models/CommonModel.php(46): CodeIgniter\Database\BaseBuilder->getWhere(Array, NULL, NULL)
#5 /home/oskonlin/public_html/allci/payjob/app/Views/index.php(66): App\Models\CommonModel->allFetch('companies', Array)
#6 /home/oskonlin/public_html/allci/payjob/system/View/View.php(213): include('/home/oskonlin/...')
#7 /home/oskonlin/public_html/allci/payjob/system/View/View.php(216): CodeIgniter\View\View->CodeIgniter\View\{closure}()
#8 /home/oskonlin/public_html/allci/payjob/system/Common.php(1142): CodeIgniter\View\View->render('index', Array, true)
#9 /home/oskonlin/public_html/allci/payjob/app/Controllers/Home.php(25): view('index', Array)
#10 /home/oskonlin/public_html/allci/payjob/system/CodeIgniter.php(907): App\Controllers\Home->index()
#11 /home/oskonlin/public_html/allci/payjob/system/CodeIgniter.php(457): CodeIgniter\CodeIgniter->runController(Object(App\Controllers\Home))
#12 /home/oskonlin/public_html/allci/payjob/system/CodeIgniter.php(340): CodeIgniter\CodeIgniter->handleRequest(NULL, Object(Config\Cache), false)
#13 /home/oskonlin/public_html/allci/payjob/index.php(67): CodeIgniter\CodeIgniter->run()
#14 {main}
CRITICAL - 2023-12-11 05:53:44 --> Call to a member function getResult() on bool
in APPPATH/Models/CommonModel.php on line 46.
 1 APPPATH/Views/index.php(66): App\Models\CommonModel->allFetch('companies', [...])
 2 SYSTEMPATH/View/View.php(213): include('APPPATH/Views/index.php')
 3 SYSTEMPATH/View/View.php(216): CodeIgniter\View\View->CodeIgniter\View\{closure}()
 4 SYSTEMPATH/Common.php(1142): CodeIgniter\View\View->render('index', [], true)
 5 APPPATH/Controllers/Home.php(25): view('index', [...])
 6 SYSTEMPATH/CodeIgniter.php(907): App\Controllers\Home->index()
 7 SYSTEMPATH/CodeIgniter.php(457): CodeIgniter\CodeIgniter->runController(Object(App\Controllers\Home))
 8 SYSTEMPATH/CodeIgniter.php(340): CodeIgniter\CodeIgniter->handleRequest(null, Object(Config\Cache), false)
 9 FCPATH/index.php(67): CodeIgniter\CodeIgniter->run()
ERROR - 2023-12-11 05:54:03 --> mysqli_sql_exception: Unknown column 'company_id' in 'where clause' in /home/oskonlin/public_html/allci/payjob/system/Database/MySQLi/Connection.php:292
Stack trace:
#0 /home/oskonlin/public_html/allci/payjob/system/Database/MySQLi/Connection.php(292): mysqli->query('SELECT *\nFROM `...', 0)
#1 /home/oskonlin/public_html/allci/payjob/system/Database/BaseConnection.php(693): CodeIgniter\Database\MySQLi\Connection->execute('SELECT *\nFROM `...')
#2 /home/oskonlin/public_html/allci/payjob/system/Database/BaseConnection.php(620): CodeIgniter\Database\BaseConnection->simpleQuery('SELECT *\nFROM `...')
#3 /home/oskonlin/public_html/allci/payjob/system/Database/BaseBuilder.php(1718): CodeIgniter\Database\BaseConnection->query('SELECT *\nFROM `...', Array, false)
#4 /home/oskonlin/public_html/allci/payjob/app/Models/CommonModel.php(34): CodeIgniter\Database\BaseBuilder->getWhere(Array)
#5 /home/oskonlin/public_html/allci/payjob/app/Views/index.php(66): App\Models\CommonModel->fs('companies', Array)
#6 /home/oskonlin/public_html/allci/payjob/system/View/View.php(213): include('/home/oskonlin/...')
#7 /home/oskonlin/public_html/allci/payjob/system/View/View.php(216): CodeIgniter\View\View->CodeIgniter\View\{closure}()
#8 /home/oskonlin/public_html/allci/payjob/system/Common.php(1142): CodeIgniter\View\View->render('index', Array, true)
#9 /home/oskonlin/public_html/allci/payjob/app/Controllers/Home.php(25): view('index', Array)
#10 /home/oskonlin/public_html/allci/payjob/system/CodeIgniter.php(907): App\Controllers\Home->index()
#11 /home/oskonlin/public_html/allci/payjob/system/CodeIgniter.php(457): CodeIgniter\CodeIgniter->runController(Object(App\Controllers\Home))
#12 /home/oskonlin/public_html/allci/payjob/system/CodeIgniter.php(340): CodeIgniter\CodeIgniter->handleRequest(NULL, Object(Config\Cache), false)
#13 /home/oskonlin/public_html/allci/payjob/index.php(67): CodeIgniter\CodeIgniter->run()
#14 {main}
CRITICAL - 2023-12-11 05:54:03 --> Call to a member function getrow() on bool
in APPPATH/Models/CommonModel.php on line 34.
 1 APPPATH/Views/index.php(66): App\Models\CommonModel->fs('companies', [...])
 2 SYSTEMPATH/View/View.php(213): include('APPPATH/Views/index.php')
 3 SYSTEMPATH/View/View.php(216): CodeIgniter\View\View->CodeIgniter\View\{closure}()
 4 SYSTEMPATH/Common.php(1142): CodeIgniter\View\View->render('index', [], true)
 5 APPPATH/Controllers/Home.php(25): view('index', [...])
 6 SYSTEMPATH/CodeIgniter.php(907): App\Controllers\Home->index()
 7 SYSTEMPATH/CodeIgniter.php(457): CodeIgniter\CodeIgniter->runController(Object(App\Controllers\Home))
 8 SYSTEMPATH/CodeIgniter.php(340): CodeIgniter\CodeIgniter->handleRequest(null, Object(Config\Cache), false)
 9 FCPATH/index.php(67): CodeIgniter\CodeIgniter->run()
ERROR - 2023-12-11 05:54:13 --> mysqli_sql_exception: Unknown column 'company_id' in 'where clause' in /home/oskonlin/public_html/allci/payjob/system/Database/MySQLi/Connection.php:292
Stack trace:
#0 /home/oskonlin/public_html/allci/payjob/system/Database/MySQLi/Connection.php(292): mysqli->query('SELECT *\nFROM `...', 0)
#1 /home/oskonlin/public_html/allci/payjob/system/Database/BaseConnection.php(693): CodeIgniter\Database\MySQLi\Connection->execute('SELECT *\nFROM `...')
#2 /home/oskonlin/public_html/allci/payjob/system/Database/BaseConnection.php(620): CodeIgniter\Database\BaseConnection->simpleQuery('SELECT *\nFROM `...')
#3 /home/oskonlin/public_html/allci/payjob/system/Database/BaseBuilder.php(1718): CodeIgniter\Database\BaseConnection->query('SELECT *\nFROM `...', Array, false)
#4 /home/oskonlin/public_html/allci/payjob/app/Models/CommonModel.php(51): CodeIgniter\Database\BaseBuilder->getWhere(Array, NULL, NULL)
#5 /home/oskonlin/public_html/allci/payjob/app/Views/index.php(66): App\Models\CommonModel->allFetchd('companies', Array)
#6 /home/oskonlin/public_html/allci/payjob/system/View/View.php(213): include('/home/oskonlin/...')
#7 /home/oskonlin/public_html/allci/payjob/system/View/View.php(216): CodeIgniter\View\View->CodeIgniter\View\{closure}()
#8 /home/oskonlin/public_html/allci/payjob/system/Common.php(1142): CodeIgniter\View\View->render('index', Array, true)
#9 /home/oskonlin/public_html/allci/payjob/app/Controllers/Home.php(25): view('index', Array)
#10 /home/oskonlin/public_html/allci/payjob/system/CodeIgniter.php(907): App\Controllers\Home->index()
#11 /home/oskonlin/public_html/allci/payjob/system/CodeIgniter.php(457): CodeIgniter\CodeIgniter->runController(Object(App\Controllers\Home))
#12 /home/oskonlin/public_html/allci/payjob/system/CodeIgniter.php(340): CodeIgniter\CodeIgniter->handleRequest(NULL, Object(Config\Cache), false)
#13 /home/oskonlin/public_html/allci/payjob/index.php(67): CodeIgniter\CodeIgniter->run()
#14 {main}
CRITICAL - 2023-12-11 05:54:13 --> Call to a member function getResult() on bool
in APPPATH/Models/CommonModel.php on line 51.
 1 APPPATH/Views/index.php(66): App\Models\CommonModel->allFetchd('companies', [...])
 2 SYSTEMPATH/View/View.php(213): include('APPPATH/Views/index.php')
 3 SYSTEMPATH/View/View.php(216): CodeIgniter\View\View->CodeIgniter\View\{closure}()
 4 SYSTEMPATH/Common.php(1142): CodeIgniter\View\View->render('index', [], true)
 5 APPPATH/Controllers/Home.php(25): view('index', [...])
 6 SYSTEMPATH/CodeIgniter.php(907): App\Controllers\Home->index()
 7 SYSTEMPATH/CodeIgniter.php(457): CodeIgniter\CodeIgniter->runController(Object(App\Controllers\Home))
 8 SYSTEMPATH/CodeIgniter.php(340): CodeIgniter\CodeIgniter->handleRequest(null, Object(Config\Cache), false)
 9 FCPATH/index.php(67): CodeIgniter\CodeIgniter->run()
ERROR - 2023-12-11 05:54:15 --> mysqli_sql_exception: Unknown column 'company_id' in 'where clause' in /home/oskonlin/public_html/allci/payjob/system/Database/MySQLi/Connection.php:292
Stack trace:
#0 /home/oskonlin/public_html/allci/payjob/system/Database/MySQLi/Connection.php(292): mysqli->query('SELECT *\nFROM `...', 0)
#1 /home/oskonlin/public_html/allci/payjob/system/Database/BaseConnection.php(693): CodeIgniter\Database\MySQLi\Connection->execute('SELECT *\nFROM `...')
#2 /home/oskonlin/public_html/allci/payjob/system/Database/BaseConnection.php(620): CodeIgniter\Database\BaseConnection->simpleQuery('SELECT *\nFROM `...')
#3 /home/oskonlin/public_html/allci/payjob/system/Database/BaseBuilder.php(1718): CodeIgniter\Database\BaseConnection->query('SELECT *\nFROM `...', Array, false)
#4 /home/oskonlin/public_html/allci/payjob/app/Models/CommonModel.php(51): CodeIgniter\Database\BaseBuilder->getWhere(Array, NULL, NULL)
#5 /home/oskonlin/public_html/allci/payjob/app/Views/index.php(66): App\Models\CommonModel->allFetchd('companies', Array)
#6 /home/oskonlin/public_html/allci/payjob/system/View/View.php(213): include('/home/oskonlin/...')
#7 /home/oskonlin/public_html/allci/payjob/system/View/View.php(216): CodeIgniter\View\View->CodeIgniter\View\{closure}()
#8 /home/oskonlin/public_html/allci/payjob/system/Common.php(1142): CodeIgniter\View\View->render('index', Array, true)
#9 /home/oskonlin/public_html/allci/payjob/app/Controllers/Home.php(25): view('index', Array)
#10 /home/oskonlin/public_html/allci/payjob/system/CodeIgniter.php(907): App\Controllers\Home->index()
#11 /home/oskonlin/public_html/allci/payjob/system/CodeIgniter.php(457): CodeIgniter\CodeIgniter->runController(Object(App\Controllers\Home))
#12 /home/oskonlin/public_html/allci/payjob/system/CodeIgniter.php(340): CodeIgniter\CodeIgniter->handleRequest(NULL, Object(Config\Cache), false)
#13 /home/oskonlin/public_html/allci/payjob/index.php(67): CodeIgniter\CodeIgniter->run()
#14 {main}
CRITICAL - 2023-12-11 05:54:15 --> Call to a member function getResult() on bool
in APPPATH/Models/CommonModel.php on line 51.
 1 APPPATH/Views/index.php(66): App\Models\CommonModel->allFetchd('companies', [...])
 2 SYSTEMPATH/View/View.php(213): include('APPPATH/Views/index.php')
 3 SYSTEMPATH/View/View.php(216): CodeIgniter\View\View->CodeIgniter\View\{closure}()
 4 SYSTEMPATH/Common.php(1142): CodeIgniter\View\View->render('index', [], true)
 5 APPPATH/Controllers/Home.php(25): view('index', [...])
 6 SYSTEMPATH/CodeIgniter.php(907): App\Controllers\Home->index()
 7 SYSTEMPATH/CodeIgniter.php(457): CodeIgniter\CodeIgniter->runController(Object(App\Controllers\Home))
 8 SYSTEMPATH/CodeIgniter.php(340): CodeIgniter\CodeIgniter->handleRequest(null, Object(Config\Cache), false)
 9 FCPATH/index.php(67): CodeIgniter\CodeIgniter->run()
ERROR - 2023-12-11 05:54:52 --> mysqli_sql_exception: Unknown column 'company_id' in 'where clause' in /home/oskonlin/public_html/allci/payjob/system/Database/MySQLi/Connection.php:292
Stack trace:
#0 /home/oskonlin/public_html/allci/payjob/system/Database/MySQLi/Connection.php(292): mysqli->query('SELECT *\nFROM `...', 0)
#1 /home/oskonlin/public_html/allci/payjob/system/Database/BaseConnection.php(693): CodeIgniter\Database\MySQLi\Connection->execute('SELECT *\nFROM `...')
#2 /home/oskonlin/public_html/allci/payjob/system/Database/BaseConnection.php(620): CodeIgniter\Database\BaseConnection->simpleQuery('SELECT *\nFROM `...')
#3 /home/oskonlin/public_html/allci/payjob/system/Database/BaseBuilder.php(1718): CodeIgniter\Database\BaseConnection->query('SELECT *\nFROM `...', Array, false)
#4 /home/oskonlin/public_html/allci/payjob/app/Models/CommonModel.php(51): CodeIgniter\Database\BaseBuilder->getWhere(Array, NULL, NULL)
#5 /home/oskonlin/public_html/allci/payjob/app/Views/index.php(66): App\Models\CommonModel->allFetchd('companies', Array)
#6 /home/oskonlin/public_html/allci/payjob/system/View/View.php(213): include('/home/oskonlin/...')
#7 /home/oskonlin/public_html/allci/payjob/system/View/View.php(216): CodeIgniter\View\View->CodeIgniter\View\{closure}()
#8 /home/oskonlin/public_html/allci/payjob/system/Common.php(1142): CodeIgniter\View\View->render('index', Array, true)
#9 /home/oskonlin/public_html/allci/payjob/app/Controllers/Home.php(25): view('index', Array)
#10 /home/oskonlin/public_html/allci/payjob/system/CodeIgniter.php(907): App\Controllers\Home->index()
#11 /home/oskonlin/public_html/allci/payjob/system/CodeIgniter.php(457): CodeIgniter\CodeIgniter->runController(Object(App\Controllers\Home))
#12 /home/oskonlin/public_html/allci/payjob/system/CodeIgniter.php(340): CodeIgniter\CodeIgniter->handleRequest(NULL, Object(Config\Cache), false)
#13 /home/oskonlin/public_html/allci/payjob/index.php(67): CodeIgniter\CodeIgniter->run()
#14 {main}
CRITICAL - 2023-12-11 05:54:52 --> Call to a member function getResult() on bool
in APPPATH/Models/CommonModel.php on line 51.
 1 APPPATH/Views/index.php(66): App\Models\CommonModel->allFetchd('companies', [...])
 2 SYSTEMPATH/View/View.php(213): include('APPPATH/Views/index.php')
 3 SYSTEMPATH/View/View.php(216): CodeIgniter\View\View->CodeIgniter\View\{closure}()
 4 SYSTEMPATH/Common.php(1142): CodeIgniter\View\View->render('index', [], true)
 5 APPPATH/Controllers/Home.php(25): view('index', [...])
 6 SYSTEMPATH/CodeIgniter.php(907): App\Controllers\Home->index()
 7 SYSTEMPATH/CodeIgniter.php(457): CodeIgniter\CodeIgniter->runController(Object(App\Controllers\Home))
 8 SYSTEMPATH/CodeIgniter.php(340): CodeIgniter\CodeIgniter->handleRequest(null, Object(Config\Cache), false)
 9 FCPATH/index.php(67): CodeIgniter\CodeIgniter->run()
ERROR - 2023-12-11 05:55:45 --> mysqli_sql_exception: Unknown column 'company_id' in 'where clause' in /home/oskonlin/public_html/allci/payjob/system/Database/MySQLi/Connection.php:292
Stack trace:
#0 /home/oskonlin/public_html/allci/payjob/system/Database/MySQLi/Connection.php(292): mysqli->query('SELECT *\nFROM `...', 0)
#1 /home/oskonlin/public_html/allci/payjob/system/Database/BaseConnection.php(693): CodeIgniter\Database\MySQLi\Connection->execute('SELECT *\nFROM `...')
#2 /home/oskonlin/public_html/allci/payjob/system/Database/BaseConnection.php(620): CodeIgniter\Database\BaseConnection->simpleQuery('SELECT *\nFROM `...')
#3 /home/oskonlin/public_html/allci/payjob/system/Database/BaseBuilder.php(1718): CodeIgniter\Database\BaseConnection->query('SELECT *\nFROM `...', Array, false)
#4 /home/oskonlin/public_html/allci/payjob/app/Models/CommonModel.php(34): CodeIgniter\Database\BaseBuilder->getWhere(Array)
#5 /home/oskonlin/public_html/allci/payjob/app/Views/index.php(67): App\Models\CommonModel->fs('companies', Array)
#6 /home/oskonlin/public_html/allci/payjob/system/View/View.php(213): include('/home/oskonlin/...')
#7 /home/oskonlin/public_html/allci/payjob/system/View/View.php(216): CodeIgniter\View\View->CodeIgniter\View\{closure}()
#8 /home/oskonlin/public_html/allci/payjob/system/Common.php(1142): CodeIgniter\View\View->render('index', Array, true)
#9 /home/oskonlin/public_html/allci/payjob/app/Controllers/Home.php(25): view('index', Array)
#10 /home/oskonlin/public_html/allci/payjob/system/CodeIgniter.php(907): App\Controllers\Home->index()
#11 /home/oskonlin/public_html/allci/payjob/system/CodeIgniter.php(457): CodeIgniter\CodeIgniter->runController(Object(App\Controllers\Home))
#12 /home/oskonlin/public_html/allci/payjob/system/CodeIgniter.php(340): CodeIgniter\CodeIgniter->handleRequest(NULL, Object(Config\Cache), false)
#13 /home/oskonlin/public_html/allci/payjob/index.php(67): CodeIgniter\CodeIgniter->run()
#14 {main}
CRITICAL - 2023-12-11 05:55:45 --> Call to a member function getrow() on bool
in APPPATH/Models/CommonModel.php on line 34.
 1 APPPATH/Views/index.php(67): App\Models\CommonModel->fs('companies', [...])
 2 SYSTEMPATH/View/View.php(213): include('APPPATH/Views/index.php')
 3 SYSTEMPATH/View/View.php(216): CodeIgniter\View\View->CodeIgniter\View\{closure}()
 4 SYSTEMPATH/Common.php(1142): CodeIgniter\View\View->render('index', [], true)
 5 APPPATH/Controllers/Home.php(25): view('index', [...])
 6 SYSTEMPATH/CodeIgniter.php(907): App\Controllers\Home->index()
 7 SYSTEMPATH/CodeIgniter.php(457): CodeIgniter\CodeIgniter->runController(Object(App\Controllers\Home))
 8 SYSTEMPATH/CodeIgniter.php(340): CodeIgniter\CodeIgniter->handleRequest(null, Object(Config\Cache), false)
 9 FCPATH/index.php(67): CodeIgniter\CodeIgniter->run()
ERROR - 2023-12-11 23:48:00 --> mysqli_sql_exception: Unknown column 'userid' in 'field list' in /home/oskonlin/public_html/allci/payjob/system/Database/MySQLi/Connection.php:292
Stack trace:
#0 /home/oskonlin/public_html/allci/payjob/system/Database/MySQLi/Connection.php(292): mysqli->query('INSERT INTO `jo...', 0)
#1 /home/oskonlin/public_html/allci/payjob/system/Database/BaseConnection.php(693): CodeIgniter\Database\MySQLi\Connection->execute('INSERT INTO `jo...')
#2 /home/oskonlin/public_html/allci/payjob/system/Database/BaseConnection.php(620): CodeIgniter\Database\BaseConnection->simpleQuery('INSERT INTO `jo...')
#3 /home/oskonlin/public_html/allci/payjob/system/Database/BaseBuilder.php(1916): CodeIgniter\Database\BaseConnection->query('INSERT INTO `jo...', Array, false)
#4 /home/oskonlin/public_html/allci/payjob/app/Models/CommonModel.php(13): CodeIgniter\Database\BaseBuilder->insert(Array)
#5 /home/oskonlin/public_html/allci/payjob/app/Controllers/Home.php(78): App\Models\CommonModel->insertData('job_applicants', Array)
#6 /home/oskonlin/public_html/allci/payjob/system/CodeIgniter.php(907): App\Controllers\Home->applyjob()
#7 /home/oskonlin/public_html/allci/payjob/system/CodeIgniter.php(457): CodeIgniter\CodeIgniter->runController(Object(App\Controllers\Home))
#8 /home/oskonlin/public_html/allci/payjob/system/CodeIgniter.php(340): CodeIgniter\CodeIgniter->handleRequest(NULL, Object(Config\Cache), false)
#9 /home/oskonlin/public_html/allci/payjob/index.php(67): CodeIgniter\CodeIgniter->run()
#10 {main}
ERROR - 2023-12-11 23:48:49 --> mysqli_sql_exception: Unknown column 'userid' in 'field list' in /home/oskonlin/public_html/allci/payjob/system/Database/MySQLi/Connection.php:292
Stack trace:
#0 /home/oskonlin/public_html/allci/payjob/system/Database/MySQLi/Connection.php(292): mysqli->query('INSERT INTO `jo...', 0)
#1 /home/oskonlin/public_html/allci/payjob/system/Database/BaseConnection.php(693): CodeIgniter\Database\MySQLi\Connection->execute('INSERT INTO `jo...')
#2 /home/oskonlin/public_html/allci/payjob/system/Database/BaseConnection.php(620): CodeIgniter\Database\BaseConnection->simpleQuery('INSERT INTO `jo...')
#3 /home/oskonlin/public_html/allci/payjob/system/Database/BaseBuilder.php(1916): CodeIgniter\Database\BaseConnection->query('INSERT INTO `jo...', Array, false)
#4 /home/oskonlin/public_html/allci/payjob/app/Models/CommonModel.php(13): CodeIgniter\Database\BaseBuilder->insert(Array)
#5 /home/oskonlin/public_html/allci/payjob/app/Controllers/Home.php(78): App\Models\CommonModel->insertData('job_applicants', Array)
#6 /home/oskonlin/public_html/allci/payjob/system/CodeIgniter.php(907): App\Controllers\Home->applyjob()
#7 /home/oskonlin/public_html/allci/payjob/system/CodeIgniter.php(457): CodeIgniter\CodeIgniter->runController(Object(App\Controllers\Home))
#8 /home/oskonlin/public_html/allci/payjob/system/CodeIgniter.php(340): CodeIgniter\CodeIgniter->handleRequest(NULL, Object(Config\Cache), false)
#9 /home/oskonlin/public_html/allci/payjob/index.php(67): CodeIgniter\CodeIgniter->run()
#10 {main}
ERROR - 2023-12-11 23:49:22 --> mysqli_sql_exception: Unknown column 'userid' in 'field list' in /home/oskonlin/public_html/allci/payjob/system/Database/MySQLi/Connection.php:292
Stack trace:
#0 /home/oskonlin/public_html/allci/payjob/system/Database/MySQLi/Connection.php(292): mysqli->query('INSERT INTO `jo...', 0)
#1 /home/oskonlin/public_html/allci/payjob/system/Database/BaseConnection.php(693): CodeIgniter\Database\MySQLi\Connection->execute('INSERT INTO `jo...')
#2 /home/oskonlin/public_html/allci/payjob/system/Database/BaseConnection.php(620): CodeIgniter\Database\BaseConnection->simpleQuery('INSERT INTO `jo...')
#3 /home/oskonlin/public_html/allci/payjob/system/Database/BaseBuilder.php(1916): CodeIgniter\Database\BaseConnection->query('INSERT INTO `jo...', Array, false)
#4 /home/oskonlin/public_html/allci/payjob/app/Models/CommonModel.php(13): CodeIgniter\Database\BaseBuilder->insert(Array)
#5 /home/oskonlin/public_html/allci/payjob/app/Controllers/Home.php(78): App\Models\CommonModel->insertData('job_applicants', Array)
#6 /home/oskonlin/public_html/allci/payjob/system/CodeIgniter.php(907): App\Controllers\Home->applyjob()
#7 /home/oskonlin/public_html/allci/payjob/system/CodeIgniter.php(457): CodeIgniter\CodeIgniter->runController(Object(App\Controllers\Home))
#8 /home/oskonlin/public_html/allci/payjob/system/CodeIgniter.php(340): CodeIgniter\CodeIgniter->handleRequest(NULL, Object(Config\Cache), false)
#9 /home/oskonlin/public_html/allci/payjob/index.php(67): CodeIgniter\CodeIgniter->run()
#10 {main}
ERROR - 2023-12-11 23:51:44 --> mysqli_sql_exception: Unknown column 'userid' in 'field list' in /home/oskonlin/public_html/allci/payjob/system/Database/MySQLi/Connection.php:292
Stack trace:
#0 /home/oskonlin/public_html/allci/payjob/system/Database/MySQLi/Connection.php(292): mysqli->query('INSERT INTO `jo...', 0)
#1 /home/oskonlin/public_html/allci/payjob/system/Database/BaseConnection.php(693): CodeIgniter\Database\MySQLi\Connection->execute('INSERT INTO `jo...')
#2 /home/oskonlin/public_html/allci/payjob/system/Database/BaseConnection.php(620): CodeIgniter\Database\BaseConnection->simpleQuery('INSERT INTO `jo...')
#3 /home/oskonlin/public_html/allci/payjob/system/Database/BaseBuilder.php(1916): CodeIgniter\Database\BaseConnection->query('INSERT INTO `jo...', Array, false)
#4 /home/oskonlin/public_html/allci/payjob/app/Models/CommonModel.php(13): CodeIgniter\Database\BaseBuilder->insert(Array)
#5 /home/oskonlin/public_html/allci/payjob/app/Controllers/Home.php(78): App\Models\CommonModel->insertData('job_applicants', Array)
#6 /home/oskonlin/public_html/allci/payjob/system/CodeIgniter.php(907): App\Controllers\Home->applyjob()
#7 /home/oskonlin/public_html/allci/payjob/system/CodeIgniter.php(457): CodeIgniter\CodeIgniter->runController(Object(App\Controllers\Home))
#8 /home/oskonlin/public_html/allci/payjob/system/CodeIgniter.php(340): CodeIgniter\CodeIgniter->handleRequest(NULL, Object(Config\Cache), false)
#9 /home/oskonlin/public_html/allci/payjob/index.php(67): CodeIgniter\CodeIgniter->run()
#10 {main}
ERROR - 2023-12-11 23:56:50 --> mysqli_sql_exception: Unknown column 'userid' in 'field list' in /home/oskonlin/public_html/allci/payjob/system/Database/MySQLi/Connection.php:292
Stack trace:
#0 /home/oskonlin/public_html/allci/payjob/system/Database/MySQLi/Connection.php(292): mysqli->query('INSERT INTO `jo...', 0)
#1 /home/oskonlin/public_html/allci/payjob/system/Database/BaseConnection.php(693): CodeIgniter\Database\MySQLi\Connection->execute('INSERT INTO `jo...')
#2 /home/oskonlin/public_html/allci/payjob/system/Database/BaseConnection.php(620): CodeIgniter\Database\BaseConnection->simpleQuery('INSERT INTO `jo...')
#3 /home/oskonlin/public_html/allci/payjob/system/Database/BaseBuilder.php(1916): CodeIgniter\Database\BaseConnection->query('INSERT INTO `jo...', Array, false)
#4 /home/oskonlin/public_html/allci/payjob/app/Models/CommonModel.php(13): CodeIgniter\Database\BaseBuilder->insert(Array)
#5 /home/oskonlin/public_html/allci/payjob/app/Controllers/Home.php(78): App\Models\CommonModel->insertData('job_applicants', Array)
#6 /home/oskonlin/public_html/allci/payjob/system/CodeIgniter.php(907): App\Controllers\Home->applyjob()
#7 /home/oskonlin/public_html/allci/payjob/system/CodeIgniter.php(457): CodeIgniter\CodeIgniter->runController(Object(App\Controllers\Home))
#8 /home/oskonlin/public_html/allci/payjob/system/CodeIgniter.php(340): CodeIgniter\CodeIgniter->handleRequest(NULL, Object(Config\Cache), false)
#9 /home/oskonlin/public_html/allci/payjob/index.php(67): CodeIgniter\CodeIgniter->run()
#10 {main}
ERROR - 2023-12-11 23:58:45 --> mysqli_sql_exception: Unknown column 'userid' in 'field list' in /home/oskonlin/public_html/allci/payjob/system/Database/MySQLi/Connection.php:292
Stack trace:
#0 /home/oskonlin/public_html/allci/payjob/system/Database/MySQLi/Connection.php(292): mysqli->query('INSERT INTO `jo...', 0)
#1 /home/oskonlin/public_html/allci/payjob/system/Database/BaseConnection.php(693): CodeIgniter\Database\MySQLi\Connection->execute('INSERT INTO `jo...')
#2 /home/oskonlin/public_html/allci/payjob/system/Database/BaseConnection.php(620): CodeIgniter\Database\BaseConnection->simpleQuery('INSERT INTO `jo...')
#3 /home/oskonlin/public_html/allci/payjob/system/Database/BaseBuilder.php(1916): CodeIgniter\Database\BaseConnection->query('INSERT INTO `jo...', Array, false)
#4 /home/oskonlin/public_html/allci/payjob/app/Models/CommonModel.php(13): CodeIgniter\Database\BaseBuilder->insert(Array)
#5 /home/oskonlin/public_html/allci/payjob/app/Controllers/Home.php(78): App\Models\CommonModel->insertData('job_applicants', Array)
#6 /home/oskonlin/public_html/allci/payjob/system/CodeIgniter.php(907): App\Controllers\Home->applyjob()
#7 /home/oskonlin/public_html/allci/payjob/system/CodeIgniter.php(457): CodeIgniter\CodeIgniter->runController(Object(App\Controllers\Home))
#8 /home/oskonlin/public_html/allci/payjob/system/CodeIgniter.php(340): CodeIgniter\CodeIgniter->handleRequest(NULL, Object(Config\Cache), false)
#9 /home/oskonlin/public_html/allci/payjob/index.php(67): CodeIgniter\CodeIgniter->run()
#10 {main}
ERROR - 2023-12-11 23:59:38 --> mysqli_sql_exception: Unknown column 'userid' in 'field list' in /home/oskonlin/public_html/allci/payjob/system/Database/MySQLi/Connection.php:292
Stack trace:
#0 /home/oskonlin/public_html/allci/payjob/system/Database/MySQLi/Connection.php(292): mysqli->query('INSERT INTO `jo...', 0)
#1 /home/oskonlin/public_html/allci/payjob/system/Database/BaseConnection.php(693): CodeIgniter\Database\MySQLi\Connection->execute('INSERT INTO `jo...')
#2 /home/oskonlin/public_html/allci/payjob/system/Database/BaseConnection.php(620): CodeIgniter\Database\BaseConnection->simpleQuery('INSERT INTO `jo...')
#3 /home/oskonlin/public_html/allci/payjob/system/Database/BaseBuilder.php(1916): CodeIgniter\Database\BaseConnection->query('INSERT INTO `jo...', Array, false)
#4 /home/oskonlin/public_html/allci/payjob/app/Models/CommonModel.php(13): CodeIgniter\Database\BaseBuilder->insert(Array)
#5 /home/oskonlin/public_html/allci/payjob/app/Controllers/Home.php(78): App\Models\CommonModel->insertData('job_applicants', Array)
#6 /home/oskonlin/public_html/allci/payjob/system/CodeIgniter.php(907): App\Controllers\Home->applyjob()
#7 /home/oskonlin/public_html/allci/payjob/system/CodeIgniter.php(457): CodeIgniter\CodeIgniter->runController(Object(App\Controllers\Home))
#8 /home/oskonlin/public_html/allci/payjob/system/CodeIgniter.php(340): CodeIgniter\CodeIgniter->handleRequest(NULL, Object(Config\Cache), false)
#9 /home/oskonlin/public_html/allci/payjob/index.php(67): CodeIgniter\CodeIgniter->run()
#10 {main}
CRITICAL - 2023-12-11 23:59:38 --> Argument 2 passed to CodeIgniter\HTTP\RedirectResponse::to() must be of the type int or null, string given, called in /home/oskonlin/public_html/allci/payjob/app/Controllers/Home.php on line 89
in SYSTEMPATH/HTTP/RedirectResponse.php on line 32.
 1 APPPATH/Controllers/Home.php(89): CodeIgniter\HTTP\RedirectResponse->to('job/', 'test')
 2 SYSTEMPATH/CodeIgniter.php(907): App\Controllers\Home->applyjob()
 3 SYSTEMPATH/CodeIgniter.php(457): CodeIgniter\CodeIgniter->runController(Object(App\Controllers\Home))
 4 SYSTEMPATH/CodeIgniter.php(340): CodeIgniter\CodeIgniter->handleRequest(null, Object(Config\Cache), false)
 5 FCPATH/index.php(67): CodeIgniter\CodeIgniter->run()
