ERROR - 2023-12-12 00:00:42 --> mysqli_sql_exception: Unknown column 'userid' in 'field list' in /home/oskonlin/public_html/allci/payjob/system/Database/MySQLi/Connection.php:292
Stack trace:
#0 /home/oskonlin/public_html/allci/payjob/system/Database/MySQLi/Connection.php(292): mysqli->query('INSERT INTO `jo...', 0)
#1 /home/oskonlin/public_html/allci/payjob/system/Database/BaseConnection.php(693): CodeIgniter\Database\MySQLi\Connection->execute('INSERT INTO `jo...')
#2 /home/oskonlin/public_html/allci/payjob/system/Database/BaseConnection.php(620): CodeIgniter\Database\BaseConnection->simpleQuery('INSERT INTO `jo...')
#3 /home/oskonlin/public_html/allci/payjob/system/Database/BaseBuilder.php(1916): CodeIgniter\Database\BaseConnection->query('INSERT INTO `jo...', Array, false)
#4 /home/oskonlin/public_html/allci/payjob/app/Models/CommonModel.php(13): CodeIgniter\Database\BaseBuilder->insert(Array)
#5 /home/oskonlin/public_html/allci/payjob/app/Controllers/Home.php(78): App\Models\CommonModel->insertData('job_applicants', Array)
#6 /home/oskonlin/public_html/allci/payjob/system/CodeIgniter.php(907): App\Controllers\Home->applyjob()
#7 /home/oskonlin/public_html/allci/payjob/system/CodeIgniter.php(457): CodeIgniter\CodeIgniter->runController(Object(App\Controllers\Home))
#8 /home/oskonlin/public_html/allci/payjob/system/CodeIgniter.php(340): CodeIgniter\CodeIgniter->handleRequest(NULL, Object(Config\Cache), false)
#9 /home/oskonlin/public_html/allci/payjob/index.php(67): CodeIgniter\CodeIgniter->run()
#10 {main}
ERROR - 2023-12-12 00:00:44 --> mysqli_sql_exception: Unknown column 'userid' in 'field list' in /home/oskonlin/public_html/allci/payjob/system/Database/MySQLi/Connection.php:292
Stack trace:
#0 /home/oskonlin/public_html/allci/payjob/system/Database/MySQLi/Connection.php(292): mysqli->query('INSERT INTO `jo...', 0)
#1 /home/oskonlin/public_html/allci/payjob/system/Database/BaseConnection.php(693): CodeIgniter\Database\MySQLi\Connection->execute('INSERT INTO `jo...')
#2 /home/oskonlin/public_html/allci/payjob/system/Database/BaseConnection.php(620): CodeIgniter\Database\BaseConnection->simpleQuery('INSERT INTO `jo...')
#3 /home/oskonlin/public_html/allci/payjob/system/Database/BaseBuilder.php(1916): CodeIgniter\Database\BaseConnection->query('INSERT INTO `jo...', Array, false)
#4 /home/oskonlin/public_html/allci/payjob/app/Models/CommonModel.php(13): CodeIgniter\Database\BaseBuilder->insert(Array)
#5 /home/oskonlin/public_html/allci/payjob/app/Controllers/Home.php(78): App\Models\CommonModel->insertData('job_applicants', Array)
#6 /home/oskonlin/public_html/allci/payjob/system/CodeIgniter.php(907): App\Controllers\Home->applyjob()
#7 /home/oskonlin/public_html/allci/payjob/system/CodeIgniter.php(457): CodeIgniter\CodeIgniter->runController(Object(App\Controllers\Home))
#8 /home/oskonlin/public_html/allci/payjob/system/CodeIgniter.php(340): CodeIgniter\CodeIgniter->handleRequest(NULL, Object(Config\Cache), false)
#9 /home/oskonlin/public_html/allci/payjob/index.php(67): CodeIgniter\CodeIgniter->run()
#10 {main}
CRITICAL - 2023-12-12 02:00:28 --> Invalid argument supplied for foreach()
in APPPATH/Views/candidate/applied-job.php on line 45.
 1 APPPATH/Views/candidate/applied-job.php(45): CodeIgniter\Debug\Exceptions->errorHandler(2, 'Invalid argument supplied for foreach()', 'APPPATH/Views/candidate/applied-job.php', 45, [...])
 2 SYSTEMPATH/View/View.php(213): include('APPPATH/Views/candidate/applied-job.php')
 3 SYSTEMPATH/View/View.php(216): CodeIgniter\View\View->CodeIgniter\View\{closure}()
 4 SYSTEMPATH/Common.php(1142): CodeIgniter\View\View->render('candidate/applied-job', [], true)
 5 APPPATH/Controllers/Candidate.php(50): view('candidate/applied-job', [...])
 6 SYSTEMPATH/CodeIgniter.php(907): App\Controllers\Candidate->appliedJob()
 7 SYSTEMPATH/CodeIgniter.php(457): CodeIgniter\CodeIgniter->runController(Object(App\Controllers\Candidate))
 8 SYSTEMPATH/CodeIgniter.php(340): CodeIgniter\CodeIgniter->handleRequest(null, Object(Config\Cache), false)
 9 FCPATH/index.php(67): CodeIgniter\CodeIgniter->run()
CRITICAL - 2023-12-12 02:45:48 --> Invalid argument supplied for foreach()
in APPPATH/Views/superadmin/all-applied-jobs.php on line 72.
 1 APPPATH/Views/superadmin/all-applied-jobs.php(72): CodeIgniter\Debug\Exceptions->errorHandler(2, 'Invalid argument supplied for foreach()', 'APPPATH/Views/superadmin/all-applied-jobs.php', 72, [...])
 2 SYSTEMPATH/View/View.php(213): include('APPPATH/Views/superadmin/all-applied-jobs.php')
 3 SYSTEMPATH/View/View.php(216): CodeIgniter\View\View->CodeIgniter\View\{closure}()
 4 SYSTEMPATH/Common.php(1142): CodeIgniter\View\View->render('superadmin/all-applied-jobs', [], true)
 5 APPPATH/Controllers/SuperAdminController.php(2351): view('superadmin/all-applied-jobs', [...])
 6 SYSTEMPATH/CodeIgniter.php(907): App\Controllers\SuperAdminController->appliedjobslist()
 7 SYSTEMPATH/CodeIgniter.php(457): CodeIgniter\CodeIgniter->runController(Object(App\Controllers\SuperAdminController))
 8 SYSTEMPATH/CodeIgniter.php(340): CodeIgniter\CodeIgniter->handleRequest(null, Object(Config\Cache), false)
 9 FCPATH/index.php(67): CodeIgniter\CodeIgniter->run()
CRITICAL - 2023-12-12 02:49:35 --> Call to a member function fs() on null
in APPPATH/Views/superadmin/all-applied-jobs.php on line 79.
 1 SYSTEMPATH/View/View.php(213): include()
 2 SYSTEMPATH/View/View.php(216): CodeIgniter\View\View->CodeIgniter\View\{closure}()
 3 SYSTEMPATH/Common.php(1142): CodeIgniter\View\View->render('superadmin/all-applied-jobs', [], true)
 4 APPPATH/Controllers/SuperAdminController.php(2351): view('superadmin/all-applied-jobs', [...])
 5 SYSTEMPATH/CodeIgniter.php(907): App\Controllers\SuperAdminController->appliedjobslist()
 6 SYSTEMPATH/CodeIgniter.php(457): CodeIgniter\CodeIgniter->runController(Object(App\Controllers\SuperAdminController))
 7 SYSTEMPATH/CodeIgniter.php(340): CodeIgniter\CodeIgniter->handleRequest(null, Object(Config\Cache), false)
 8 FCPATH/index.php(67): CodeIgniter\CodeIgniter->run()
CRITICAL - 2023-12-12 02:56:51 --> Call to a member function fs() on null
in APPPATH/Views/superadmin/all-applied-jobs.php on line 79.
 1 SYSTEMPATH/View/View.php(213): include()
 2 SYSTEMPATH/View/View.php(216): CodeIgniter\View\View->CodeIgniter\View\{closure}()
 3 SYSTEMPATH/Common.php(1142): CodeIgniter\View\View->render('superadmin/all-applied-jobs', [], true)
 4 APPPATH/Controllers/SuperAdminController.php(2351): view('superadmin/all-applied-jobs', [...])
 5 SYSTEMPATH/CodeIgniter.php(907): App\Controllers\SuperAdminController->appliedjobslist()
 6 SYSTEMPATH/CodeIgniter.php(457): CodeIgniter\CodeIgniter->runController(Object(App\Controllers\SuperAdminController))
 7 SYSTEMPATH/CodeIgniter.php(340): CodeIgniter\CodeIgniter->handleRequest(null, Object(Config\Cache), false)
 8 FCPATH/index.php(67): CodeIgniter\CodeIgniter->run()
CRITICAL - 2023-12-12 03:18:31 --> Invalid argument supplied for foreach()
in APPPATH/Views/superadmin/view-job-list.php on line 84.
 1 APPPATH/Views/superadmin/view-job-list.php(84): CodeIgniter\Debug\Exceptions->errorHandler(2, 'Invalid argument supplied for foreach()', 'APPPATH/Views/superadmin/view-job-list.php', 84, [...])
 2 SYSTEMPATH/View/View.php(213): include('APPPATH/Views/superadmin/view-job-list.php')
 3 SYSTEMPATH/View/View.php(216): CodeIgniter\View\View->CodeIgniter\View\{closure}()
 4 SYSTEMPATH/Common.php(1142): CodeIgniter\View\View->render('superadmin/view-job-list', [], true)
 5 APPPATH/Controllers/SuperAdminController.php(2358): view('superadmin/view-job-list', [...])
 6 SYSTEMPATH/CodeIgniter.php(907): App\Controllers\SuperAdminController->viewjoblist('7')
 7 SYSTEMPATH/CodeIgniter.php(457): CodeIgniter\CodeIgniter->runController(Object(App\Controllers\SuperAdminController))
 8 SYSTEMPATH/CodeIgniter.php(340): CodeIgniter\CodeIgniter->handleRequest(null, Object(Config\Cache), false)
 9 FCPATH/index.php(67): CodeIgniter\CodeIgniter->run()
CRITICAL - 2023-12-12 03:18:51 --> Invalid argument supplied for foreach()
in APPPATH/Views/superadmin/view-job-list.php on line 84.
 1 APPPATH/Views/superadmin/view-job-list.php(84): CodeIgniter\Debug\Exceptions->errorHandler(2, 'Invalid argument supplied for foreach()', 'APPPATH/Views/superadmin/view-job-list.php', 84, [...])
 2 SYSTEMPATH/View/View.php(213): include('APPPATH/Views/superadmin/view-job-list.php')
 3 SYSTEMPATH/View/View.php(216): CodeIgniter\View\View->CodeIgniter\View\{closure}()
 4 SYSTEMPATH/Common.php(1142): CodeIgniter\View\View->render('superadmin/view-job-list', [], true)
 5 APPPATH/Controllers/SuperAdminController.php(2358): view('superadmin/view-job-list', [...])
 6 SYSTEMPATH/CodeIgniter.php(907): App\Controllers\SuperAdminController->viewjoblist('7')
 7 SYSTEMPATH/CodeIgniter.php(457): CodeIgniter\CodeIgniter->runController(Object(App\Controllers\SuperAdminController))
 8 SYSTEMPATH/CodeIgniter.php(340): CodeIgniter\CodeIgniter->handleRequest(null, Object(Config\Cache), false)
 9 FCPATH/index.php(67): CodeIgniter\CodeIgniter->run()
CRITICAL - 2023-12-12 03:18:53 --> Invalid argument supplied for foreach()
in APPPATH/Views/superadmin/view-job-list.php on line 84.
 1 APPPATH/Views/superadmin/view-job-list.php(84): CodeIgniter\Debug\Exceptions->errorHandler(2, 'Invalid argument supplied for foreach()', 'APPPATH/Views/superadmin/view-job-list.php', 84, [...])
 2 SYSTEMPATH/View/View.php(213): include('APPPATH/Views/superadmin/view-job-list.php')
 3 SYSTEMPATH/View/View.php(216): CodeIgniter\View\View->CodeIgniter\View\{closure}()
 4 SYSTEMPATH/Common.php(1142): CodeIgniter\View\View->render('superadmin/view-job-list', [], true)
 5 APPPATH/Controllers/SuperAdminController.php(2358): view('superadmin/view-job-list', [...])
 6 SYSTEMPATH/CodeIgniter.php(907): App\Controllers\SuperAdminController->viewjoblist('7')
 7 SYSTEMPATH/CodeIgniter.php(457): CodeIgniter\CodeIgniter->runController(Object(App\Controllers\SuperAdminController))
 8 SYSTEMPATH/CodeIgniter.php(340): CodeIgniter\CodeIgniter->handleRequest(null, Object(Config\Cache), false)
 9 FCPATH/index.php(67): CodeIgniter\CodeIgniter->run()
CRITICAL - 2023-12-12 03:20:25 --> Invalid argument supplied for foreach()
in APPPATH/Views/superadmin/view-job-list.php on line 84.
 1 APPPATH/Views/superadmin/view-job-list.php(84): CodeIgniter\Debug\Exceptions->errorHandler(2, 'Invalid argument supplied for foreach()', 'APPPATH/Views/superadmin/view-job-list.php', 84, [...])
 2 SYSTEMPATH/View/View.php(213): include('APPPATH/Views/superadmin/view-job-list.php')
 3 SYSTEMPATH/View/View.php(216): CodeIgniter\View\View->CodeIgniter\View\{closure}()
 4 SYSTEMPATH/Common.php(1142): CodeIgniter\View\View->render('superadmin/view-job-list', [], true)
 5 APPPATH/Controllers/SuperAdminController.php(2358): view('superadmin/view-job-list', [...])
 6 SYSTEMPATH/CodeIgniter.php(907): App\Controllers\SuperAdminController->viewjoblist('7')
 7 SYSTEMPATH/CodeIgniter.php(457): CodeIgniter\CodeIgniter->runController(Object(App\Controllers\SuperAdminController))
 8 SYSTEMPATH/CodeIgniter.php(340): CodeIgniter\CodeIgniter->handleRequest(null, Object(Config\Cache), false)
 9 FCPATH/index.php(67): CodeIgniter\CodeIgniter->run()
CRITICAL - 2023-12-12 03:20:30 --> Invalid argument supplied for foreach()
in APPPATH/Views/superadmin/view-job-list.php on line 84.
 1 APPPATH/Views/superadmin/view-job-list.php(84): CodeIgniter\Debug\Exceptions->errorHandler(2, 'Invalid argument supplied for foreach()', 'APPPATH/Views/superadmin/view-job-list.php', 84, [...])
 2 SYSTEMPATH/View/View.php(213): include('APPPATH/Views/superadmin/view-job-list.php')
 3 SYSTEMPATH/View/View.php(216): CodeIgniter\View\View->CodeIgniter\View\{closure}()
 4 SYSTEMPATH/Common.php(1142): CodeIgniter\View\View->render('superadmin/view-job-list', [], true)
 5 APPPATH/Controllers/SuperAdminController.php(2358): view('superadmin/view-job-list', [...])
 6 SYSTEMPATH/CodeIgniter.php(907): App\Controllers\SuperAdminController->viewjoblist('7')
 7 SYSTEMPATH/CodeIgniter.php(457): CodeIgniter\CodeIgniter->runController(Object(App\Controllers\SuperAdminController))
 8 SYSTEMPATH/CodeIgniter.php(340): CodeIgniter\CodeIgniter->handleRequest(null, Object(Config\Cache), false)
 9 FCPATH/index.php(67): CodeIgniter\CodeIgniter->run()
CRITICAL - 2023-12-12 03:21:06 --> Invalid argument supplied for foreach()
in APPPATH/Views/superadmin/view-job-list.php on line 84.
 1 APPPATH/Views/superadmin/view-job-list.php(84): CodeIgniter\Debug\Exceptions->errorHandler(2, 'Invalid argument supplied for foreach()', 'APPPATH/Views/superadmin/view-job-list.php', 84, [...])
 2 SYSTEMPATH/View/View.php(213): include('APPPATH/Views/superadmin/view-job-list.php')
 3 SYSTEMPATH/View/View.php(216): CodeIgniter\View\View->CodeIgniter\View\{closure}()
 4 SYSTEMPATH/Common.php(1142): CodeIgniter\View\View->render('superadmin/view-job-list', [], true)
 5 APPPATH/Controllers/SuperAdminController.php(2358): view('superadmin/view-job-list', [...])
 6 SYSTEMPATH/CodeIgniter.php(907): App\Controllers\SuperAdminController->viewjoblist('7')
 7 SYSTEMPATH/CodeIgniter.php(457): CodeIgniter\CodeIgniter->runController(Object(App\Controllers\SuperAdminController))
 8 SYSTEMPATH/CodeIgniter.php(340): CodeIgniter\CodeIgniter->handleRequest(null, Object(Config\Cache), false)
 9 FCPATH/index.php(67): CodeIgniter\CodeIgniter->run()
CRITICAL - 2023-12-12 03:21:08 --> Invalid argument supplied for foreach()
in APPPATH/Views/superadmin/view-job-list.php on line 84.
 1 APPPATH/Views/superadmin/view-job-list.php(84): CodeIgniter\Debug\Exceptions->errorHandler(2, 'Invalid argument supplied for foreach()', 'APPPATH/Views/superadmin/view-job-list.php', 84, [...])
 2 SYSTEMPATH/View/View.php(213): include('APPPATH/Views/superadmin/view-job-list.php')
 3 SYSTEMPATH/View/View.php(216): CodeIgniter\View\View->CodeIgniter\View\{closure}()
 4 SYSTEMPATH/Common.php(1142): CodeIgniter\View\View->render('superadmin/view-job-list', [], true)
 5 APPPATH/Controllers/SuperAdminController.php(2358): view('superadmin/view-job-list', [...])
 6 SYSTEMPATH/CodeIgniter.php(907): App\Controllers\SuperAdminController->viewjoblist('7')
 7 SYSTEMPATH/CodeIgniter.php(457): CodeIgniter\CodeIgniter->runController(Object(App\Controllers\SuperAdminController))
 8 SYSTEMPATH/CodeIgniter.php(340): CodeIgniter\CodeIgniter->handleRequest(null, Object(Config\Cache), false)
 9 FCPATH/index.php(67): CodeIgniter\CodeIgniter->run()
CRITICAL - 2023-12-12 03:21:30 --> Invalid argument supplied for foreach()
in APPPATH/Views/superadmin/view-job-list.php on line 84.
 1 APPPATH/Views/superadmin/view-job-list.php(84): CodeIgniter\Debug\Exceptions->errorHandler(2, 'Invalid argument supplied for foreach()', 'APPPATH/Views/superadmin/view-job-list.php', 84, [...])
 2 SYSTEMPATH/View/View.php(213): include('APPPATH/Views/superadmin/view-job-list.php')
 3 SYSTEMPATH/View/View.php(216): CodeIgniter\View\View->CodeIgniter\View\{closure}()
 4 SYSTEMPATH/Common.php(1142): CodeIgniter\View\View->render('superadmin/view-job-list', [], true)
 5 APPPATH/Controllers/SuperAdminController.php(2358): view('superadmin/view-job-list', [...])
 6 SYSTEMPATH/CodeIgniter.php(907): App\Controllers\SuperAdminController->viewjoblist('7')
 7 SYSTEMPATH/CodeIgniter.php(457): CodeIgniter\CodeIgniter->runController(Object(App\Controllers\SuperAdminController))
 8 SYSTEMPATH/CodeIgniter.php(340): CodeIgniter\CodeIgniter->handleRequest(null, Object(Config\Cache), false)
 9 FCPATH/index.php(67): CodeIgniter\CodeIgniter->run()
ERROR - 2023-12-12 03:37:49 --> mysqli_sql_exception: Unknown column 'resume' in 'field list' in /home/oskonlin/public_html/allci/payjob/system/Database/MySQLi/Connection.php:292
Stack trace:
#0 /home/oskonlin/public_html/allci/payjob/system/Database/MySQLi/Connection.php(292): mysqli->query('UPDATE `users` ...', 0)
#1 /home/oskonlin/public_html/allci/payjob/system/Database/BaseConnection.php(693): CodeIgniter\Database\MySQLi\Connection->execute('UPDATE `users` ...')
#2 /home/oskonlin/public_html/allci/payjob/system/Database/BaseConnection.php(620): CodeIgniter\Database\BaseConnection->simpleQuery('UPDATE `users` ...')
#3 /home/oskonlin/public_html/allci/payjob/system/Database/BaseBuilder.php(2079): CodeIgniter\Database\BaseConnection->query('UPDATE `users` ...', Array, false)
#4 /home/oskonlin/public_html/allci/payjob/app/Models/CommonModel.php(20): CodeIgniter\Database\BaseBuilder->update(Array, Array)
#5 /home/oskonlin/public_html/allci/payjob/app/Controllers/Candidate.php(125): App\Models\CommonModel->updateData('users', Array, Array)
#6 /home/oskonlin/public_html/allci/payjob/system/CodeIgniter.php(907): App\Controllers\Candidate->editProfileCandidateSubmit()
#7 /home/oskonlin/public_html/allci/payjob/system/CodeIgniter.php(457): CodeIgniter\CodeIgniter->runController(Object(App\Controllers\Candidate))
#8 /home/oskonlin/public_html/allci/payjob/system/CodeIgniter.php(340): CodeIgniter\CodeIgniter->handleRequest(NULL, Object(Config\Cache), false)
#9 /home/oskonlin/public_html/allci/payjob/index.php(67): CodeIgniter\CodeIgniter->run()
#10 {main}
ERROR - 2023-12-12 03:40:33 --> mysqli_sql_exception: Unknown column 'resume' in 'field list' in /home/oskonlin/public_html/allci/payjob/system/Database/MySQLi/Connection.php:292
Stack trace:
#0 /home/oskonlin/public_html/allci/payjob/system/Database/MySQLi/Connection.php(292): mysqli->query('UPDATE `users` ...', 0)
#1 /home/oskonlin/public_html/allci/payjob/system/Database/BaseConnection.php(693): CodeIgniter\Database\MySQLi\Connection->execute('UPDATE `users` ...')
#2 /home/oskonlin/public_html/allci/payjob/system/Database/BaseConnection.php(620): CodeIgniter\Database\BaseConnection->simpleQuery('UPDATE `users` ...')
#3 /home/oskonlin/public_html/allci/payjob/system/Database/BaseBuilder.php(2079): CodeIgniter\Database\BaseConnection->query('UPDATE `users` ...', Array, false)
#4 /home/oskonlin/public_html/allci/payjob/app/Models/CommonModel.php(20): CodeIgniter\Database\BaseBuilder->update(Array, Array)
#5 /home/oskonlin/public_html/allci/payjob/app/Controllers/Candidate.php(125): App\Models\CommonModel->updateData('users', Array, Array)
#6 /home/oskonlin/public_html/allci/payjob/system/CodeIgniter.php(907): App\Controllers\Candidate->editProfileCandidateSubmit()
#7 /home/oskonlin/public_html/allci/payjob/system/CodeIgniter.php(457): CodeIgniter\CodeIgniter->runController(Object(App\Controllers\Candidate))
#8 /home/oskonlin/public_html/allci/payjob/system/CodeIgniter.php(340): CodeIgniter\CodeIgniter->handleRequest(NULL, Object(Config\Cache), false)
#9 /home/oskonlin/public_html/allci/payjob/index.php(67): CodeIgniter\CodeIgniter->run()
#10 {main}
ERROR - 2023-12-12 04:19:13 --> Error connecting to the database: mysqli_sql_exception: Access denied for user 'oskonlin_payjobusr'@'localhost' (using password: YES) in /home/u612782763/domains/payjobindia.com/public_html/newPayjob/system/Database/MySQLi/Connection.php:171
Stack trace:
#0 /home/u612782763/domains/payjobindia.com/public_html/newPayjob/system/Database/MySQLi/Connection.php(171): mysqli->real_connect('localhost', 'oskonlin_payjob...', ';w!weILO&^W}', 'oskonlin_payjob...', 3306, '', 0)
#1 /home/u612782763/domains/payjobindia.com/public_html/newPayjob/system/Database/BaseConnection.php(382): CodeIgniter\Database\MySQLi\Connection->connect(false)
#2 /home/u612782763/domains/payjobindia.com/public_html/newPayjob/system/Database/BaseConnection.php(588): CodeIgniter\Database\BaseConnection->initialize()
#3 /home/u612782763/domains/payjobindia.com/public_html/newPayjob/system/Database/BaseBuilder.php(1718): CodeIgniter\Database\BaseConnection->query('SELECT *\nFROM `...', Array, false)
#4 /home/u612782763/domains/payjobindia.com/public_html/newPayjob/app/Models/CommonModel.php(51): CodeIgniter\Database\BaseBuilder->getWhere(Array, NULL, NULL)
#5 /home/u612782763/domains/payjobindia.com/public_html/newPayjob/app/Controllers/Home.php(23): App\Models\CommonModel->allFetchd('jobs_list', Array)
#6 /home/u612782763/domains/payjobindia.com/public_html/newPayjob/system/CodeIgniter.php(907): App\Controllers\Home->index()
#7 /home/u612782763/domains/payjobindia.com/public_html/newPayjob/system/CodeIgniter.php(457): CodeIgniter\CodeIgniter->runController(Object(App\Controllers\Home))
#8 /home/u612782763/domains/payjobindia.com/public_html/newPayjob/system/CodeIgniter.php(340): CodeIgniter\CodeIgniter->handleRequest(NULL, Object(Config\Cache), false)
#9 /home/u612782763/domains/payjobindia.com/public_html/newPayjob/index.php(67): CodeIgniter\CodeIgniter->run()
#10 {main}

Next CodeIgniter\Database\Exceptions\DatabaseException: Access denied for user '****'@'localhost' (using password: YES) in /home/u612782763/domains/payjobindia.com/public_html/newPayjob/system/Database/MySQLi/Connection.php:215
Stack trace:
#0 /home/u612782763/domains/payjobindia.com/public_html/newPayjob/system/Database/BaseConnection.php(382): CodeIgniter\Database\MySQLi\Connection->connect(false)
#1 /home/u612782763/domains/payjobindia.com/public_html/newPayjob/system/Database/BaseConnection.php(588): CodeIgniter\Database\BaseConnection->initialize()
#2 /home/u612782763/domains/payjobindia.com/public_html/newPayjob/system/Database/BaseBuilder.php(1718): CodeIgniter\Database\BaseConnection->query('SELECT *\nFROM `...', Array, false)
#3 /home/u612782763/domains/payjobindia.com/public_html/newPayjob/app/Models/CommonModel.php(51): CodeIgniter\Database\BaseBuilder->getWhere(Array, NULL, NULL)
#4 /home/u612782763/domains/payjobindia.com/public_html/newPayjob/app/Controllers/Home.php(23): App\Models\CommonModel->allFetchd('jobs_list', Array)
#5 /home/u612782763/domains/payjobindia.com/public_html/newPayjob/system/CodeIgniter.php(907): App\Controllers\Home->index()
#6 /home/u612782763/domains/payjobindia.com/public_html/newPayjob/system/CodeIgniter.php(457): CodeIgniter\CodeIgniter->runController(Object(App\Controllers\Home))
#7 /home/u612782763/domains/payjobindia.com/public_html/newPayjob/system/CodeIgniter.php(340): CodeIgniter\CodeIgniter->handleRequest(NULL, Object(Config\Cache), false)
#8 /home/u612782763/domains/payjobindia.com/public_html/newPayjob/index.php(67): CodeIgniter\CodeIgniter->run()
#9 {main}
CRITICAL - 2023-12-12 04:19:13 --> Unable to connect to the database.
Main connection [MySQLi]: Access denied for user '****'@'localhost' (using password: YES)
in SYSTEMPATH/Database/BaseConnection.php on line 418.
 1 SYSTEMPATH/Database/BaseConnection.php(588): CodeIgniter\Database\BaseConnection->initialize()
 2 SYSTEMPATH/Database/BaseBuilder.php(1718): CodeIgniter\Database\BaseConnection->query('SELECT *
FROM `jobs_list`
WHERE `is_active` = :is_active:
ORDER BY `id` DESC', [...], false)
 3 APPPATH/Models/CommonModel.php(51): CodeIgniter\Database\BaseBuilder->getWhere([...], null, null)
 4 APPPATH/Controllers/Home.php(23): App\Models\CommonModel->allFetchd('jobs_list', [...])
 5 SYSTEMPATH/CodeIgniter.php(907): App\Controllers\Home->index()
 6 SYSTEMPATH/CodeIgniter.php(457): CodeIgniter\CodeIgniter->runController(Object(App\Controllers\Home))
 7 SYSTEMPATH/CodeIgniter.php(340): CodeIgniter\CodeIgniter->handleRequest(null, Object(Config\Cache), false)
 8 FCPATH/index.php(67): CodeIgniter\CodeIgniter->run()
ERROR - 2023-12-12 04:22:10 --> mysqli_sql_exception: Table 'u612782763_newpayjobdb.jobs_list' doesn't exist in /home/u612782763/domains/payjobindia.com/public_html/newPayjob/system/Database/MySQLi/Connection.php:292
Stack trace:
#0 /home/u612782763/domains/payjobindia.com/public_html/newPayjob/system/Database/MySQLi/Connection.php(292): mysqli->query('SELECT *\nFROM `...', 0)
#1 /home/u612782763/domains/payjobindia.com/public_html/newPayjob/system/Database/BaseConnection.php(693): CodeIgniter\Database\MySQLi\Connection->execute('SELECT *\nFROM `...')
#2 /home/u612782763/domains/payjobindia.com/public_html/newPayjob/system/Database/BaseConnection.php(620): CodeIgniter\Database\BaseConnection->simpleQuery('SELECT *\nFROM `...')
#3 /home/u612782763/domains/payjobindia.com/public_html/newPayjob/system/Database/BaseBuilder.php(1718): CodeIgniter\Database\BaseConnection->query('SELECT *\nFROM `...', Array, false)
#4 /home/u612782763/domains/payjobindia.com/public_html/newPayjob/app/Models/CommonModel.php(51): CodeIgniter\Database\BaseBuilder->getWhere(Array, NULL, NULL)
#5 /home/u612782763/domains/payjobindia.com/public_html/newPayjob/app/Controllers/Home.php(23): App\Models\CommonModel->allFetchd('jobs_list', Array)
#6 /home/u612782763/domains/payjobindia.com/public_html/newPayjob/system/CodeIgniter.php(907): App\Controllers\Home->index()
#7 /home/u612782763/domains/payjobindia.com/public_html/newPayjob/system/CodeIgniter.php(457): CodeIgniter\CodeIgniter->runController(Object(App\Controllers\Home))
#8 /home/u612782763/domains/payjobindia.com/public_html/newPayjob/system/CodeIgniter.php(340): CodeIgniter\CodeIgniter->handleRequest(NULL, Object(Config\Cache), false)
#9 /home/u612782763/domains/payjobindia.com/public_html/newPayjob/index.php(67): CodeIgniter\CodeIgniter->run()
#10 {main}
CRITICAL - 2023-12-12 04:22:10 --> Call to a member function getResult() on bool
in APPPATH/Models/CommonModel.php on line 51.
 1 APPPATH/Controllers/Home.php(23): App\Models\CommonModel->allFetchd('jobs_list', [...])
 2 SYSTEMPATH/CodeIgniter.php(907): App\Controllers\Home->index()
 3 SYSTEMPATH/CodeIgniter.php(457): CodeIgniter\CodeIgniter->runController(Object(App\Controllers\Home))
 4 SYSTEMPATH/CodeIgniter.php(340): CodeIgniter\CodeIgniter->handleRequest(null, Object(Config\Cache), false)
 5 FCPATH/index.php(67): CodeIgniter\CodeIgniter->run()
ERROR - 2023-12-12 04:22:12 --> mysqli_sql_exception: Table 'u612782763_newpayjobdb.jobs_list' doesn't exist in /home/u612782763/domains/payjobindia.com/public_html/newPayjob/system/Database/MySQLi/Connection.php:292
Stack trace:
#0 /home/u612782763/domains/payjobindia.com/public_html/newPayjob/system/Database/MySQLi/Connection.php(292): mysqli->query('SELECT *\nFROM `...', 0)
#1 /home/u612782763/domains/payjobindia.com/public_html/newPayjob/system/Database/BaseConnection.php(693): CodeIgniter\Database\MySQLi\Connection->execute('SELECT *\nFROM `...')
#2 /home/u612782763/domains/payjobindia.com/public_html/newPayjob/system/Database/BaseConnection.php(620): CodeIgniter\Database\BaseConnection->simpleQuery('SELECT *\nFROM `...')
#3 /home/u612782763/domains/payjobindia.com/public_html/newPayjob/system/Database/BaseBuilder.php(1718): CodeIgniter\Database\BaseConnection->query('SELECT *\nFROM `...', Array, false)
#4 /home/u612782763/domains/payjobindia.com/public_html/newPayjob/app/Models/CommonModel.php(51): CodeIgniter\Database\BaseBuilder->getWhere(Array, NULL, NULL)
#5 /home/u612782763/domains/payjobindia.com/public_html/newPayjob/app/Controllers/Home.php(23): App\Models\CommonModel->allFetchd('jobs_list', Array)
#6 /home/u612782763/domains/payjobindia.com/public_html/newPayjob/system/CodeIgniter.php(907): App\Controllers\Home->index()
#7 /home/u612782763/domains/payjobindia.com/public_html/newPayjob/system/CodeIgniter.php(457): CodeIgniter\CodeIgniter->runController(Object(App\Controllers\Home))
#8 /home/u612782763/domains/payjobindia.com/public_html/newPayjob/system/CodeIgniter.php(340): CodeIgniter\CodeIgniter->handleRequest(NULL, Object(Config\Cache), false)
#9 /home/u612782763/domains/payjobindia.com/public_html/newPayjob/index.php(67): CodeIgniter\CodeIgniter->run()
#10 {main}
CRITICAL - 2023-12-12 04:22:12 --> Call to a member function getResult() on bool
in APPPATH/Models/CommonModel.php on line 51.
 1 APPPATH/Controllers/Home.php(23): App\Models\CommonModel->allFetchd('jobs_list', [...])
 2 SYSTEMPATH/CodeIgniter.php(907): App\Controllers\Home->index()
 3 SYSTEMPATH/CodeIgniter.php(457): CodeIgniter\CodeIgniter->runController(Object(App\Controllers\Home))
 4 SYSTEMPATH/CodeIgniter.php(340): CodeIgniter\CodeIgniter->handleRequest(null, Object(Config\Cache), false)
 5 FCPATH/index.php(67): CodeIgniter\CodeIgniter->run()
