ERROR - 2023-12-13 01:29:32 --> mysqli_sql_exception: Unknown column 'company_id' in 'where clause' in /home/u612782763/domains/payjobindia.com/public_html/newPayjob/system/Database/MySQLi/Connection.php:292
Stack trace:
#0 /home/u612782763/domains/payjobindia.com/public_html/newPayjob/system/Database/MySQLi/Connection.php(292): mysqli->query('SELECT *\nFROM `...', 0)
#1 /home/u612782763/domains/payjobindia.com/public_html/newPayjob/system/Database/BaseConnection.php(693): CodeIgniter\Database\MySQLi\Connection->execute('SELECT *\nFROM `...')
#2 /home/u612782763/domains/payjobindia.com/public_html/newPayjob/system/Database/BaseConnection.php(620): CodeIgniter\Database\BaseConnection->simpleQuery('SELECT *\nFROM `...')
#3 /home/u612782763/domains/payjobindia.com/public_html/newPayjob/system/Database/BaseBuilder.php(1718): CodeIgniter\Database\BaseConnection->query('SELECT *\nFROM `...', Array, false)
#4 /home/u612782763/domains/payjobindia.com/public_html/newPayjob/app/Models/CommonModel.php(34): CodeIgniter\Database\BaseBuilder->getWhere(Array)
#5 /home/u612782763/domains/payjobindia.com/public_html/newPayjob/app/Controllers/SuperAdminController.php(1866): App\Models\CommonModel->fs('companies', Array)
#6 /home/u612782763/domains/payjobindia.com/public_html/newPayjob/system/CodeIgniter.php(907): App\Controllers\SuperAdminController->totalcompanyjob('12')
#7 /home/u612782763/domains/payjobindia.com/public_html/newPayjob/system/CodeIgniter.php(457): CodeIgniter\CodeIgniter->runController(Object(App\Controllers\SuperAdminController))
#8 /home/u612782763/domains/payjobindia.com/public_html/newPayjob/system/CodeIgniter.php(340): CodeIgniter\CodeIgniter->handleRequest(NULL, Object(Config\Cache), false)
#9 /home/u612782763/domains/payjobindia.com/public_html/newPayjob/index.php(67): CodeIgniter\CodeIgniter->run()
#10 {main}
CRITICAL - 2023-12-13 01:29:32 --> Call to a member function getrow() on bool
in APPPATH/Models/CommonModel.php on line 34.
 1 APPPATH/Controllers/SuperAdminController.php(1866): App\Models\CommonModel->fs('companies', [...])
 2 SYSTEMPATH/CodeIgniter.php(907): App\Controllers\SuperAdminController->totalcompanyjob('12')
 3 SYSTEMPATH/CodeIgniter.php(457): CodeIgniter\CodeIgniter->runController(Object(App\Controllers\SuperAdminController))
 4 SYSTEMPATH/CodeIgniter.php(340): CodeIgniter\CodeIgniter->handleRequest(null, Object(Config\Cache), false)
 5 FCPATH/index.php(67): CodeIgniter\CodeIgniter->run()
CRITICAL - 2023-12-13 02:35:59 --> Call to a member function fs() on null
in APPPATH/Views/superadmin/dashboard.php on line 191.
 1 SYSTEMPATH/View/View.php(213): include()
 2 SYSTEMPATH/View/View.php(216): CodeIgniter\View\View->CodeIgniter\View\{closure}()
 3 SYSTEMPATH/Common.php(1142): CodeIgniter\View\View->render('superadmin/dashboard', [], true)
 4 APPPATH/Controllers/SuperAdminController.php(32): view('superadmin/dashboard', [...])
 5 SYSTEMPATH/CodeIgniter.php(907): App\Controllers\SuperAdminController->dashboard()
 6 SYSTEMPATH/CodeIgniter.php(457): CodeIgniter\CodeIgniter->runController(Object(App\Controllers\SuperAdminController))
 7 SYSTEMPATH/CodeIgniter.php(340): CodeIgniter\CodeIgniter->handleRequest(null, Object(Config\Cache), false)
 8 FCPATH/index.php(67): CodeIgniter\CodeIgniter->run()
CRITICAL - 2023-12-13 02:36:01 --> Call to a member function fs() on null
in APPPATH/Views/superadmin/dashboard.php on line 191.
 1 SYSTEMPATH/View/View.php(213): include()
 2 SYSTEMPATH/View/View.php(216): CodeIgniter\View\View->CodeIgniter\View\{closure}()
 3 SYSTEMPATH/Common.php(1142): CodeIgniter\View\View->render('superadmin/dashboard', [], true)
 4 APPPATH/Controllers/SuperAdminController.php(32): view('superadmin/dashboard', [...])
 5 SYSTEMPATH/CodeIgniter.php(907): App\Controllers\SuperAdminController->dashboard()
 6 SYSTEMPATH/CodeIgniter.php(457): CodeIgniter\CodeIgniter->runController(Object(App\Controllers\SuperAdminController))
 7 SYSTEMPATH/CodeIgniter.php(340): CodeIgniter\CodeIgniter->handleRequest(null, Object(Config\Cache), false)
 8 FCPATH/index.php(67): CodeIgniter\CodeIgniter->run()
ERROR - 2023-12-13 03:07:17 --> mysqli_sql_exception: Table 'u612782763_newpayjobdb.city' doesn't exist in /home/u612782763/domains/payjobindia.com/public_html/newPayjob/system/Database/MySQLi/Connection.php:292
Stack trace:
#0 /home/u612782763/domains/payjobindia.com/public_html/newPayjob/system/Database/MySQLi/Connection.php(292): mysqli->query('SELECT *\nFROM `...', 0)
#1 /home/u612782763/domains/payjobindia.com/public_html/newPayjob/system/Database/BaseConnection.php(693): CodeIgniter\Database\MySQLi\Connection->execute('SELECT *\nFROM `...')
#2 /home/u612782763/domains/payjobindia.com/public_html/newPayjob/system/Database/BaseConnection.php(620): CodeIgniter\Database\BaseConnection->simpleQuery('SELECT *\nFROM `...')
#3 /home/u612782763/domains/payjobindia.com/public_html/newPayjob/system/Database/BaseBuilder.php(1718): CodeIgniter\Database\BaseConnection->query('SELECT *\nFROM `...', Array, false)
#4 /home/u612782763/domains/payjobindia.com/public_html/newPayjob/app/Models/CommonModel.php(34): CodeIgniter\Database\BaseBuilder->getWhere(Array)
#5 /home/u612782763/domains/payjobindia.com/public_html/newPayjob/app/Controllers/SuperAdminController.php(39): App\Models\CommonModel->fs('city', Array)
#6 /home/u612782763/domains/payjobindia.com/public_html/newPayjob/system/CodeIgniter.php(907): App\Controllers\SuperAdminController->citywiseshow('1')
#7 /home/u612782763/domains/payjobindia.com/public_html/newPayjob/system/CodeIgniter.php(457): CodeIgniter\CodeIgniter->runController(Object(App\Controllers\SuperAdminController))
#8 /home/u612782763/domains/payjobindia.com/public_html/newPayjob/system/CodeIgniter.php(340): CodeIgniter\CodeIgniter->handleRequest(NULL, Object(Config\Cache), false)
#9 /home/u612782763/domains/payjobindia.com/public_html/newPayjob/index.php(67): CodeIgniter\CodeIgniter->run()
#10 {main}
CRITICAL - 2023-12-13 03:07:17 --> Call to a member function getrow() on bool
in APPPATH/Models/CommonModel.php on line 34.
 1 APPPATH/Controllers/SuperAdminController.php(39): App\Models\CommonModel->fs('city', [...])
 2 SYSTEMPATH/CodeIgniter.php(907): App\Controllers\SuperAdminController->citywiseshow('1')
 3 SYSTEMPATH/CodeIgniter.php(457): CodeIgniter\CodeIgniter->runController(Object(App\Controllers\SuperAdminController))
 4 SYSTEMPATH/CodeIgniter.php(340): CodeIgniter\CodeIgniter->handleRequest(null, Object(Config\Cache), false)
 5 FCPATH/index.php(67): CodeIgniter\CodeIgniter->run()
ERROR - 2023-12-13 03:07:44 --> mysqli_sql_exception: Table 'u612782763_newpayjobdb.city' doesn't exist in /home/u612782763/domains/payjobindia.com/public_html/newPayjob/system/Database/MySQLi/Connection.php:292
Stack trace:
#0 /home/u612782763/domains/payjobindia.com/public_html/newPayjob/system/Database/MySQLi/Connection.php(292): mysqli->query('SELECT *\nFROM `...', 0)
#1 /home/u612782763/domains/payjobindia.com/public_html/newPayjob/system/Database/BaseConnection.php(693): CodeIgniter\Database\MySQLi\Connection->execute('SELECT *\nFROM `...')
#2 /home/u612782763/domains/payjobindia.com/public_html/newPayjob/system/Database/BaseConnection.php(620): CodeIgniter\Database\BaseConnection->simpleQuery('SELECT *\nFROM `...')
#3 /home/u612782763/domains/payjobindia.com/public_html/newPayjob/system/Database/BaseBuilder.php(1718): CodeIgniter\Database\BaseConnection->query('SELECT *\nFROM `...', Array, false)
#4 /home/u612782763/domains/payjobindia.com/public_html/newPayjob/app/Models/CommonModel.php(34): CodeIgniter\Database\BaseBuilder->getWhere(Array)
#5 /home/u612782763/domains/payjobindia.com/public_html/newPayjob/app/Controllers/SuperAdminController.php(39): App\Models\CommonModel->fs('city', Array)
#6 /home/u612782763/domains/payjobindia.com/public_html/newPayjob/system/CodeIgniter.php(907): App\Controllers\SuperAdminController->citywiseshow('1')
#7 /home/u612782763/domains/payjobindia.com/public_html/newPayjob/system/CodeIgniter.php(457): CodeIgniter\CodeIgniter->runController(Object(App\Controllers\SuperAdminController))
#8 /home/u612782763/domains/payjobindia.com/public_html/newPayjob/system/CodeIgniter.php(340): CodeIgniter\CodeIgniter->handleRequest(NULL, Object(Config\Cache), false)
#9 /home/u612782763/domains/payjobindia.com/public_html/newPayjob/index.php(67): CodeIgniter\CodeIgniter->run()
#10 {main}
CRITICAL - 2023-12-13 03:07:44 --> Call to a member function getrow() on bool
in APPPATH/Models/CommonModel.php on line 34.
 1 APPPATH/Controllers/SuperAdminController.php(39): App\Models\CommonModel->fs('city', [...])
 2 SYSTEMPATH/CodeIgniter.php(907): App\Controllers\SuperAdminController->citywiseshow('1')
 3 SYSTEMPATH/CodeIgniter.php(457): CodeIgniter\CodeIgniter->runController(Object(App\Controllers\SuperAdminController))
 4 SYSTEMPATH/CodeIgniter.php(340): CodeIgniter\CodeIgniter->handleRequest(null, Object(Config\Cache), false)
 5 FCPATH/index.php(67): CodeIgniter\CodeIgniter->run()
CRITICAL - 2023-12-13 03:15:44 --> Argument 1 passed to CodeIgniter\Database\BaseBuilder::orderBy() must be of the type string, null given, called in /home/u612782763/domains/payjobindia.com/public_html/newPayjob/app/Models/CommonModel.php on line 51
in SYSTEMPATH/Database/BaseBuilder.php on line 1408.
 1 APPPATH/Models/CommonModel.php(51): CodeIgniter\Database\BaseBuilder->orderBy(null, null)
 2 APPPATH/Controllers/SuperAdminController.php(31): App\Models\CommonModel->allFetchd('companies', [], null, null, 5)
 3 SYSTEMPATH/CodeIgniter.php(907): App\Controllers\SuperAdminController->dashboard()
 4 SYSTEMPATH/CodeIgniter.php(457): CodeIgniter\CodeIgniter->runController(Object(App\Controllers\SuperAdminController))
 5 SYSTEMPATH/CodeIgniter.php(340): CodeIgniter\CodeIgniter->handleRequest(null, Object(Config\Cache), false)
 6 FCPATH/index.php(67): CodeIgniter\CodeIgniter->run()
CRITICAL - 2023-12-13 03:15:58 --> Argument 1 passed to CodeIgniter\Database\BaseBuilder::orderBy() must be of the type string, null given, called in /home/u612782763/domains/payjobindia.com/public_html/newPayjob/app/Models/CommonModel.php on line 51
in SYSTEMPATH/Database/BaseBuilder.php on line 1408.
 1 APPPATH/Models/CommonModel.php(51): CodeIgniter\Database\BaseBuilder->orderBy(null, 5)
 2 APPPATH/Controllers/SuperAdminController.php(31): App\Models\CommonModel->allFetchd('companies', [], null, 5)
 3 SYSTEMPATH/CodeIgniter.php(907): App\Controllers\SuperAdminController->dashboard()
 4 SYSTEMPATH/CodeIgniter.php(457): CodeIgniter\CodeIgniter->runController(Object(App\Controllers\SuperAdminController))
 5 SYSTEMPATH/CodeIgniter.php(340): CodeIgniter\CodeIgniter->handleRequest(null, Object(Config\Cache), false)
 6 FCPATH/index.php(67): CodeIgniter\CodeIgniter->run()
CRITICAL - 2023-12-13 03:16:41 --> Argument 1 passed to CodeIgniter\Database\BaseBuilder::orderBy() must be of the type string, null given, called in /home/u612782763/domains/payjobindia.com/public_html/newPayjob/app/Models/CommonModel.php on line 51
in SYSTEMPATH/Database/BaseBuilder.php on line 1408.
 1 APPPATH/Models/CommonModel.php(51): CodeIgniter\Database\BaseBuilder->orderBy(null, null)
 2 APPPATH/Controllers/SuperAdminController.php(31): App\Models\CommonModel->allFetchd('companies', [], null, null, 5)
 3 SYSTEMPATH/CodeIgniter.php(907): App\Controllers\SuperAdminController->dashboard()
 4 SYSTEMPATH/CodeIgniter.php(457): CodeIgniter\CodeIgniter->runController(Object(App\Controllers\SuperAdminController))
 5 SYSTEMPATH/CodeIgniter.php(340): CodeIgniter\CodeIgniter->handleRequest(null, Object(Config\Cache), false)
 6 FCPATH/index.php(67): CodeIgniter\CodeIgniter->run()
CRITICAL - 2023-12-13 04:19:39 --> Attempt to read property "name" on null
in APPPATH/Views/includes/header.php on line 7.
 1 APPPATH/Views/includes/header.php(7): CodeIgniter\Debug\Exceptions->errorHandler()
 2 SYSTEMPATH/View/View.php(213): include('APPPATH/Views/includes/header.php')
 3 SYSTEMPATH/View/View.php(216): CodeIgniter\View\View->CodeIgniter\View\{closure}()
 4 SYSTEMPATH/View/View.php(429): CodeIgniter\View\View->render()
 5 APPPATH/Views/job.php(26): CodeIgniter\View\View->include()
 6 SYSTEMPATH/View/View.php(213): include('APPPATH/Views/job.php')
 7 SYSTEMPATH/View/View.php(216): CodeIgniter\View\View->CodeIgniter\View\{closure}()
 8 SYSTEMPATH/Common.php(1142): CodeIgniter\View\View->render()
 9 APPPATH/Controllers/Home.php(65): view()
10 SYSTEMPATH/CodeIgniter.php(907): App\Controllers\Home->job()
11 SYSTEMPATH/CodeIgniter.php(457): CodeIgniter\CodeIgniter->runController()
12 SYSTEMPATH/CodeIgniter.php(340): CodeIgniter\CodeIgniter->handleRequest()
13 FCPATH/index.php(67): CodeIgniter\CodeIgniter->run()
CRITICAL - 2023-12-13 04:19:41 --> Attempt to read property "name" on null
in APPPATH/Views/includes/header.php on line 7.
 1 APPPATH/Views/includes/header.php(7): CodeIgniter\Debug\Exceptions->errorHandler()
 2 SYSTEMPATH/View/View.php(213): include('APPPATH/Views/includes/header.php')
 3 SYSTEMPATH/View/View.php(216): CodeIgniter\View\View->CodeIgniter\View\{closure}()
 4 SYSTEMPATH/View/View.php(429): CodeIgniter\View\View->render()
 5 APPPATH/Views/job.php(26): CodeIgniter\View\View->include()
 6 SYSTEMPATH/View/View.php(213): include('APPPATH/Views/job.php')
 7 SYSTEMPATH/View/View.php(216): CodeIgniter\View\View->CodeIgniter\View\{closure}()
 8 SYSTEMPATH/Common.php(1142): CodeIgniter\View\View->render()
 9 APPPATH/Controllers/Home.php(65): view()
10 SYSTEMPATH/CodeIgniter.php(907): App\Controllers\Home->job()
11 SYSTEMPATH/CodeIgniter.php(457): CodeIgniter\CodeIgniter->runController()
12 SYSTEMPATH/CodeIgniter.php(340): CodeIgniter\CodeIgniter->handleRequest()
13 FCPATH/index.php(67): CodeIgniter\CodeIgniter->run()
CRITICAL - 2023-12-13 04:29:00 --> Attempt to read property "name" on null
in APPPATH/Views/includes/header.php on line 7.
 1 APPPATH/Views/includes/header.php(7): CodeIgniter\Debug\Exceptions->errorHandler()
 2 APPPATH/Views/index.php(14): include('APPPATH/Views/includes/header.php')
 3 SYSTEMPATH/View/View.php(213): include('APPPATH/Views/index.php')
 4 SYSTEMPATH/View/View.php(216): CodeIgniter\View\View->CodeIgniter\View\{closure}()
 5 SYSTEMPATH/Common.php(1142): CodeIgniter\View\View->render()
 6 APPPATH/Controllers/Home.php(25): view()
 7 SYSTEMPATH/CodeIgniter.php(907): App\Controllers\Home->index()
 8 SYSTEMPATH/CodeIgniter.php(457): CodeIgniter\CodeIgniter->runController()
 9 SYSTEMPATH/CodeIgniter.php(340): CodeIgniter\CodeIgniter->handleRequest()
10 FCPATH/index.php(67): CodeIgniter\CodeIgniter->run()
CRITICAL - 2023-12-13 04:29:58 --> Unclosed '{' on line 259
in APPPATH/Views/superadmin/dashboard.php on line 345.
 1 SYSTEMPATH/View/View.php(216): CodeIgniter\View\View->CodeIgniter\View\{closure}()
 2 SYSTEMPATH/Common.php(1142): CodeIgniter\View\View->render()
 3 APPPATH/Controllers/SuperAdminController.php(34): view()
 4 SYSTEMPATH/CodeIgniter.php(907): App\Controllers\SuperAdminController->dashboard()
 5 SYSTEMPATH/CodeIgniter.php(457): CodeIgniter\CodeIgniter->runController()
 6 SYSTEMPATH/CodeIgniter.php(340): CodeIgniter\CodeIgniter->handleRequest()
 7 FCPATH/index.php(67): CodeIgniter\CodeIgniter->run()
CRITICAL - 2023-12-13 08:45:50 --> Invalid file: terms-conditions.php
in SYSTEMPATH/Exceptions/FrameworkException.php on line 33.
 1 SYSTEMPATH/View/View.php(201): CodeIgniter\Exceptions\FrameworkException::forInvalidFile('terms-conditions.php')
 2 SYSTEMPATH/Common.php(1142): CodeIgniter\View\View->render('terms-conditions', [], true)
 3 APPPATH/Controllers/Home.php(132): view('terms-conditions', [...])
 4 SYSTEMPATH/CodeIgniter.php(907): App\Controllers\Home->termsConditions()
 5 SYSTEMPATH/CodeIgniter.php(457): CodeIgniter\CodeIgniter->runController(Object(App\Controllers\Home))
 6 SYSTEMPATH/CodeIgniter.php(340): CodeIgniter\CodeIgniter->handleRequest(null, Object(Config\Cache), false)
 7 FCPATH/index.php(67): CodeIgniter\CodeIgniter->run()
CRITICAL - 2023-12-13 08:46:04 --> Invalid file: terms-conditions.php
in SYSTEMPATH/Exceptions/FrameworkException.php on line 33.
 1 SYSTEMPATH/View/View.php(201): CodeIgniter\Exceptions\FrameworkException::forInvalidFile('terms-conditions.php')
 2 SYSTEMPATH/Common.php(1142): CodeIgniter\View\View->render('terms-conditions', [], true)
 3 APPPATH/Controllers/Home.php(132): view('terms-conditions', [...])
 4 SYSTEMPATH/CodeIgniter.php(907): App\Controllers\Home->termsConditions()
 5 SYSTEMPATH/CodeIgniter.php(457): CodeIgniter\CodeIgniter->runController(Object(App\Controllers\Home))
 6 SYSTEMPATH/CodeIgniter.php(340): CodeIgniter\CodeIgniter->handleRequest(null, Object(Config\Cache), false)
 7 FCPATH/index.php(67): CodeIgniter\CodeIgniter->run()
CRITICAL - 2023-12-13 08:46:20 --> Invalid file: terms-conditions.php
in SYSTEMPATH/Exceptions/FrameworkException.php on line 33.
 1 SYSTEMPATH/View/View.php(201): CodeIgniter\Exceptions\FrameworkException::forInvalidFile('terms-conditions.php')
 2 SYSTEMPATH/Common.php(1142): CodeIgniter\View\View->render('terms-conditions', [], true)
 3 APPPATH/Controllers/Home.php(132): view('terms-conditions', [...])
 4 SYSTEMPATH/CodeIgniter.php(907): App\Controllers\Home->termsConditions()
 5 SYSTEMPATH/CodeIgniter.php(457): CodeIgniter\CodeIgniter->runController(Object(App\Controllers\Home))
 6 SYSTEMPATH/CodeIgniter.php(340): CodeIgniter\CodeIgniter->handleRequest(null, Object(Config\Cache), false)
 7 FCPATH/index.php(67): CodeIgniter\CodeIgniter->run()
CRITICAL - 2023-12-13 08:46:51 --> Invalid file: refund-policy.php
in SYSTEMPATH/Exceptions/FrameworkException.php on line 33.
 1 SYSTEMPATH/View/View.php(201): CodeIgniter\Exceptions\FrameworkException::forInvalidFile('refund-policy.php')
 2 SYSTEMPATH/Common.php(1142): CodeIgniter\View\View->render('refund-policy', [], true)
 3 APPPATH/Controllers/Home.php(139): view('refund-policy', [...])
 4 SYSTEMPATH/CodeIgniter.php(907): App\Controllers\Home->refundPolicy()
 5 SYSTEMPATH/CodeIgniter.php(457): CodeIgniter\CodeIgniter->runController(Object(App\Controllers\Home))
 6 SYSTEMPATH/CodeIgniter.php(340): CodeIgniter\CodeIgniter->handleRequest(null, Object(Config\Cache), false)
 7 FCPATH/index.php(67): CodeIgniter\CodeIgniter->run()
