CRITICAL - 2024-02-07 07:21:50 --> Invalid argument supplied for foreach()
in APPPATH/Views/vendor/add-function-area.php on line 72.
 1 APPPATH/Views/vendor/add-function-area.php(72): CodeIgniter\Debug\Exceptions->errorHandler(2, 'Invalid argument supplied for foreach()', 'APPPATH/Views/vendor/add-function-area.php', 72, [...])
 2 SYSTEMPATH/View/View.php(213): include('APPPATH/Views/vendor/add-function-area.php')
 3 SYSTEMPATH/View/View.php(216): CodeIgniter\View\View->CodeIgniter\View\{closure}()
 4 SYSTEMPATH/Common.php(1142): CodeIgniter\View\View->render('vendor/add-function-area', [], true)
 5 APPPATH/Controllers/VendorController.php(275): view('vendor/add-function-area', [...])
 6 SYSTEMPATH/CodeIgniter.php(907): App\Controllers\VendorController->addfunctionarea()
 7 SYSTEMPATH/CodeIgniter.php(457): CodeIgniter\CodeIgniter->runController(Object(App\Controllers\VendorController))
 8 SYSTEMPATH/CodeIgniter.php(340): CodeIgniter\CodeIgniter->handleRequest(null, Object(Config\Cache), false)
 9 FCPATH/index.php(67): CodeIgniter\CodeIgniter->run()
CRITICAL - 2024-02-07 07:39:41 --> Invalid argument supplied for foreach()
in APPPATH/Views/vendor/dashboard.php on line 143.
 1 APPPATH/Views/vendor/dashboard.php(143): CodeIgniter\Debug\Exceptions->errorHandler(2, 'Invalid argument supplied for foreach()', 'APPPATH/Views/vendor/dashboard.php', 143, [...])
 2 SYSTEMPATH/View/View.php(213): include('APPPATH/Views/vendor/dashboard.php')
 3 SYSTEMPATH/View/View.php(216): CodeIgniter\View\View->CodeIgniter\View\{closure}()
 4 SYSTEMPATH/Common.php(1142): CodeIgniter\View\View->render('vendor/dashboard', [], true)
 5 APPPATH/Controllers/VendorController.php(74): view('vendor/dashboard', [...])
 6 SYSTEMPATH/CodeIgniter.php(907): App\Controllers\VendorController->dashboard()
 7 SYSTEMPATH/CodeIgniter.php(457): CodeIgniter\CodeIgniter->runController(Object(App\Controllers\VendorController))
 8 SYSTEMPATH/CodeIgniter.php(340): CodeIgniter\CodeIgniter->handleRequest(null, Object(Config\Cache), false)
 9 FCPATH/index.php(67): CodeIgniter\CodeIgniter->run()
CRITICAL - 2024-02-07 07:40:25 --> Invalid argument supplied for foreach()
in APPPATH/Views/vendor/dashboard.php on line 143.
 1 APPPATH/Views/vendor/dashboard.php(143): CodeIgniter\Debug\Exceptions->errorHandler(2, 'Invalid argument supplied for foreach()', 'APPPATH/Views/vendor/dashboard.php', 143, [...])
 2 SYSTEMPATH/View/View.php(213): include('APPPATH/Views/vendor/dashboard.php')
 3 SYSTEMPATH/View/View.php(216): CodeIgniter\View\View->CodeIgniter\View\{closure}()
 4 SYSTEMPATH/Common.php(1142): CodeIgniter\View\View->render('vendor/dashboard', [], true)
 5 APPPATH/Controllers/VendorController.php(74): view('vendor/dashboard', [...])
 6 SYSTEMPATH/CodeIgniter.php(907): App\Controllers\VendorController->dashboard()
 7 SYSTEMPATH/CodeIgniter.php(457): CodeIgniter\CodeIgniter->runController(Object(App\Controllers\VendorController))
 8 SYSTEMPATH/CodeIgniter.php(340): CodeIgniter\CodeIgniter->handleRequest(null, Object(Config\Cache), false)
 9 FCPATH/index.php(67): CodeIgniter\CodeIgniter->run()
CRITICAL - 2024-02-07 07:40:27 --> Invalid argument supplied for foreach()
in APPPATH/Views/vendor/dashboard.php on line 143.
 1 APPPATH/Views/vendor/dashboard.php(143): CodeIgniter\Debug\Exceptions->errorHandler(2, 'Invalid argument supplied for foreach()', 'APPPATH/Views/vendor/dashboard.php', 143, [...])
 2 SYSTEMPATH/View/View.php(213): include('APPPATH/Views/vendor/dashboard.php')
 3 SYSTEMPATH/View/View.php(216): CodeIgniter\View\View->CodeIgniter\View\{closure}()
 4 SYSTEMPATH/Common.php(1142): CodeIgniter\View\View->render('vendor/dashboard', [], true)
 5 APPPATH/Controllers/VendorController.php(74): view('vendor/dashboard', [...])
 6 SYSTEMPATH/CodeIgniter.php(907): App\Controllers\VendorController->dashboard()
 7 SYSTEMPATH/CodeIgniter.php(457): CodeIgniter\CodeIgniter->runController(Object(App\Controllers\VendorController))
 8 SYSTEMPATH/CodeIgniter.php(340): CodeIgniter\CodeIgniter->handleRequest(null, Object(Config\Cache), false)
 9 FCPATH/index.php(67): CodeIgniter\CodeIgniter->run()
