CRITICAL - 2024-02-05 06:00:43 --> Invalid argument supplied for foreach()
in APPPATH/Views/superadmin/vendor-list.php on line 65.
 1 APPPATH/Views/superadmin/vendor-list.php(65): CodeIgniter\Debug\Exceptions->errorHandler(2, 'Invalid argument supplied for foreach()', 'APPPATH/Views/superadmin/vendor-list.php', 65, [...])
 2 SYSTEMPATH/View/View.php(213): include('APPPATH/Views/superadmin/vendor-list.php')
 3 SYSTEMPATH/View/View.php(216): CodeIgniter\View\View->CodeIgniter\View\{closure}()
 4 SYSTEMPATH/Common.php(1142): CodeIgniter\View\View->render('superadmin/vendor-list', [], true)
 5 APPPATH/Controllers/SuperAdminController.php(409): view('superadmin/vendor-list', [...])
 6 SYSTEMPATH/CodeIgniter.php(907): App\Controllers\SuperAdminController->vendorlistview('6')
 7 SYSTEMPATH/CodeIgniter.php(457): CodeIgniter\CodeIgniter->runController(Object(App\Controllers\SuperAdminController))
 8 SYSTEMPATH/CodeIgniter.php(340): CodeIgniter\CodeIgniter->handleRequest(null, Object(Config\Cache), false)
 9 FCPATH/index.php(67): CodeIgniter\CodeIgniter->run()
CRITICAL - 2024-02-05 22:53:08 --> Invalid argument supplied for foreach()
in APPPATH/Views/superadmin/total-vendor-company.php on line 71.
 1 APPPATH/Views/superadmin/total-vendor-company.php(71): CodeIgniter\Debug\Exceptions->errorHandler(2, 'Invalid argument supplied for foreach()', 'APPPATH/Views/superadmin/total-vendor-company.php', 71, [...])
 2 SYSTEMPATH/View/View.php(213): include('APPPATH/Views/superadmin/total-vendor-company.php')
 3 SYSTEMPATH/View/View.php(216): CodeIgniter\View\View->CodeIgniter\View\{closure}()
 4 SYSTEMPATH/Common.php(1142): CodeIgniter\View\View->render('superadmin/total-vendor-company', [], true)
 5 APPPATH/Controllers/SuperAdminController.php(417): view('superadmin/total-vendor-company', [...])
 6 SYSTEMPATH/CodeIgniter.php(907): App\Controllers\SuperAdminController->totalvendorcompany('12')
 7 SYSTEMPATH/CodeIgniter.php(457): CodeIgniter\CodeIgniter->runController(Object(App\Controllers\SuperAdminController))
 8 SYSTEMPATH/CodeIgniter.php(340): CodeIgniter\CodeIgniter->handleRequest(null, Object(Config\Cache), false)
 9 FCPATH/index.php(67): CodeIgniter\CodeIgniter->run()
CRITICAL - 2024-02-05 22:53:33 --> Invalid argument supplied for foreach()
in APPPATH/Views/superadmin/total-vendor-company.php on line 70.
 1 APPPATH/Views/superadmin/total-vendor-company.php(70): CodeIgniter\Debug\Exceptions->errorHandler(2, 'Invalid argument supplied for foreach()', 'APPPATH/Views/superadmin/total-vendor-company.php', 70, [...])
 2 SYSTEMPATH/View/View.php(213): include('APPPATH/Views/superadmin/total-vendor-company.php')
 3 SYSTEMPATH/View/View.php(216): CodeIgniter\View\View->CodeIgniter\View\{closure}()
 4 SYSTEMPATH/Common.php(1142): CodeIgniter\View\View->render('superadmin/total-vendor-company', [], true)
 5 APPPATH/Controllers/SuperAdminController.php(417): view('superadmin/total-vendor-company', [...])
 6 SYSTEMPATH/CodeIgniter.php(907): App\Controllers\SuperAdminController->totalvendorcompany('12')
 7 SYSTEMPATH/CodeIgniter.php(457): CodeIgniter\CodeIgniter->runController(Object(App\Controllers\SuperAdminController))
 8 SYSTEMPATH/CodeIgniter.php(340): CodeIgniter\CodeIgniter->handleRequest(null, Object(Config\Cache), false)
 9 FCPATH/index.php(67): CodeIgniter\CodeIgniter->run()
