CRITICAL - 2024-02-03 02:46:48 --> syntax error, unexpected end of file
in APPPATH/Config/Routes.php on line 361.
 1 SYSTEMPATH/CodeIgniter.php(406): CodeIgniter\CodeIgniter->tryToRouteIt(null)
 2 SYSTEMPATH/CodeIgniter.php(340): CodeIgniter\CodeIgniter->handleRequest(null, Object(Config\Cache), false)
 3 FCPATH/index.php(67): CodeIgniter\CodeIgniter->run()
CRITICAL - 2024-02-03 05:16:27 --> cal_days_in_month(): invalid date
in APPPATH/Views/superadmin/all-jobs.php on line 187.
 1 [internal function]: CodeIgniter\Debug\Exceptions->errorHandler(2, 'cal_days_in_month(): invalid date', 'APPPATH/Views/superadmin/all-jobs.php', 187, [...])
 2 APPPATH/Views/superadmin/all-jobs.php(187): cal_days_in_month(0, '02', null)
 3 SYSTEMPATH/View/View.php(213): include('APPPATH/Views/superadmin/all-jobs.php')
 4 SYSTEMPATH/View/View.php(216): CodeIgniter\View\View->CodeIgniter\View\{closure}()
 5 SYSTEMPATH/Common.php(1142): CodeIgniter\View\View->render('superadmin/all-jobs', [], true)
 6 APPPATH/Controllers/SuperAdminController.php(3290): view('superadmin/all-jobs', [...])
 7 SYSTEMPATH/CodeIgniter.php(907): App\Controllers\SuperAdminController->jobslist()
 8 SYSTEMPATH/CodeIgniter.php(457): CodeIgniter\CodeIgniter->runController(Object(App\Controllers\SuperAdminController))
 9 SYSTEMPATH/CodeIgniter.php(340): CodeIgniter\CodeIgniter->handleRequest(null, Object(Config\Cache), false)
10 FCPATH/index.php(67): CodeIgniter\CodeIgniter->run()
CRITICAL - 2024-02-03 05:51:14 --> Invalid argument supplied for foreach()
in APPPATH/Views/superadmin/all-company.php on line 71.
 1 APPPATH/Views/superadmin/all-company.php(71): CodeIgniter\Debug\Exceptions->errorHandler(2, 'Invalid argument supplied for foreach()', 'APPPATH/Views/superadmin/all-company.php', 71, [...])
 2 SYSTEMPATH/View/View.php(213): include('APPPATH/Views/superadmin/all-company.php')
 3 SYSTEMPATH/View/View.php(216): CodeIgniter\View\View->CodeIgniter\View\{closure}()
 4 SYSTEMPATH/Common.php(1142): CodeIgniter\View\View->render('superadmin/all-company', [], true)
 5 APPPATH/Controllers/SuperAdminController.php(2721): view('superadmin/all-company', [...])
 6 SYSTEMPATH/CodeIgniter.php(907): App\Controllers\SuperAdminController->companies()
 7 SYSTEMPATH/CodeIgniter.php(457): CodeIgniter\CodeIgniter->runController(Object(App\Controllers\SuperAdminController))
 8 SYSTEMPATH/CodeIgniter.php(340): CodeIgniter\CodeIgniter->handleRequest(null, Object(Config\Cache), false)
 9 FCPATH/index.php(67): CodeIgniter\CodeIgniter->run()
