CRITICAL - 2024-02-02 02:30:40 --> Call to a member function setMonth() on null
in APPPATH/Controllers/SuperAdminController.php on line 3265.
 1 SYSTEMPATH/CodeIgniter.php(907): App\Controllers\SuperAdminController->jobslist()
 2 SYSTEMPATH/CodeIgniter.php(457): CodeIgniter\CodeIgniter->runController(Object(App\Controllers\SuperAdminController))
 3 SYSTEMPATH/CodeIgniter.php(340): CodeIgniter\CodeIgniter->handleRequest(null, Object(Config\Cache), false)
 4 FCPATH/index.php(67): CodeIgniter\CodeIgniter->run()
CRITICAL - 2024-02-02 02:31:26 --> Call to a member function setMonth() on null
in APPPATH/Controllers/SuperAdminController.php on line 3265.
 1 SYSTEMPATH/CodeIgniter.php(907): App\Controllers\SuperAdminController->jobslist()
 2 SYSTEMPATH/CodeIgniter.php(457): CodeIgniter\CodeIgniter->runController(Object(App\Controllers\SuperAdminController))
 3 SYSTEMPATH/CodeIgniter.php(340): CodeIgniter\CodeIgniter->handleRequest(null, Object(Config\Cache), false)
 4 FCPATH/index.php(67): CodeIgniter\CodeIgniter->run()
CRITICAL - 2024-02-02 02:38:47 --> Call to a member function setMonth() on null
in APPPATH/Controllers/SuperAdminController.php on line 3266.
 1 SYSTEMPATH/CodeIgniter.php(907): App\Controllers\SuperAdminController->jobslist()
 2 SYSTEMPATH/CodeIgniter.php(457): CodeIgniter\CodeIgniter->runController(Object(App\Controllers\SuperAdminController))
 3 SYSTEMPATH/CodeIgniter.php(340): CodeIgniter\CodeIgniter->handleRequest(null, Object(Config\Cache), false)
 4 FCPATH/index.php(67): CodeIgniter\CodeIgniter->run()
ERROR - 2024-02-02 03:09:07 --> mysqli_sql_exception: FUNCTION u612782763_newpayjobdb.months does not exist in /home/u612782763/domains/payjobindia.com/public_html/system/Database/MySQLi/Connection.php:292
Stack trace:
#0 /home/u612782763/domains/payjobindia.com/public_html/system/Database/MySQLi/Connection.php(292): mysqli->query('SELECT *\nFROM `...', 0)
#1 /home/u612782763/domains/payjobindia.com/public_html/system/Database/BaseConnection.php(693): CodeIgniter\Database\MySQLi\Connection->execute('SELECT *\nFROM `...')
#2 /home/u612782763/domains/payjobindia.com/public_html/system/Database/BaseConnection.php(620): CodeIgniter\Database\BaseConnection->simpleQuery('SELECT *\nFROM `...')
#3 /home/u612782763/domains/payjobindia.com/public_html/system/Database/BaseBuilder.php(1718): CodeIgniter\Database\BaseConnection->query('SELECT *\nFROM `...', Array, false)
#4 /home/u612782763/domains/payjobindia.com/public_html/app/Models/CommonModel.php(51): CodeIgniter\Database\BaseBuilder->getWhere(Array, NULL, NULL)
#5 /home/u612782763/domains/payjobindia.com/public_html/app/Views/superadmin/all-jobs.php(211): App\Models\CommonModel->allFetchd('jobs_list', Array)
#6 /home/u612782763/domains/payjobindia.com/public_html/system/View/View.php(213): include('/home/u61278276...')
#7 /home/u612782763/domains/payjobindia.com/public_html/system/View/View.php(216): CodeIgniter\View\View->CodeIgniter\View\{closure}()
#8 /home/u612782763/domains/payjobindia.com/public_html/system/Common.php(1142): CodeIgniter\View\View->render('superadmin/all-...', Array, true)
#9 /home/u612782763/domains/payjobindia.com/public_html/app/Controllers/SuperAdminController.php(3280): view('superadmin/all-...', Array)
#10 /home/u612782763/domains/payjobindia.com/public_html/system/CodeIgniter.php(907): App\Controllers\SuperAdminController->jobslist()
#11 /home/u612782763/domains/payjobindia.com/public_html/system/CodeIgniter.php(457): CodeIgniter\CodeIgniter->runController(Object(App\Controllers\SuperAdminController))
#12 /home/u612782763/domains/payjobindia.com/public_html/system/CodeIgniter.php(340): CodeIgniter\CodeIgniter->handleRequest(NULL, Object(Config\Cache), false)
#13 /home/u612782763/domains/payjobindia.com/public_html/index.php(67): CodeIgniter\CodeIgniter->run()
#14 {main}
CRITICAL - 2024-02-02 03:09:07 --> Call to a member function getResult() on bool
in APPPATH/Models/CommonModel.php on line 51.
 1 APPPATH/Views/superadmin/all-jobs.php(211): App\Models\CommonModel->allFetchd('jobs_list', [...])
 2 SYSTEMPATH/View/View.php(213): include('APPPATH/Views/superadmin/all-jobs.php')
 3 SYSTEMPATH/View/View.php(216): CodeIgniter\View\View->CodeIgniter\View\{closure}()
 4 SYSTEMPATH/Common.php(1142): CodeIgniter\View\View->render('superadmin/all-jobs', [], true)
 5 APPPATH/Controllers/SuperAdminController.php(3280): view('superadmin/all-jobs', [...])
 6 SYSTEMPATH/CodeIgniter.php(907): App\Controllers\SuperAdminController->jobslist()
 7 SYSTEMPATH/CodeIgniter.php(457): CodeIgniter\CodeIgniter->runController(Object(App\Controllers\SuperAdminController))
 8 SYSTEMPATH/CodeIgniter.php(340): CodeIgniter\CodeIgniter->handleRequest(null, Object(Config\Cache), false)
 9 FCPATH/index.php(67): CodeIgniter\CodeIgniter->run()
ERROR - 2024-02-02 04:16:29 --> mysqli_sql_exception: Unknown column 'candidate_name' in 'where clause' in /home/u612782763/domains/payjobindia.com/public_html/system/Database/MySQLi/Connection.php:292
Stack trace:
#0 /home/u612782763/domains/payjobindia.com/public_html/system/Database/MySQLi/Connection.php(292): mysqli->query('SELECT *\nFROM `...', 0)
#1 /home/u612782763/domains/payjobindia.com/public_html/system/Database/BaseConnection.php(693): CodeIgniter\Database\MySQLi\Connection->execute('SELECT *\nFROM `...')
#2 /home/u612782763/domains/payjobindia.com/public_html/system/Database/BaseConnection.php(620): CodeIgniter\Database\BaseConnection->simpleQuery('SELECT *\nFROM `...')
#3 /home/u612782763/domains/payjobindia.com/public_html/system/Database/BaseBuilder.php(1585): CodeIgniter\Database\BaseConnection->query('SELECT *\nFROM `...', Array, false)
#4 /home/u612782763/domains/payjobindia.com/public_html/app/Models/CommonModel.php(201): CodeIgniter\Database\BaseBuilder->get()
#5 /home/u612782763/domains/payjobindia.com/public_html/app/Controllers/SuperAdminController.php(3108): App\Models\CommonModel->fetchFilteredCandidates('shrey', 'Select States ....', 'Select City ...', '', '')
#6 /home/u612782763/domains/payjobindia.com/public_html/system/CodeIgniter.php(907): App\Controllers\SuperAdminController->filterCandidate()
#7 /home/u612782763/domains/payjobindia.com/public_html/system/CodeIgniter.php(457): CodeIgniter\CodeIgniter->runController(Object(App\Controllers\SuperAdminController))
#8 /home/u612782763/domains/payjobindia.com/public_html/system/CodeIgniter.php(340): CodeIgniter\CodeIgniter->handleRequest(NULL, Object(Config\Cache), false)
#9 /home/u612782763/domains/payjobindia.com/public_html/index.php(67): CodeIgniter\CodeIgniter->run()
#10 {main}
CRITICAL - 2024-02-02 04:16:29 --> Call to a member function getResult() on bool
in APPPATH/Models/CommonModel.php on line 201.
 1 APPPATH/Controllers/SuperAdminController.php(3108): App\Models\CommonModel->fetchFilteredCandidates('shrey', 'Select States ...', 'Select City ...', '/home/u612782763/domains/payjobindia.com/public_html', '/home/u612782763/domains/payjobindia.com/public_html')
 2 SYSTEMPATH/CodeIgniter.php(907): App\Controllers\SuperAdminController->filterCandidate()
 3 SYSTEMPATH/CodeIgniter.php(457): CodeIgniter\CodeIgniter->runController(Object(App\Controllers\SuperAdminController))
 4 SYSTEMPATH/CodeIgniter.php(340): CodeIgniter\CodeIgniter->handleRequest(null, Object(Config\Cache), false)
 5 FCPATH/index.php(67): CodeIgniter\CodeIgniter->run()
ERROR - 2024-02-02 04:18:00 --> mysqli_sql_exception: Unknown column 'candidate_name' in 'where clause' in /home/u612782763/domains/payjobindia.com/public_html/system/Database/MySQLi/Connection.php:292
Stack trace:
#0 /home/u612782763/domains/payjobindia.com/public_html/system/Database/MySQLi/Connection.php(292): mysqli->query('SELECT *\nFROM `...', 0)
#1 /home/u612782763/domains/payjobindia.com/public_html/system/Database/BaseConnection.php(693): CodeIgniter\Database\MySQLi\Connection->execute('SELECT *\nFROM `...')
#2 /home/u612782763/domains/payjobindia.com/public_html/system/Database/BaseConnection.php(620): CodeIgniter\Database\BaseConnection->simpleQuery('SELECT *\nFROM `...')
#3 /home/u612782763/domains/payjobindia.com/public_html/system/Database/BaseBuilder.php(1585): CodeIgniter\Database\BaseConnection->query('SELECT *\nFROM `...', Array, false)
#4 /home/u612782763/domains/payjobindia.com/public_html/app/Models/CommonModel.php(201): CodeIgniter\Database\BaseBuilder->get()
#5 /home/u612782763/domains/payjobindia.com/public_html/app/Controllers/SuperAdminController.php(3108): App\Models\CommonModel->fetchFilteredCandidates('shrey', 'Select States ....', 'Select City ...', '', '')
#6 /home/u612782763/domains/payjobindia.com/public_html/system/CodeIgniter.php(907): App\Controllers\SuperAdminController->filterCandidate()
#7 /home/u612782763/domains/payjobindia.com/public_html/system/CodeIgniter.php(457): CodeIgniter\CodeIgniter->runController(Object(App\Controllers\SuperAdminController))
#8 /home/u612782763/domains/payjobindia.com/public_html/system/CodeIgniter.php(340): CodeIgniter\CodeIgniter->handleRequest(NULL, Object(Config\Cache), false)
#9 /home/u612782763/domains/payjobindia.com/public_html/index.php(67): CodeIgniter\CodeIgniter->run()
#10 {main}
CRITICAL - 2024-02-02 04:18:00 --> Call to a member function getResult() on bool
in APPPATH/Models/CommonModel.php on line 201.
 1 APPPATH/Controllers/SuperAdminController.php(3108): App\Models\CommonModel->fetchFilteredCandidates('shrey', 'Select States ...', 'Select City ...', '/home/u612782763/domains/payjobindia.com/public_html', '/home/u612782763/domains/payjobindia.com/public_html')
 2 SYSTEMPATH/CodeIgniter.php(907): App\Controllers\SuperAdminController->filterCandidate()
 3 SYSTEMPATH/CodeIgniter.php(457): CodeIgniter\CodeIgniter->runController(Object(App\Controllers\SuperAdminController))
 4 SYSTEMPATH/CodeIgniter.php(340): CodeIgniter\CodeIgniter->handleRequest(null, Object(Config\Cache), false)
 5 FCPATH/index.php(67): CodeIgniter\CodeIgniter->run()
CRITICAL - 2024-02-02 04:19:45 --> Invalid argument supplied for foreach()
in APPPATH/Views/superadmin/all-user.php on line 74.
 1 APPPATH/Views/superadmin/all-user.php(74): CodeIgniter\Debug\Exceptions->errorHandler(2, 'Invalid argument supplied for foreach()', 'APPPATH/Views/superadmin/all-user.php', 74, [...])
 2 SYSTEMPATH/View/View.php(213): include('APPPATH/Views/superadmin/all-user.php')
 3 SYSTEMPATH/View/View.php(216): CodeIgniter\View\View->CodeIgniter\View\{closure}()
 4 SYSTEMPATH/Common.php(1142): CodeIgniter\View\View->render('superadmin/all-user', [], true)
 5 APPPATH/Controllers/SuperAdminController.php(3111): view('superadmin/all-user', [...])
 6 SYSTEMPATH/CodeIgniter.php(907): App\Controllers\SuperAdminController->filterCandidate()
 7 SYSTEMPATH/CodeIgniter.php(457): CodeIgniter\CodeIgniter->runController(Object(App\Controllers\SuperAdminController))
 8 SYSTEMPATH/CodeIgniter.php(340): CodeIgniter\CodeIgniter->handleRequest(null, Object(Config\Cache), false)
 9 FCPATH/index.php(67): CodeIgniter\CodeIgniter->run()
CRITICAL - 2024-02-02 04:41:57 --> syntax error, unexpected end of file
in APPPATH/Controllers/SuperAdminController.php on line 588.
 1 SYSTEMPATH/Autoloader/Autoloader.php(259): CodeIgniter\Autoloader\Autoloader->includeFile('APPPATH/Controllers/SuperAdminController.php')
 2 SYSTEMPATH/Autoloader/Autoloader.php(237): CodeIgniter\Autoloader\Autoloader->loadInNamespace('App\\Controllers\\SuperAdminController')
 3 [internal function]: CodeIgniter\Autoloader\Autoloader->loadClass('App\\Controllers\\SuperAdminController')
 4 [internal function]: spl_autoload_call('App\\Controllers\\SuperAdminController')
 5 SYSTEMPATH/CodeIgniter.php(857): class_exists('\\App\\Controllers\\SuperAdminController', true)
 6 SYSTEMPATH/CodeIgniter.php(444): CodeIgniter\CodeIgniter->startController()
 7 SYSTEMPATH/CodeIgniter.php(340): CodeIgniter\CodeIgniter->handleRequest(null, Object(Config\Cache), false)
 8 FCPATH/index.php(67): CodeIgniter\CodeIgniter->run()
CRITICAL - 2024-02-02 04:42:38 --> syntax error, unexpected end of file
in APPPATH/Controllers/SuperAdminController.php on line 588.
 1 SYSTEMPATH/Autoloader/Autoloader.php(259): CodeIgniter\Autoloader\Autoloader->includeFile('APPPATH/Controllers/SuperAdminController.php')
 2 SYSTEMPATH/Autoloader/Autoloader.php(237): CodeIgniter\Autoloader\Autoloader->loadInNamespace('App\\Controllers\\SuperAdminController')
 3 [internal function]: CodeIgniter\Autoloader\Autoloader->loadClass('App\\Controllers\\SuperAdminController')
 4 [internal function]: spl_autoload_call('App\\Controllers\\SuperAdminController')
 5 SYSTEMPATH/CodeIgniter.php(857): class_exists('\\App\\Controllers\\SuperAdminController', true)
 6 SYSTEMPATH/CodeIgniter.php(444): CodeIgniter\CodeIgniter->startController()
 7 SYSTEMPATH/CodeIgniter.php(340): CodeIgniter\CodeIgniter->handleRequest(null, Object(Config\Cache), false)
 8 FCPATH/index.php(67): CodeIgniter\CodeIgniter->run()
CRITICAL - 2024-02-02 04:42:44 --> syntax error, unexpected end of file
in APPPATH/Controllers/SuperAdminController.php on line 588.
 1 SYSTEMPATH/Autoloader/Autoloader.php(259): CodeIgniter\Autoloader\Autoloader->includeFile('APPPATH/Controllers/SuperAdminController.php')
 2 SYSTEMPATH/Autoloader/Autoloader.php(237): CodeIgniter\Autoloader\Autoloader->loadInNamespace('App\\Controllers\\SuperAdminController')
 3 [internal function]: CodeIgniter\Autoloader\Autoloader->loadClass('App\\Controllers\\SuperAdminController')
 4 [internal function]: spl_autoload_call('App\\Controllers\\SuperAdminController')
 5 SYSTEMPATH/CodeIgniter.php(857): class_exists('\\App\\Controllers\\SuperAdminController', true)
 6 SYSTEMPATH/CodeIgniter.php(444): CodeIgniter\CodeIgniter->startController()
 7 SYSTEMPATH/CodeIgniter.php(340): CodeIgniter\CodeIgniter->handleRequest(null, Object(Config\Cache), false)
 8 FCPATH/index.php(67): CodeIgniter\CodeIgniter->run()
CRITICAL - 2024-02-02 04:42:58 --> syntax error, unexpected end of file
in APPPATH/Controllers/SuperAdminController.php on line 588.
 1 SYSTEMPATH/Autoloader/Autoloader.php(259): CodeIgniter\Autoloader\Autoloader->includeFile('APPPATH/Controllers/SuperAdminController.php')
 2 SYSTEMPATH/Autoloader/Autoloader.php(237): CodeIgniter\Autoloader\Autoloader->loadInNamespace('App\\Controllers\\SuperAdminController')
 3 [internal function]: CodeIgniter\Autoloader\Autoloader->loadClass('App\\Controllers\\SuperAdminController')
 4 [internal function]: spl_autoload_call('App\\Controllers\\SuperAdminController')
 5 SYSTEMPATH/CodeIgniter.php(857): class_exists('\\App\\Controllers\\SuperAdminController', true)
 6 SYSTEMPATH/CodeIgniter.php(444): CodeIgniter\CodeIgniter->startController()
 7 SYSTEMPATH/CodeIgniter.php(340): CodeIgniter\CodeIgniter->handleRequest(null, Object(Config\Cache), false)
 8 FCPATH/index.php(67): CodeIgniter\CodeIgniter->run()
CRITICAL - 2024-02-02 04:51:23 --> Invalid argument supplied for foreach()
in APPPATH/Views/superadmin/all-user.php on line 74.
 1 APPPATH/Views/superadmin/all-user.php(74): CodeIgniter\Debug\Exceptions->errorHandler(2, 'Invalid argument supplied for foreach()', 'APPPATH/Views/superadmin/all-user.php', 74, [...])
 2 SYSTEMPATH/View/View.php(213): include('APPPATH/Views/superadmin/all-user.php')
 3 SYSTEMPATH/View/View.php(216): CodeIgniter\View\View->CodeIgniter\View\{closure}()
 4 SYSTEMPATH/Common.php(1142): CodeIgniter\View\View->render('superadmin/all-user', [], true)
 5 APPPATH/Controllers/SuperAdminController.php(3082): view('superadmin/all-user', [...])
 6 SYSTEMPATH/CodeIgniter.php(907): App\Controllers\SuperAdminController->candidate()
 7 SYSTEMPATH/CodeIgniter.php(457): CodeIgniter\CodeIgniter->runController(Object(App\Controllers\SuperAdminController))
 8 SYSTEMPATH/CodeIgniter.php(340): CodeIgniter\CodeIgniter->handleRequest(null, Object(Config\Cache), false)
 9 FCPATH/index.php(67): CodeIgniter\CodeIgniter->run()
CRITICAL - 2024-02-02 04:58:50 --> You must set the database table to be used with your query.
in SYSTEMPATH/Database/BaseConnection.php on line 872.
 1 SYSTEMPATH/Model.php(587): CodeIgniter\Database\BaseConnection->table(null)
 2 SYSTEMPATH/Model.php(764): CodeIgniter\Model->builder()
 3 APPPATH/Controllers/SuperAdminController.php(3100): CodeIgniter\Model->__call('fetchCandidateByDate', [...])
 4 SYSTEMPATH/CodeIgniter.php(907): App\Controllers\SuperAdminController->filterCandidate()
 5 SYSTEMPATH/CodeIgniter.php(457): CodeIgniter\CodeIgniter->runController(Object(App\Controllers\SuperAdminController))
 6 SYSTEMPATH/CodeIgniter.php(340): CodeIgniter\CodeIgniter->handleRequest(null, Object(Config\Cache), false)
 7 FCPATH/index.php(67): CodeIgniter\CodeIgniter->run()
CRITICAL - 2024-02-02 04:59:30 --> You must set the database table to be used with your query.
in SYSTEMPATH/Database/BaseConnection.php on line 872.
 1 SYSTEMPATH/Model.php(587): CodeIgniter\Database\BaseConnection->table(null)
 2 SYSTEMPATH/Model.php(764): CodeIgniter\Model->builder()
 3 APPPATH/Controllers/SuperAdminController.php(3100): CodeIgniter\Model->__call('fetchCandidateByDate', [...])
 4 SYSTEMPATH/CodeIgniter.php(907): App\Controllers\SuperAdminController->filterCandidate()
 5 SYSTEMPATH/CodeIgniter.php(457): CodeIgniter\CodeIgniter->runController(Object(App\Controllers\SuperAdminController))
 6 SYSTEMPATH/CodeIgniter.php(340): CodeIgniter\CodeIgniter->handleRequest(null, Object(Config\Cache), false)
 7 FCPATH/index.php(67): CodeIgniter\CodeIgniter->run()
CRITICAL - 2024-02-02 05:00:13 --> You must set the database table to be used with your query.
in SYSTEMPATH/Database/BaseConnection.php on line 872.
 1 SYSTEMPATH/Model.php(587): CodeIgniter\Database\BaseConnection->table(null)
 2 SYSTEMPATH/Model.php(764): CodeIgniter\Model->builder()
 3 APPPATH/Controllers/SuperAdminController.php(3100): CodeIgniter\Model->__call('fetchCandidateByDate', [...])
 4 SYSTEMPATH/CodeIgniter.php(907): App\Controllers\SuperAdminController->filterCandidate()
 5 SYSTEMPATH/CodeIgniter.php(457): CodeIgniter\CodeIgniter->runController(Object(App\Controllers\SuperAdminController))
 6 SYSTEMPATH/CodeIgniter.php(340): CodeIgniter\CodeIgniter->handleRequest(null, Object(Config\Cache), false)
 7 FCPATH/index.php(67): CodeIgniter\CodeIgniter->run()
CRITICAL - 2024-02-02 05:00:28 --> You must set the database table to be used with your query.
in SYSTEMPATH/Database/BaseConnection.php on line 872.
 1 SYSTEMPATH/Model.php(587): CodeIgniter\Database\BaseConnection->table(null)
 2 SYSTEMPATH/Model.php(764): CodeIgniter\Model->builder()
 3 APPPATH/Controllers/SuperAdminController.php(3100): CodeIgniter\Model->__call('fetchCandidateByDate', [...])
 4 SYSTEMPATH/CodeIgniter.php(907): App\Controllers\SuperAdminController->filterCandidate()
 5 SYSTEMPATH/CodeIgniter.php(457): CodeIgniter\CodeIgniter->runController(Object(App\Controllers\SuperAdminController))
 6 SYSTEMPATH/CodeIgniter.php(340): CodeIgniter\CodeIgniter->handleRequest(null, Object(Config\Cache), false)
 7 FCPATH/index.php(67): CodeIgniter\CodeIgniter->run()
CRITICAL - 2024-02-02 05:09:08 --> Call to undefined method CodeIgniter\Database\MySQLi\Builder::getBindings()
in APPPATH/Models/CommonModel.php on line 203.
 1 APPPATH/Controllers/SuperAdminController.php(3102): App\Models\CommonModel->fetchFilteredCandidates('/home/u612782763/domains/payjobindia.com/public_html', '/home/u612782763/domains/payjobindia.com/public_html', 'Ruchi', '1', '3')
 2 SYSTEMPATH/CodeIgniter.php(907): App\Controllers\SuperAdminController->filterCandidate()
 3 SYSTEMPATH/CodeIgniter.php(457): CodeIgniter\CodeIgniter->runController(Object(App\Controllers\SuperAdminController))
 4 SYSTEMPATH/CodeIgniter.php(340): CodeIgniter\CodeIgniter->handleRequest(null, Object(Config\Cache), false)
 5 FCPATH/index.php(67): CodeIgniter\CodeIgniter->run()
CRITICAL - 2024-02-02 05:23:09 --> Invalid argument supplied for foreach()
in APPPATH/Views/superadmin/vendor-list.php on line 65.
 1 APPPATH/Views/superadmin/vendor-list.php(65): CodeIgniter\Debug\Exceptions->errorHandler(2, 'Invalid argument supplied for foreach()', 'APPPATH/Views/superadmin/vendor-list.php', 65, [...])
 2 SYSTEMPATH/View/View.php(213): include('APPPATH/Views/superadmin/vendor-list.php')
 3 SYSTEMPATH/View/View.php(216): CodeIgniter\View\View->CodeIgniter\View\{closure}()
 4 SYSTEMPATH/Common.php(1142): CodeIgniter\View\View->render('superadmin/vendor-list', [], true)
 5 APPPATH/Controllers/SuperAdminController.php(399): view('superadmin/vendor-list', [...])
 6 SYSTEMPATH/CodeIgniter.php(907): App\Controllers\SuperAdminController->vendorlist()
 7 SYSTEMPATH/CodeIgniter.php(457): CodeIgniter\CodeIgniter->runController(Object(App\Controllers\SuperAdminController))
 8 SYSTEMPATH/CodeIgniter.php(340): CodeIgniter\CodeIgniter->handleRequest(null, Object(Config\Cache), false)
 9 FCPATH/index.php(67): CodeIgniter\CodeIgniter->run()
ERROR - 2024-02-02 06:29:04 --> mysqli_sql_exception: Unknown column 'is_active' in 'where clause' in /home/u612782763/domains/payjobindia.com/public_html/system/Database/MySQLi/Connection.php:292
Stack trace:
#0 /home/u612782763/domains/payjobindia.com/public_html/system/Database/MySQLi/Connection.php(292): mysqli->query('SELECT COUNT(*)...', 0)
#1 /home/u612782763/domains/payjobindia.com/public_html/system/Database/BaseConnection.php(693): CodeIgniter\Database\MySQLi\Connection->execute('SELECT COUNT(*)...')
#2 /home/u612782763/domains/payjobindia.com/public_html/system/Database/BaseConnection.php(620): CodeIgniter\Database\BaseConnection->simpleQuery('SELECT COUNT(*)...')
#3 /home/u612782763/domains/payjobindia.com/public_html/system/Database/BaseBuilder.php(1669): CodeIgniter\Database\BaseConnection->query('SELECT COUNT(*)...', Array, false)
#4 /home/u612782763/domains/payjobindia.com/public_html/app/Models/CommonModel.php(64): CodeIgniter\Database\BaseBuilder->countAllResults()
#5 /home/u612782763/domains/payjobindia.com/public_html/app/Controllers/SuperAdminController.php(522): App\Models\CommonModel->allCount('users', Array)
#6 /home/u612782763/domains/payjobindia.com/public_html/system/CodeIgniter.php(907): App\Controllers\SuperAdminController->dashboard()
#7 /home/u612782763/domains/payjobindia.com/public_html/system/CodeIgniter.php(457): CodeIgniter\CodeIgniter->runController(Object(App\Controllers\SuperAdminController))
#8 /home/u612782763/domains/payjobindia.com/public_html/system/CodeIgniter.php(340): CodeIgniter\CodeIgniter->handleRequest(NULL, Object(Config\Cache), false)
#9 /home/u612782763/domains/payjobindia.com/public_html/index.php(67): CodeIgniter\CodeIgniter->run()
#10 {main}
