CRITICAL - 2024-02-01 00:04:17 --> You must set the database table to be used with your query.
in SYSTEMPATH/Database/BaseConnection.php on line 872.
 1 SYSTEMPATH/Model.php(587): CodeIgniter\Database\BaseConnection->table(null)
 2 SYSTEMPATH/Model.php(764): CodeIgniter\Model->builder()
 3 APPPATH/Controllers/SuperAdminController.php(3033): CodeIgniter\Model->__call('distinct', [])
 4 SYSTEMPATH/CodeIgniter.php(907): App\Controllers\SuperAdminController->totalvendorcompanyjob('1')
 5 SYSTEMPATH/CodeIgniter.php(457): CodeIgniter\CodeIgniter->runController(Object(App\Controllers\SuperAdminController))
 6 SYSTEMPATH/CodeIgniter.php(340): CodeIgniter\CodeIgniter->handleRequest(null, Object(Config\Cache), false)
 7 FCPATH/index.php(67): CodeIgniter\CodeIgniter->run()
CRITICAL - 2024-02-01 00:04:59 --> Argument 1 passed to CodeIgniter\Database\BaseBuilder::get() must be of the type int or null, string given, called in /home/u612782763/domains/payjobindia.com/public_html/app/Controllers/SuperAdminController.php on line 3036
in SYSTEMPATH/Database/BaseBuilder.php on line 1577.
 1 APPPATH/Controllers/SuperAdminController.php(3036): CodeIgniter\Database\BaseBuilder->get('jobs_list')
 2 SYSTEMPATH/CodeIgniter.php(907): App\Controllers\SuperAdminController->totalvendorcompanyjob('1')
 3 SYSTEMPATH/CodeIgniter.php(457): CodeIgniter\CodeIgniter->runController(Object(App\Controllers\SuperAdminController))
 4 SYSTEMPATH/CodeIgniter.php(340): CodeIgniter\CodeIgniter->handleRequest(null, Object(Config\Cache), false)
 5 FCPATH/index.php(67): CodeIgniter\CodeIgniter->run()
CRITICAL - 2024-02-01 01:03:52 --> syntax error, unexpected end of file
in APPPATH/Views/superadmin/all-jobs.php on line 722.
 1 SYSTEMPATH/View/View.php(216): CodeIgniter\View\View->CodeIgniter\View\{closure}()
 2 SYSTEMPATH/Common.php(1142): CodeIgniter\View\View->render('superadmin/all-jobs', [], true)
 3 APPPATH/Controllers/SuperAdminController.php(3247): view('superadmin/all-jobs', [...])
 4 SYSTEMPATH/CodeIgniter.php(907): App\Controllers\SuperAdminController->jobslist()
 5 SYSTEMPATH/CodeIgniter.php(457): CodeIgniter\CodeIgniter->runController(Object(App\Controllers\SuperAdminController))
 6 SYSTEMPATH/CodeIgniter.php(340): CodeIgniter\CodeIgniter->handleRequest(null, Object(Config\Cache), false)
 7 FCPATH/index.php(67): CodeIgniter\CodeIgniter->run()
CRITICAL - 2024-02-01 01:04:16 --> Invalid argument supplied for foreach()
in APPPATH/Views/superadmin/all-jobs.php on line 115.
 1 APPPATH/Views/superadmin/all-jobs.php(115): CodeIgniter\Debug\Exceptions->errorHandler(2, 'Invalid argument supplied for foreach()', 'APPPATH/Views/superadmin/all-jobs.php', 115, [...])
 2 SYSTEMPATH/View/View.php(213): include('APPPATH/Views/superadmin/all-jobs.php')
 3 SYSTEMPATH/View/View.php(216): CodeIgniter\View\View->CodeIgniter\View\{closure}()
 4 SYSTEMPATH/Common.php(1142): CodeIgniter\View\View->render('superadmin/all-jobs', [], true)
 5 APPPATH/Controllers/SuperAdminController.php(3247): view('superadmin/all-jobs', [...])
 6 SYSTEMPATH/CodeIgniter.php(907): App\Controllers\SuperAdminController->jobslist()
 7 SYSTEMPATH/CodeIgniter.php(457): CodeIgniter\CodeIgniter->runController(Object(App\Controllers\SuperAdminController))
 8 SYSTEMPATH/CodeIgniter.php(340): CodeIgniter\CodeIgniter->handleRequest(null, Object(Config\Cache), false)
 9 FCPATH/index.php(67): CodeIgniter\CodeIgniter->run()
CRITICAL - 2024-02-01 02:01:28 --> syntax error, unexpected ''jobc' (T_ENCAPSED_AND_WHITESPACE), expecting ']'
in APPPATH/Controllers/SuperAdminController.php on line 419.
 1 SYSTEMPATH/Autoloader/Autoloader.php(259): CodeIgniter\Autoloader\Autoloader->includeFile('APPPATH/Controllers/SuperAdminController.php')
 2 SYSTEMPATH/Autoloader/Autoloader.php(237): CodeIgniter\Autoloader\Autoloader->loadInNamespace('App\\Controllers\\SuperAdminController')
 3 [internal function]: CodeIgniter\Autoloader\Autoloader->loadClass('App\\Controllers\\SuperAdminController')
 4 [internal function]: spl_autoload_call('App\\Controllers\\SuperAdminController')
 5 SYSTEMPATH/CodeIgniter.php(857): class_exists('\\App\\Controllers\\SuperAdminController', true)
 6 SYSTEMPATH/CodeIgniter.php(444): CodeIgniter\CodeIgniter->startController()
 7 SYSTEMPATH/CodeIgniter.php(340): CodeIgniter\CodeIgniter->handleRequest(null, Object(Config\Cache), false)
 8 FCPATH/index.php(67): CodeIgniter\CodeIgniter->run()
CRITICAL - 2024-02-01 02:57:29 --> syntax error, unexpected end of file
in APPPATH/Views/superadmin/all-company.php on line 336.
 1 SYSTEMPATH/View/View.php(216): CodeIgniter\View\View->CodeIgniter\View\{closure}()
 2 SYSTEMPATH/Common.php(1142): CodeIgniter\View\View->render('superadmin/all-company', [], true)
 3 APPPATH/Controllers/SuperAdminController.php(2703): view('superadmin/all-company', [...])
 4 SYSTEMPATH/CodeIgniter.php(907): App\Controllers\SuperAdminController->companies()
 5 SYSTEMPATH/CodeIgniter.php(457): CodeIgniter\CodeIgniter->runController(Object(App\Controllers\SuperAdminController))
 6 SYSTEMPATH/CodeIgniter.php(340): CodeIgniter\CodeIgniter->handleRequest(null, Object(Config\Cache), false)
 7 FCPATH/index.php(67): CodeIgniter\CodeIgniter->run()
CRITICAL - 2024-02-01 03:24:58 --> You must set the database table to be used with your query.
in SYSTEMPATH/Database/BaseConnection.php on line 872.
 1 SYSTEMPATH/Model.php(587): CodeIgniter\Database\BaseConnection->table(null)
 2 SYSTEMPATH/Model.php(764): CodeIgniter\Model->builder()
 3 APPPATH/Controllers/SuperAdminController.php(3279): CodeIgniter\Model->__call('fetchFilteredJobs', [...])
 4 SYSTEMPATH/CodeIgniter.php(907): App\Controllers\SuperAdminController->filterJobs()
 5 SYSTEMPATH/CodeIgniter.php(457): CodeIgniter\CodeIgniter->runController(Object(App\Controllers\SuperAdminController))
 6 SYSTEMPATH/CodeIgniter.php(340): CodeIgniter\CodeIgniter->handleRequest(null, Object(Config\Cache), false)
 7 FCPATH/index.php(67): CodeIgniter\CodeIgniter->run()
CRITICAL - 2024-02-01 03:41:14 --> mysqli_query() expects parameter 1 to be mysqli, null given
in APPPATH/Views/includes/footerjs.php on line 138.
 1 [internal function]: CodeIgniter\Debug\Exceptions->errorHandler(2, 'mysqli_query() expects parameter 1 to be mysqli, null given', 'APPPATH/Views/includes/footerjs.php', 138, [...])
 2 APPPATH/Views/includes/footerjs.php(138): mysqli_query(null, 'SELECT location_cities.name AS cityName,location_states.name AS stateName FROM `location_cities` INNER JOIN location_states ON location_cities.state_id = location_states.id')
 3 APPPATH/Views/index.php(588): include('APPPATH/Views/includes/footerjs.php')
 4 SYSTEMPATH/View/View.php(213): include('APPPATH/Views/index.php')
 5 SYSTEMPATH/View/View.php(216): CodeIgniter\View\View->CodeIgniter\View\{closure}()
 6 SYSTEMPATH/Common.php(1142): CodeIgniter\View\View->render('index', [], true)
 7 APPPATH/Controllers/Home.php(59): view('index', [...])
 8 SYSTEMPATH/CodeIgniter.php(907): App\Controllers\Home->index()
 9 SYSTEMPATH/CodeIgniter.php(457): CodeIgniter\CodeIgniter->runController(Object(App\Controllers\Home))
10 SYSTEMPATH/CodeIgniter.php(340): CodeIgniter\CodeIgniter->handleRequest(null, Object(Config\Cache), false)
11 FCPATH/index.php(67): CodeIgniter\CodeIgniter->run()
CRITICAL - 2024-02-01 03:48:57 --> Call to a member function table() on null
in APPPATH/Views/includes/footerjs.php on line 138.
 1 APPPATH/Views/index.php(588): include()
 2 SYSTEMPATH/View/View.php(213): include('APPPATH/Views/index.php')
 3 SYSTEMPATH/View/View.php(216): CodeIgniter\View\View->CodeIgniter\View\{closure}()
 4 SYSTEMPATH/Common.php(1142): CodeIgniter\View\View->render('index', [], true)
 5 APPPATH/Controllers/Home.php(59): view('index', [...])
 6 SYSTEMPATH/CodeIgniter.php(907): App\Controllers\Home->index()
 7 SYSTEMPATH/CodeIgniter.php(457): CodeIgniter\CodeIgniter->runController(Object(App\Controllers\Home))
 8 SYSTEMPATH/CodeIgniter.php(340): CodeIgniter\CodeIgniter->handleRequest(null, Object(Config\Cache), false)
 9 FCPATH/index.php(67): CodeIgniter\CodeIgniter->run()
CRITICAL - 2024-02-01 03:49:15 --> Call to a member function table() on null
in APPPATH/Views/includes/footerjs.php on line 138.
 1 APPPATH/Views/index.php(588): include()
 2 SYSTEMPATH/View/View.php(213): include('APPPATH/Views/index.php')
 3 SYSTEMPATH/View/View.php(216): CodeIgniter\View\View->CodeIgniter\View\{closure}()
 4 SYSTEMPATH/Common.php(1142): CodeIgniter\View\View->render('index', [], true)
 5 APPPATH/Controllers/Home.php(59): view('index', [...])
 6 SYSTEMPATH/CodeIgniter.php(907): App\Controllers\Home->index()
 7 SYSTEMPATH/CodeIgniter.php(457): CodeIgniter\CodeIgniter->runController(Object(App\Controllers\Home))
 8 SYSTEMPATH/CodeIgniter.php(340): CodeIgniter\CodeIgniter->handleRequest(null, Object(Config\Cache), false)
 9 FCPATH/index.php(67): CodeIgniter\CodeIgniter->run()
CRITICAL - 2024-02-01 03:49:50 --> Call to a member function getResultArray() on null
in APPPATH/Views/includes/footerjs.php on line 146.
 1 APPPATH/Views/index.php(588): include()
 2 SYSTEMPATH/View/View.php(213): include('APPPATH/Views/index.php')
 3 SYSTEMPATH/View/View.php(216): CodeIgniter\View\View->CodeIgniter\View\{closure}()
 4 SYSTEMPATH/Common.php(1142): CodeIgniter\View\View->render('index', [], true)
 5 APPPATH/Controllers/Home.php(59): view('index', [...])
 6 SYSTEMPATH/CodeIgniter.php(907): App\Controllers\Home->index()
 7 SYSTEMPATH/CodeIgniter.php(457): CodeIgniter\CodeIgniter->runController(Object(App\Controllers\Home))
 8 SYSTEMPATH/CodeIgniter.php(340): CodeIgniter\CodeIgniter->handleRequest(null, Object(Config\Cache), false)
 9 FCPATH/index.php(67): CodeIgniter\CodeIgniter->run()
ERROR - 2024-02-01 04:58:54 --> mysqli_sql_exception: Column 'id' in field list is ambiguous in /home/u612782763/domains/payjobindia.com/public_html/system/Database/MySQLi/Connection.php:292
Stack trace:
#0 /home/u612782763/domains/payjobindia.com/public_html/system/Database/MySQLi/Connection.php(292): mysqli->query('SELECT `id`\nFRO...', 0)
#1 /home/u612782763/domains/payjobindia.com/public_html/system/Database/BaseConnection.php(693): CodeIgniter\Database\MySQLi\Connection->execute('SELECT `id`\nFRO...')
#2 /home/u612782763/domains/payjobindia.com/public_html/system/Database/BaseConnection.php(620): CodeIgniter\Database\BaseConnection->simpleQuery('SELECT `id`\nFRO...')
#3 /home/u612782763/domains/payjobindia.com/public_html/system/Database/BaseBuilder.php(1585): CodeIgniter\Database\BaseConnection->query('SELECT `id`\nFRO...', Array, false)
#4 /home/u612782763/domains/payjobindia.com/public_html/app/Models/CommonModel.php(212): CodeIgniter\Database\BaseBuilder->get()
#5 /home/u612782763/domains/payjobindia.com/public_html/app/Controllers/Home.php(51): App\Models\CommonModel->getCityIdByName('Nagpur', NULL)
#6 /home/u612782763/domains/payjobindia.com/public_html/system/CodeIgniter.php(907): App\Controllers\Home->searchjobs()
#7 /home/u612782763/domains/payjobindia.com/public_html/system/CodeIgniter.php(457): CodeIgniter\CodeIgniter->runController(Object(App\Controllers\Home))
#8 /home/u612782763/domains/payjobindia.com/public_html/system/CodeIgniter.php(340): CodeIgniter\CodeIgniter->handleRequest(NULL, Object(Config\Cache), false)
#9 /home/u612782763/domains/payjobindia.com/public_html/index.php(67): CodeIgniter\CodeIgniter->run()
#10 {main}
CRITICAL - 2024-02-01 04:58:54 --> Call to a member function getRow() on bool
in APPPATH/Models/CommonModel.php on line 214.
 1 APPPATH/Controllers/Home.php(51): App\Models\CommonModel->getCityIdByName('Nagpur', null)
 2 SYSTEMPATH/CodeIgniter.php(907): App\Controllers\Home->searchjobs()
 3 SYSTEMPATH/CodeIgniter.php(457): CodeIgniter\CodeIgniter->runController(Object(App\Controllers\Home))
 4 SYSTEMPATH/CodeIgniter.php(340): CodeIgniter\CodeIgniter->handleRequest(null, Object(Config\Cache), false)
 5 FCPATH/index.php(67): CodeIgniter\CodeIgniter->run()
ERROR - 2024-02-01 04:59:07 --> mysqli_sql_exception: Column 'id' in field list is ambiguous in /home/u612782763/domains/payjobindia.com/public_html/system/Database/MySQLi/Connection.php:292
Stack trace:
#0 /home/u612782763/domains/payjobindia.com/public_html/system/Database/MySQLi/Connection.php(292): mysqli->query('SELECT `id`\nFRO...', 0)
#1 /home/u612782763/domains/payjobindia.com/public_html/system/Database/BaseConnection.php(693): CodeIgniter\Database\MySQLi\Connection->execute('SELECT `id`\nFRO...')
#2 /home/u612782763/domains/payjobindia.com/public_html/system/Database/BaseConnection.php(620): CodeIgniter\Database\BaseConnection->simpleQuery('SELECT `id`\nFRO...')
#3 /home/u612782763/domains/payjobindia.com/public_html/system/Database/BaseBuilder.php(1585): CodeIgniter\Database\BaseConnection->query('SELECT `id`\nFRO...', Array, false)
#4 /home/u612782763/domains/payjobindia.com/public_html/app/Models/CommonModel.php(212): CodeIgniter\Database\BaseBuilder->get()
#5 /home/u612782763/domains/payjobindia.com/public_html/app/Controllers/Home.php(51): App\Models\CommonModel->getCityIdByName('Nagpur', NULL)
#6 /home/u612782763/domains/payjobindia.com/public_html/system/CodeIgniter.php(907): App\Controllers\Home->searchjobs()
#7 /home/u612782763/domains/payjobindia.com/public_html/system/CodeIgniter.php(457): CodeIgniter\CodeIgniter->runController(Object(App\Controllers\Home))
#8 /home/u612782763/domains/payjobindia.com/public_html/system/CodeIgniter.php(340): CodeIgniter\CodeIgniter->handleRequest(NULL, Object(Config\Cache), false)
#9 /home/u612782763/domains/payjobindia.com/public_html/index.php(67): CodeIgniter\CodeIgniter->run()
#10 {main}
CRITICAL - 2024-02-01 04:59:07 --> Call to a member function getRow() on bool
in APPPATH/Models/CommonModel.php on line 214.
 1 APPPATH/Controllers/Home.php(51): App\Models\CommonModel->getCityIdByName('Nagpur', null)
 2 SYSTEMPATH/CodeIgniter.php(907): App\Controllers\Home->searchjobs()
 3 SYSTEMPATH/CodeIgniter.php(457): CodeIgniter\CodeIgniter->runController(Object(App\Controllers\Home))
 4 SYSTEMPATH/CodeIgniter.php(340): CodeIgniter\CodeIgniter->handleRequest(null, Object(Config\Cache), false)
 5 FCPATH/index.php(67): CodeIgniter\CodeIgniter->run()
ERROR - 2024-02-01 05:00:05 --> mysqli_sql_exception: Column 'id' in field list is ambiguous in /home/u612782763/domains/payjobindia.com/public_html/system/Database/MySQLi/Connection.php:292
Stack trace:
#0 /home/u612782763/domains/payjobindia.com/public_html/system/Database/MySQLi/Connection.php(292): mysqli->query('SELECT `id`\nFRO...', 0)
#1 /home/u612782763/domains/payjobindia.com/public_html/system/Database/BaseConnection.php(693): CodeIgniter\Database\MySQLi\Connection->execute('SELECT `id`\nFRO...')
#2 /home/u612782763/domains/payjobindia.com/public_html/system/Database/BaseConnection.php(620): CodeIgniter\Database\BaseConnection->simpleQuery('SELECT `id`\nFRO...')
#3 /home/u612782763/domains/payjobindia.com/public_html/system/Database/BaseBuilder.php(1585): CodeIgniter\Database\BaseConnection->query('SELECT `id`\nFRO...', Array, false)
#4 /home/u612782763/domains/payjobindia.com/public_html/app/Models/CommonModel.php(212): CodeIgniter\Database\BaseBuilder->get()
#5 /home/u612782763/domains/payjobindia.com/public_html/app/Controllers/Home.php(51): App\Models\CommonModel->getCityIdByName('Nagpur', NULL)
#6 /home/u612782763/domains/payjobindia.com/public_html/system/CodeIgniter.php(907): App\Controllers\Home->searchjobs()
#7 /home/u612782763/domains/payjobindia.com/public_html/system/CodeIgniter.php(457): CodeIgniter\CodeIgniter->runController(Object(App\Controllers\Home))
#8 /home/u612782763/domains/payjobindia.com/public_html/system/CodeIgniter.php(340): CodeIgniter\CodeIgniter->handleRequest(NULL, Object(Config\Cache), false)
#9 /home/u612782763/domains/payjobindia.com/public_html/index.php(67): CodeIgniter\CodeIgniter->run()
#10 {main}
ERROR - 2024-02-01 05:00:35 --> mysqli_sql_exception: Column 'id' in field list is ambiguous in /home/u612782763/domains/payjobindia.com/public_html/system/Database/MySQLi/Connection.php:292
Stack trace:
#0 /home/u612782763/domains/payjobindia.com/public_html/system/Database/MySQLi/Connection.php(292): mysqli->query('SELECT `id`\nFRO...', 0)
#1 /home/u612782763/domains/payjobindia.com/public_html/system/Database/BaseConnection.php(693): CodeIgniter\Database\MySQLi\Connection->execute('SELECT `id`\nFRO...')
#2 /home/u612782763/domains/payjobindia.com/public_html/system/Database/BaseConnection.php(620): CodeIgniter\Database\BaseConnection->simpleQuery('SELECT `id`\nFRO...')
#3 /home/u612782763/domains/payjobindia.com/public_html/system/Database/BaseBuilder.php(1585): CodeIgniter\Database\BaseConnection->query('SELECT `id`\nFRO...', Array, false)
#4 /home/u612782763/domains/payjobindia.com/public_html/app/Models/CommonModel.php(212): CodeIgniter\Database\BaseBuilder->get()
#5 /home/u612782763/domains/payjobindia.com/public_html/app/Controllers/Home.php(51): App\Models\CommonModel->getCityIdByName('Nagpur', NULL)
#6 /home/u612782763/domains/payjobindia.com/public_html/system/CodeIgniter.php(907): App\Controllers\Home->searchjobs()
#7 /home/u612782763/domains/payjobindia.com/public_html/system/CodeIgniter.php(457): CodeIgniter\CodeIgniter->runController(Object(App\Controllers\Home))
#8 /home/u612782763/domains/payjobindia.com/public_html/system/CodeIgniter.php(340): CodeIgniter\CodeIgniter->handleRequest(NULL, Object(Config\Cache), false)
#9 /home/u612782763/domains/payjobindia.com/public_html/index.php(67): CodeIgniter\CodeIgniter->run()
#10 {main}
ERROR - 2024-02-01 05:00:48 --> mysqli_sql_exception: Column 'id' in field list is ambiguous in /home/u612782763/domains/payjobindia.com/public_html/system/Database/MySQLi/Connection.php:292
Stack trace:
#0 /home/u612782763/domains/payjobindia.com/public_html/system/Database/MySQLi/Connection.php(292): mysqli->query('SELECT `id`\nFRO...', 0)
#1 /home/u612782763/domains/payjobindia.com/public_html/system/Database/BaseConnection.php(693): CodeIgniter\Database\MySQLi\Connection->execute('SELECT `id`\nFRO...')
#2 /home/u612782763/domains/payjobindia.com/public_html/system/Database/BaseConnection.php(620): CodeIgniter\Database\BaseConnection->simpleQuery('SELECT `id`\nFRO...')
#3 /home/u612782763/domains/payjobindia.com/public_html/system/Database/BaseBuilder.php(1585): CodeIgniter\Database\BaseConnection->query('SELECT `id`\nFRO...', Array, false)
#4 /home/u612782763/domains/payjobindia.com/public_html/app/Models/CommonModel.php(212): CodeIgniter\Database\BaseBuilder->get()
#5 /home/u612782763/domains/payjobindia.com/public_html/app/Controllers/Home.php(51): App\Models\CommonModel->getCityIdByName('Bhandara', NULL)
#6 /home/u612782763/domains/payjobindia.com/public_html/system/CodeIgniter.php(907): App\Controllers\Home->searchjobs()
#7 /home/u612782763/domains/payjobindia.com/public_html/system/CodeIgniter.php(457): CodeIgniter\CodeIgniter->runController(Object(App\Controllers\Home))
#8 /home/u612782763/domains/payjobindia.com/public_html/system/CodeIgniter.php(340): CodeIgniter\CodeIgniter->handleRequest(NULL, Object(Config\Cache), false)
#9 /home/u612782763/domains/payjobindia.com/public_html/index.php(67): CodeIgniter\CodeIgniter->run()
#10 {main}
ERROR - 2024-02-01 05:01:15 --> mysqli_sql_exception: Column 'id' in field list is ambiguous in /home/u612782763/domains/payjobindia.com/public_html/system/Database/MySQLi/Connection.php:292
Stack trace:
#0 /home/u612782763/domains/payjobindia.com/public_html/system/Database/MySQLi/Connection.php(292): mysqli->query('SELECT `id`\nFRO...', 0)
#1 /home/u612782763/domains/payjobindia.com/public_html/system/Database/BaseConnection.php(693): CodeIgniter\Database\MySQLi\Connection->execute('SELECT `id`\nFRO...')
#2 /home/u612782763/domains/payjobindia.com/public_html/system/Database/BaseConnection.php(620): CodeIgniter\Database\BaseConnection->simpleQuery('SELECT `id`\nFRO...')
#3 /home/u612782763/domains/payjobindia.com/public_html/system/Database/BaseBuilder.php(1585): CodeIgniter\Database\BaseConnection->query('SELECT `id`\nFRO...', Array, false)
#4 /home/u612782763/domains/payjobindia.com/public_html/app/Models/CommonModel.php(212): CodeIgniter\Database\BaseBuilder->get()
#5 /home/u612782763/domains/payjobindia.com/public_html/app/Controllers/Home.php(51): App\Models\CommonModel->getCityIdByName('Akola', NULL)
#6 /home/u612782763/domains/payjobindia.com/public_html/system/CodeIgniter.php(907): App\Controllers\Home->searchjobs()
#7 /home/u612782763/domains/payjobindia.com/public_html/system/CodeIgniter.php(457): CodeIgniter\CodeIgniter->runController(Object(App\Controllers\Home))
#8 /home/u612782763/domains/payjobindia.com/public_html/system/CodeIgniter.php(340): CodeIgniter\CodeIgniter->handleRequest(NULL, Object(Config\Cache), false)
#9 /home/u612782763/domains/payjobindia.com/public_html/index.php(67): CodeIgniter\CodeIgniter->run()
#10 {main}
CRITICAL - 2024-02-01 05:04:03 --> Too few arguments to function App\Models\CommonModel::getCityIdByName(), 1 passed in /home/u612782763/domains/payjobindia.com/public_html/app/Controllers/Home.php on line 51 and exactly 2 expected
in APPPATH/Models/CommonModel.php on line 205.
 1 APPPATH/Controllers/Home.php(51): App\Models\CommonModel->getCityIdByName('Akola')
 2 SYSTEMPATH/CodeIgniter.php(907): App\Controllers\Home->searchjobs()
 3 SYSTEMPATH/CodeIgniter.php(457): CodeIgniter\CodeIgniter->runController(Object(App\Controllers\Home))
 4 SYSTEMPATH/CodeIgniter.php(340): CodeIgniter\CodeIgniter->handleRequest(null, Object(Config\Cache), false)
 5 FCPATH/index.php(67): CodeIgniter\CodeIgniter->run()
ERROR - 2024-02-01 05:04:22 --> mysqli_sql_exception: Column 'id' in field list is ambiguous in /home/u612782763/domains/payjobindia.com/public_html/system/Database/MySQLi/Connection.php:292
Stack trace:
#0 /home/u612782763/domains/payjobindia.com/public_html/system/Database/MySQLi/Connection.php(292): mysqli->query('SELECT `id`\nFRO...', 0)
#1 /home/u612782763/domains/payjobindia.com/public_html/system/Database/BaseConnection.php(693): CodeIgniter\Database\MySQLi\Connection->execute('SELECT `id`\nFRO...')
#2 /home/u612782763/domains/payjobindia.com/public_html/system/Database/BaseConnection.php(620): CodeIgniter\Database\BaseConnection->simpleQuery('SELECT `id`\nFRO...')
#3 /home/u612782763/domains/payjobindia.com/public_html/system/Database/BaseBuilder.php(1585): CodeIgniter\Database\BaseConnection->query('SELECT `id`\nFRO...', Array, false)
#4 /home/u612782763/domains/payjobindia.com/public_html/app/Models/CommonModel.php(212): CodeIgniter\Database\BaseBuilder->get()
#5 /home/u612782763/domains/payjobindia.com/public_html/app/Controllers/Home.php(51): App\Models\CommonModel->getCityIdByName('Akola')
#6 /home/u612782763/domains/payjobindia.com/public_html/system/CodeIgniter.php(907): App\Controllers\Home->searchjobs()
#7 /home/u612782763/domains/payjobindia.com/public_html/system/CodeIgniter.php(457): CodeIgniter\CodeIgniter->runController(Object(App\Controllers\Home))
#8 /home/u612782763/domains/payjobindia.com/public_html/system/CodeIgniter.php(340): CodeIgniter\CodeIgniter->handleRequest(NULL, Object(Config\Cache), false)
#9 /home/u612782763/domains/payjobindia.com/public_html/index.php(67): CodeIgniter\CodeIgniter->run()
#10 {main}
ERROR - 2024-02-01 05:04:30 --> mysqli_sql_exception: Column 'id' in field list is ambiguous in /home/u612782763/domains/payjobindia.com/public_html/system/Database/MySQLi/Connection.php:292
Stack trace:
#0 /home/u612782763/domains/payjobindia.com/public_html/system/Database/MySQLi/Connection.php(292): mysqli->query('SELECT `id`\nFRO...', 0)
#1 /home/u612782763/domains/payjobindia.com/public_html/system/Database/BaseConnection.php(693): CodeIgniter\Database\MySQLi\Connection->execute('SELECT `id`\nFRO...')
#2 /home/u612782763/domains/payjobindia.com/public_html/system/Database/BaseConnection.php(620): CodeIgniter\Database\BaseConnection->simpleQuery('SELECT `id`\nFRO...')
#3 /home/u612782763/domains/payjobindia.com/public_html/system/Database/BaseBuilder.php(1585): CodeIgniter\Database\BaseConnection->query('SELECT `id`\nFRO...', Array, false)
#4 /home/u612782763/domains/payjobindia.com/public_html/app/Models/CommonModel.php(212): CodeIgniter\Database\BaseBuilder->get()
#5 /home/u612782763/domains/payjobindia.com/public_html/app/Controllers/Home.php(51): App\Models\CommonModel->getCityIdByName('Nagpur')
#6 /home/u612782763/domains/payjobindia.com/public_html/system/CodeIgniter.php(907): App\Controllers\Home->searchjobs()
#7 /home/u612782763/domains/payjobindia.com/public_html/system/CodeIgniter.php(457): CodeIgniter\CodeIgniter->runController(Object(App\Controllers\Home))
#8 /home/u612782763/domains/payjobindia.com/public_html/system/CodeIgniter.php(340): CodeIgniter\CodeIgniter->handleRequest(NULL, Object(Config\Cache), false)
#9 /home/u612782763/domains/payjobindia.com/public_html/index.php(67): CodeIgniter\CodeIgniter->run()
#10 {main}
ERROR - 2024-02-01 05:05:58 --> mysqli_sql_exception: Column 'id' in field list is ambiguous in /home/u612782763/domains/payjobindia.com/public_html/system/Database/MySQLi/Connection.php:292
Stack trace:
#0 /home/u612782763/domains/payjobindia.com/public_html/system/Database/MySQLi/Connection.php(292): mysqli->query('SELECT `id`\nFRO...', 0)
#1 /home/u612782763/domains/payjobindia.com/public_html/system/Database/BaseConnection.php(693): CodeIgniter\Database\MySQLi\Connection->execute('SELECT `id`\nFRO...')
#2 /home/u612782763/domains/payjobindia.com/public_html/system/Database/BaseConnection.php(620): CodeIgniter\Database\BaseConnection->simpleQuery('SELECT `id`\nFRO...')
#3 /home/u612782763/domains/payjobindia.com/public_html/system/Database/BaseBuilder.php(1585): CodeIgniter\Database\BaseConnection->query('SELECT `id`\nFRO...', Array, false)
#4 /home/u612782763/domains/payjobindia.com/public_html/app/Models/CommonModel.php(212): CodeIgniter\Database\BaseBuilder->get()
#5 /home/u612782763/domains/payjobindia.com/public_html/app/Controllers/Home.php(51): App\Models\CommonModel->getCityIdByName('Akola')
#6 /home/u612782763/domains/payjobindia.com/public_html/system/CodeIgniter.php(907): App\Controllers\Home->searchjobs()
#7 /home/u612782763/domains/payjobindia.com/public_html/system/CodeIgniter.php(457): CodeIgniter\CodeIgniter->runController(Object(App\Controllers\Home))
#8 /home/u612782763/domains/payjobindia.com/public_html/system/CodeIgniter.php(340): CodeIgniter\CodeIgniter->handleRequest(NULL, Object(Config\Cache), false)
#9 /home/u612782763/domains/payjobindia.com/public_html/index.php(67): CodeIgniter\CodeIgniter->run()
#10 {main}
CRITICAL - 2024-02-01 05:07:26 --> Cannot use object of type stdClass as array
in APPPATH/Controllers/Home.php on line 51.
 1 SYSTEMPATH/CodeIgniter.php(907): App\Controllers\Home->searchjobs()
 2 SYSTEMPATH/CodeIgniter.php(457): CodeIgniter\CodeIgniter->runController(Object(App\Controllers\Home))
 3 SYSTEMPATH/CodeIgniter.php(340): CodeIgniter\CodeIgniter->handleRequest(null, Object(Config\Cache), false)
 4 FCPATH/index.php(67): CodeIgniter\CodeIgniter->run()
CRITICAL - 2024-02-01 05:09:28 --> Cannot use object of type stdClass as array
in APPPATH/Controllers/Home.php on line 51.
 1 SYSTEMPATH/CodeIgniter.php(907): App\Controllers\Home->searchjobs()
 2 SYSTEMPATH/CodeIgniter.php(457): CodeIgniter\CodeIgniter->runController(Object(App\Controllers\Home))
 3 SYSTEMPATH/CodeIgniter.php(340): CodeIgniter\CodeIgniter->handleRequest(null, Object(Config\Cache), false)
 4 FCPATH/index.php(67): CodeIgniter\CodeIgniter->run()
ERROR - 2024-02-01 05:11:09 --> mysqli_sql_exception: Column 'id' in field list is ambiguous in /home/u612782763/domains/payjobindia.com/public_html/system/Database/MySQLi/Connection.php:292
Stack trace:
#0 /home/u612782763/domains/payjobindia.com/public_html/system/Database/MySQLi/Connection.php(292): mysqli->query('SELECT `id`\nFRO...', 0)
#1 /home/u612782763/domains/payjobindia.com/public_html/system/Database/BaseConnection.php(693): CodeIgniter\Database\MySQLi\Connection->execute('SELECT `id`\nFRO...')
#2 /home/u612782763/domains/payjobindia.com/public_html/system/Database/BaseConnection.php(620): CodeIgniter\Database\BaseConnection->simpleQuery('SELECT `id`\nFRO...')
#3 /home/u612782763/domains/payjobindia.com/public_html/system/Database/BaseBuilder.php(1585): CodeIgniter\Database\BaseConnection->query('SELECT `id`\nFRO...', Array, false)
#4 /home/u612782763/domains/payjobindia.com/public_html/app/Models/CommonModel.php(212): CodeIgniter\Database\BaseBuilder->get()
#5 /home/u612782763/domains/payjobindia.com/public_html/app/Controllers/Home.php(53): App\Models\CommonModel->getCityIdByName('Nagpur', NULL)
#6 /home/u612782763/domains/payjobindia.com/public_html/system/CodeIgniter.php(907): App\Controllers\Home->searchjobs()
#7 /home/u612782763/domains/payjobindia.com/public_html/system/CodeIgniter.php(457): CodeIgniter\CodeIgniter->runController(Object(App\Controllers\Home))
#8 /home/u612782763/domains/payjobindia.com/public_html/system/CodeIgniter.php(340): CodeIgniter\CodeIgniter->handleRequest(NULL, Object(Config\Cache), false)
#9 /home/u612782763/domains/payjobindia.com/public_html/index.php(67): CodeIgniter\CodeIgniter->run()
#10 {main}
ERROR - 2024-02-01 05:11:24 --> mysqli_sql_exception: Column 'id' in field list is ambiguous in /home/u612782763/domains/payjobindia.com/public_html/system/Database/MySQLi/Connection.php:292
Stack trace:
#0 /home/u612782763/domains/payjobindia.com/public_html/system/Database/MySQLi/Connection.php(292): mysqli->query('SELECT `id`\nFRO...', 0)
#1 /home/u612782763/domains/payjobindia.com/public_html/system/Database/BaseConnection.php(693): CodeIgniter\Database\MySQLi\Connection->execute('SELECT `id`\nFRO...')
#2 /home/u612782763/domains/payjobindia.com/public_html/system/Database/BaseConnection.php(620): CodeIgniter\Database\BaseConnection->simpleQuery('SELECT `id`\nFRO...')
#3 /home/u612782763/domains/payjobindia.com/public_html/system/Database/BaseBuilder.php(1585): CodeIgniter\Database\BaseConnection->query('SELECT `id`\nFRO...', Array, false)
#4 /home/u612782763/domains/payjobindia.com/public_html/app/Models/CommonModel.php(212): CodeIgniter\Database\BaseBuilder->get()
#5 /home/u612782763/domains/payjobindia.com/public_html/app/Controllers/Home.php(53): App\Models\CommonModel->getCityIdByName('Nagpur', NULL)
#6 /home/u612782763/domains/payjobindia.com/public_html/system/CodeIgniter.php(907): App\Controllers\Home->searchjobs()
#7 /home/u612782763/domains/payjobindia.com/public_html/system/CodeIgniter.php(457): CodeIgniter\CodeIgniter->runController(Object(App\Controllers\Home))
#8 /home/u612782763/domains/payjobindia.com/public_html/system/CodeIgniter.php(340): CodeIgniter\CodeIgniter->handleRequest(NULL, Object(Config\Cache), false)
#9 /home/u612782763/domains/payjobindia.com/public_html/index.php(67): CodeIgniter\CodeIgniter->run()
#10 {main}
ERROR - 2024-02-01 05:11:31 --> mysqli_sql_exception: Column 'id' in field list is ambiguous in /home/u612782763/domains/payjobindia.com/public_html/system/Database/MySQLi/Connection.php:292
Stack trace:
#0 /home/u612782763/domains/payjobindia.com/public_html/system/Database/MySQLi/Connection.php(292): mysqli->query('SELECT `id`\nFRO...', 0)
#1 /home/u612782763/domains/payjobindia.com/public_html/system/Database/BaseConnection.php(693): CodeIgniter\Database\MySQLi\Connection->execute('SELECT `id`\nFRO...')
#2 /home/u612782763/domains/payjobindia.com/public_html/system/Database/BaseConnection.php(620): CodeIgniter\Database\BaseConnection->simpleQuery('SELECT `id`\nFRO...')
#3 /home/u612782763/domains/payjobindia.com/public_html/system/Database/BaseBuilder.php(1585): CodeIgniter\Database\BaseConnection->query('SELECT `id`\nFRO...', Array, false)
#4 /home/u612782763/domains/payjobindia.com/public_html/app/Models/CommonModel.php(212): CodeIgniter\Database\BaseBuilder->get()
#5 /home/u612782763/domains/payjobindia.com/public_html/app/Controllers/Home.php(53): App\Models\CommonModel->getCityIdByName('Akola', NULL)
#6 /home/u612782763/domains/payjobindia.com/public_html/system/CodeIgniter.php(907): App\Controllers\Home->searchjobs()
#7 /home/u612782763/domains/payjobindia.com/public_html/system/CodeIgniter.php(457): CodeIgniter\CodeIgniter->runController(Object(App\Controllers\Home))
#8 /home/u612782763/domains/payjobindia.com/public_html/system/CodeIgniter.php(340): CodeIgniter\CodeIgniter->handleRequest(NULL, Object(Config\Cache), false)
#9 /home/u612782763/domains/payjobindia.com/public_html/index.php(67): CodeIgniter\CodeIgniter->run()
#10 {main}
ERROR - 2024-02-01 05:12:16 --> mysqli_sql_exception: Column 'id' in field list is ambiguous in /home/u612782763/domains/payjobindia.com/public_html/system/Database/MySQLi/Connection.php:292
Stack trace:
#0 /home/u612782763/domains/payjobindia.com/public_html/system/Database/MySQLi/Connection.php(292): mysqli->query('SELECT `id`\nFRO...', 0)
#1 /home/u612782763/domains/payjobindia.com/public_html/system/Database/BaseConnection.php(693): CodeIgniter\Database\MySQLi\Connection->execute('SELECT `id`\nFRO...')
#2 /home/u612782763/domains/payjobindia.com/public_html/system/Database/BaseConnection.php(620): CodeIgniter\Database\BaseConnection->simpleQuery('SELECT `id`\nFRO...')
#3 /home/u612782763/domains/payjobindia.com/public_html/system/Database/BaseBuilder.php(1585): CodeIgniter\Database\BaseConnection->query('SELECT `id`\nFRO...', Array, false)
#4 /home/u612782763/domains/payjobindia.com/public_html/app/Models/CommonModel.php(212): CodeIgniter\Database\BaseBuilder->get()
#5 /home/u612782763/domains/payjobindia.com/public_html/app/Controllers/Home.php(53): App\Models\CommonModel->getCityIdByName('Akola', NULL)
#6 /home/u612782763/domains/payjobindia.com/public_html/system/CodeIgniter.php(907): App\Controllers\Home->searchjobs()
#7 /home/u612782763/domains/payjobindia.com/public_html/system/CodeIgniter.php(457): CodeIgniter\CodeIgniter->runController(Object(App\Controllers\Home))
#8 /home/u612782763/domains/payjobindia.com/public_html/system/CodeIgniter.php(340): CodeIgniter\CodeIgniter->handleRequest(NULL, Object(Config\Cache), false)
#9 /home/u612782763/domains/payjobindia.com/public_html/index.php(67): CodeIgniter\CodeIgniter->run()
#10 {main}
ERROR - 2024-02-01 05:12:24 --> mysqli_sql_exception: Column 'id' in field list is ambiguous in /home/u612782763/domains/payjobindia.com/public_html/system/Database/MySQLi/Connection.php:292
Stack trace:
#0 /home/u612782763/domains/payjobindia.com/public_html/system/Database/MySQLi/Connection.php(292): mysqli->query('SELECT `id`\nFRO...', 0)
#1 /home/u612782763/domains/payjobindia.com/public_html/system/Database/BaseConnection.php(693): CodeIgniter\Database\MySQLi\Connection->execute('SELECT `id`\nFRO...')
#2 /home/u612782763/domains/payjobindia.com/public_html/system/Database/BaseConnection.php(620): CodeIgniter\Database\BaseConnection->simpleQuery('SELECT `id`\nFRO...')
#3 /home/u612782763/domains/payjobindia.com/public_html/system/Database/BaseBuilder.php(1585): CodeIgniter\Database\BaseConnection->query('SELECT `id`\nFRO...', Array, false)
#4 /home/u612782763/domains/payjobindia.com/public_html/app/Models/CommonModel.php(212): CodeIgniter\Database\BaseBuilder->get()
#5 /home/u612782763/domains/payjobindia.com/public_html/app/Controllers/Home.php(53): App\Models\CommonModel->getCityIdByName('Akola', NULL)
#6 /home/u612782763/domains/payjobindia.com/public_html/system/CodeIgniter.php(907): App\Controllers\Home->searchjobs()
#7 /home/u612782763/domains/payjobindia.com/public_html/system/CodeIgniter.php(457): CodeIgniter\CodeIgniter->runController(Object(App\Controllers\Home))
#8 /home/u612782763/domains/payjobindia.com/public_html/system/CodeIgniter.php(340): CodeIgniter\CodeIgniter->handleRequest(NULL, Object(Config\Cache), false)
#9 /home/u612782763/domains/payjobindia.com/public_html/index.php(67): CodeIgniter\CodeIgniter->run()
#10 {main}
ERROR - 2024-02-01 05:12:38 --> mysqli_sql_exception: Column 'id' in field list is ambiguous in /home/u612782763/domains/payjobindia.com/public_html/system/Database/MySQLi/Connection.php:292
Stack trace:
#0 /home/u612782763/domains/payjobindia.com/public_html/system/Database/MySQLi/Connection.php(292): mysqli->query('SELECT `id`\nFRO...', 0)
#1 /home/u612782763/domains/payjobindia.com/public_html/system/Database/BaseConnection.php(693): CodeIgniter\Database\MySQLi\Connection->execute('SELECT `id`\nFRO...')
#2 /home/u612782763/domains/payjobindia.com/public_html/system/Database/BaseConnection.php(620): CodeIgniter\Database\BaseConnection->simpleQuery('SELECT `id`\nFRO...')
#3 /home/u612782763/domains/payjobindia.com/public_html/system/Database/BaseBuilder.php(1585): CodeIgniter\Database\BaseConnection->query('SELECT `id`\nFRO...', Array, false)
#4 /home/u612782763/domains/payjobindia.com/public_html/app/Models/CommonModel.php(212): CodeIgniter\Database\BaseBuilder->get()
#5 /home/u612782763/domains/payjobindia.com/public_html/app/Controllers/Home.php(53): App\Models\CommonModel->getCityIdByName('Nagpur', NULL)
#6 /home/u612782763/domains/payjobindia.com/public_html/system/CodeIgniter.php(907): App\Controllers\Home->searchjobs()
#7 /home/u612782763/domains/payjobindia.com/public_html/system/CodeIgniter.php(457): CodeIgniter\CodeIgniter->runController(Object(App\Controllers\Home))
#8 /home/u612782763/domains/payjobindia.com/public_html/system/CodeIgniter.php(340): CodeIgniter\CodeIgniter->handleRequest(NULL, Object(Config\Cache), false)
#9 /home/u612782763/domains/payjobindia.com/public_html/index.php(67): CodeIgniter\CodeIgniter->run()
#10 {main}
ERROR - 2024-02-01 05:12:57 --> mysqli_sql_exception: Column 'id' in field list is ambiguous in /home/u612782763/domains/payjobindia.com/public_html/system/Database/MySQLi/Connection.php:292
Stack trace:
#0 /home/u612782763/domains/payjobindia.com/public_html/system/Database/MySQLi/Connection.php(292): mysqli->query('SELECT `id`\nFRO...', 0)
#1 /home/u612782763/domains/payjobindia.com/public_html/system/Database/BaseConnection.php(693): CodeIgniter\Database\MySQLi\Connection->execute('SELECT `id`\nFRO...')
#2 /home/u612782763/domains/payjobindia.com/public_html/system/Database/BaseConnection.php(620): CodeIgniter\Database\BaseConnection->simpleQuery('SELECT `id`\nFRO...')
#3 /home/u612782763/domains/payjobindia.com/public_html/system/Database/BaseBuilder.php(1585): CodeIgniter\Database\BaseConnection->query('SELECT `id`\nFRO...', Array, false)
#4 /home/u612782763/domains/payjobindia.com/public_html/app/Models/CommonModel.php(212): CodeIgniter\Database\BaseBuilder->get()
#5 /home/u612782763/domains/payjobindia.com/public_html/app/Controllers/Home.php(53): App\Models\CommonModel->getCityIdByName('Nagpur', NULL)
#6 /home/u612782763/domains/payjobindia.com/public_html/system/CodeIgniter.php(907): App\Controllers\Home->searchjobs()
#7 /home/u612782763/domains/payjobindia.com/public_html/system/CodeIgniter.php(457): CodeIgniter\CodeIgniter->runController(Object(App\Controllers\Home))
#8 /home/u612782763/domains/payjobindia.com/public_html/system/CodeIgniter.php(340): CodeIgniter\CodeIgniter->handleRequest(NULL, Object(Config\Cache), false)
#9 /home/u612782763/domains/payjobindia.com/public_html/index.php(67): CodeIgniter\CodeIgniter->run()
#10 {main}
ERROR - 2024-02-01 05:12:58 --> mysqli_sql_exception: Column 'id' in field list is ambiguous in /home/u612782763/domains/payjobindia.com/public_html/system/Database/MySQLi/Connection.php:292
Stack trace:
#0 /home/u612782763/domains/payjobindia.com/public_html/system/Database/MySQLi/Connection.php(292): mysqli->query('SELECT `id`\nFRO...', 0)
#1 /home/u612782763/domains/payjobindia.com/public_html/system/Database/BaseConnection.php(693): CodeIgniter\Database\MySQLi\Connection->execute('SELECT `id`\nFRO...')
#2 /home/u612782763/domains/payjobindia.com/public_html/system/Database/BaseConnection.php(620): CodeIgniter\Database\BaseConnection->simpleQuery('SELECT `id`\nFRO...')
#3 /home/u612782763/domains/payjobindia.com/public_html/system/Database/BaseBuilder.php(1585): CodeIgniter\Database\BaseConnection->query('SELECT `id`\nFRO...', Array, false)
#4 /home/u612782763/domains/payjobindia.com/public_html/app/Models/CommonModel.php(212): CodeIgniter\Database\BaseBuilder->get()
#5 /home/u612782763/domains/payjobindia.com/public_html/app/Controllers/Home.php(53): App\Models\CommonModel->getCityIdByName('Nagpur', NULL)
#6 /home/u612782763/domains/payjobindia.com/public_html/system/CodeIgniter.php(907): App\Controllers\Home->searchjobs()
#7 /home/u612782763/domains/payjobindia.com/public_html/system/CodeIgniter.php(457): CodeIgniter\CodeIgniter->runController(Object(App\Controllers\Home))
#8 /home/u612782763/domains/payjobindia.com/public_html/system/CodeIgniter.php(340): CodeIgniter\CodeIgniter->handleRequest(NULL, Object(Config\Cache), false)
#9 /home/u612782763/domains/payjobindia.com/public_html/index.php(67): CodeIgniter\CodeIgniter->run()
#10 {main}
ERROR - 2024-02-01 05:14:30 --> mysqli_sql_exception: Column 'id' in field list is ambiguous in /home/u612782763/domains/payjobindia.com/public_html/system/Database/MySQLi/Connection.php:292
Stack trace:
#0 /home/u612782763/domains/payjobindia.com/public_html/system/Database/MySQLi/Connection.php(292): mysqli->query('SELECT `id`\nFRO...', 0)
#1 /home/u612782763/domains/payjobindia.com/public_html/system/Database/BaseConnection.php(693): CodeIgniter\Database\MySQLi\Connection->execute('SELECT `id`\nFRO...')
#2 /home/u612782763/domains/payjobindia.com/public_html/system/Database/BaseConnection.php(620): CodeIgniter\Database\BaseConnection->simpleQuery('SELECT `id`\nFRO...')
#3 /home/u612782763/domains/payjobindia.com/public_html/system/Database/BaseBuilder.php(1585): CodeIgniter\Database\BaseConnection->query('SELECT `id`\nFRO...', Array, false)
#4 /home/u612782763/domains/payjobindia.com/public_html/app/Controllers/Home.php(58): CodeIgniter\Database\BaseBuilder->get()
#5 /home/u612782763/domains/payjobindia.com/public_html/system/CodeIgniter.php(907): App\Controllers\Home->searchjobs()
#6 /home/u612782763/domains/payjobindia.com/public_html/system/CodeIgniter.php(457): CodeIgniter\CodeIgniter->runController(Object(App\Controllers\Home))
#7 /home/u612782763/domains/payjobindia.com/public_html/system/CodeIgniter.php(340): CodeIgniter\CodeIgniter->handleRequest(NULL, Object(Config\Cache), false)
#8 /home/u612782763/domains/payjobindia.com/public_html/index.php(67): CodeIgniter\CodeIgniter->run()
#9 {main}
CRITICAL - 2024-02-01 05:14:30 --> Call to a member function getRow() on bool
in APPPATH/Controllers/Home.php on line 60.
 1 SYSTEMPATH/CodeIgniter.php(907): App\Controllers\Home->searchjobs()
 2 SYSTEMPATH/CodeIgniter.php(457): CodeIgniter\CodeIgniter->runController(Object(App\Controllers\Home))
 3 SYSTEMPATH/CodeIgniter.php(340): CodeIgniter\CodeIgniter->handleRequest(null, Object(Config\Cache), false)
 4 FCPATH/index.php(67): CodeIgniter\CodeIgniter->run()
ERROR - 2024-02-01 05:15:42 --> mysqli_sql_exception: Column 'id' in field list is ambiguous in /home/u612782763/domains/payjobindia.com/public_html/system/Database/MySQLi/Connection.php:292
Stack trace:
#0 /home/u612782763/domains/payjobindia.com/public_html/system/Database/MySQLi/Connection.php(292): mysqli->query('SELECT `id`\nFRO...', 0)
#1 /home/u612782763/domains/payjobindia.com/public_html/system/Database/BaseConnection.php(693): CodeIgniter\Database\MySQLi\Connection->execute('SELECT `id`\nFRO...')
#2 /home/u612782763/domains/payjobindia.com/public_html/system/Database/BaseConnection.php(620): CodeIgniter\Database\BaseConnection->simpleQuery('SELECT `id`\nFRO...')
#3 /home/u612782763/domains/payjobindia.com/public_html/system/Database/BaseBuilder.php(1585): CodeIgniter\Database\BaseConnection->query('SELECT `id`\nFRO...', Array, false)
#4 /home/u612782763/domains/payjobindia.com/public_html/app/Controllers/Home.php(58): CodeIgniter\Database\BaseBuilder->get()
#5 /home/u612782763/domains/payjobindia.com/public_html/system/CodeIgniter.php(907): App\Controllers\Home->searchjobs()
#6 /home/u612782763/domains/payjobindia.com/public_html/system/CodeIgniter.php(457): CodeIgniter\CodeIgniter->runController(Object(App\Controllers\Home))
#7 /home/u612782763/domains/payjobindia.com/public_html/system/CodeIgniter.php(340): CodeIgniter\CodeIgniter->handleRequest(NULL, Object(Config\Cache), false)
#8 /home/u612782763/domains/payjobindia.com/public_html/index.php(67): CodeIgniter\CodeIgniter->run()
#9 {main}
CRITICAL - 2024-02-01 05:15:42 --> Call to a member function getRow() on bool
in APPPATH/Controllers/Home.php on line 61.
 1 SYSTEMPATH/CodeIgniter.php(907): App\Controllers\Home->searchjobs()
 2 SYSTEMPATH/CodeIgniter.php(457): CodeIgniter\CodeIgniter->runController(Object(App\Controllers\Home))
 3 SYSTEMPATH/CodeIgniter.php(340): CodeIgniter\CodeIgniter->handleRequest(null, Object(Config\Cache), false)
 4 FCPATH/index.php(67): CodeIgniter\CodeIgniter->run()
ERROR - 2024-02-01 05:16:05 --> mysqli_sql_exception: Column 'id' in field list is ambiguous in /home/u612782763/domains/payjobindia.com/public_html/system/Database/MySQLi/Connection.php:292
Stack trace:
#0 /home/u612782763/domains/payjobindia.com/public_html/system/Database/MySQLi/Connection.php(292): mysqli->query('SELECT `id`\nFRO...', 0)
#1 /home/u612782763/domains/payjobindia.com/public_html/system/Database/BaseConnection.php(693): CodeIgniter\Database\MySQLi\Connection->execute('SELECT `id`\nFRO...')
#2 /home/u612782763/domains/payjobindia.com/public_html/system/Database/BaseConnection.php(620): CodeIgniter\Database\BaseConnection->simpleQuery('SELECT `id`\nFRO...')
#3 /home/u612782763/domains/payjobindia.com/public_html/system/Database/BaseBuilder.php(1585): CodeIgniter\Database\BaseConnection->query('SELECT `id`\nFRO...', Array, false)
#4 /home/u612782763/domains/payjobindia.com/public_html/app/Controllers/Home.php(58): CodeIgniter\Database\BaseBuilder->get()
#5 /home/u612782763/domains/payjobindia.com/public_html/system/CodeIgniter.php(907): App\Controllers\Home->searchjobs()
#6 /home/u612782763/domains/payjobindia.com/public_html/system/CodeIgniter.php(457): CodeIgniter\CodeIgniter->runController(Object(App\Controllers\Home))
#7 /home/u612782763/domains/payjobindia.com/public_html/system/CodeIgniter.php(340): CodeIgniter\CodeIgniter->handleRequest(NULL, Object(Config\Cache), false)
#8 /home/u612782763/domains/payjobindia.com/public_html/index.php(67): CodeIgniter\CodeIgniter->run()
#9 {main}
ERROR - 2024-02-01 05:18:21 --> mysqli_sql_exception: Column 'id' in field list is ambiguous in /home/u612782763/domains/payjobindia.com/public_html/system/Database/MySQLi/Connection.php:292
Stack trace:
#0 /home/u612782763/domains/payjobindia.com/public_html/system/Database/MySQLi/Connection.php(292): mysqli->query('SELECT `id`\nFRO...', 0)
#1 /home/u612782763/domains/payjobindia.com/public_html/system/Database/BaseConnection.php(693): CodeIgniter\Database\MySQLi\Connection->execute('SELECT `id`\nFRO...')
#2 /home/u612782763/domains/payjobindia.com/public_html/system/Database/BaseConnection.php(620): CodeIgniter\Database\BaseConnection->simpleQuery('SELECT `id`\nFRO...')
#3 /home/u612782763/domains/payjobindia.com/public_html/system/Database/BaseBuilder.php(1585): CodeIgniter\Database\BaseConnection->query('SELECT `id`\nFRO...', Array, false)
#4 /home/u612782763/domains/payjobindia.com/public_html/app/Controllers/Home.php(58): CodeIgniter\Database\BaseBuilder->get()
#5 /home/u612782763/domains/payjobindia.com/public_html/system/CodeIgniter.php(907): App\Controllers\Home->searchjobs()
#6 /home/u612782763/domains/payjobindia.com/public_html/system/CodeIgniter.php(457): CodeIgniter\CodeIgniter->runController(Object(App\Controllers\Home))
#7 /home/u612782763/domains/payjobindia.com/public_html/system/CodeIgniter.php(340): CodeIgniter\CodeIgniter->handleRequest(NULL, Object(Config\Cache), false)
#8 /home/u612782763/domains/payjobindia.com/public_html/index.php(67): CodeIgniter\CodeIgniter->run()
#9 {main}
ERROR - 2024-02-01 05:21:38 --> mysqli_sql_exception: Column 'id' in field list is ambiguous in /home/u612782763/domains/payjobindia.com/public_html/system/Database/MySQLi/Connection.php:292
Stack trace:
#0 /home/u612782763/domains/payjobindia.com/public_html/system/Database/MySQLi/Connection.php(292): mysqli->query('SELECT `id`\nFRO...', 0)
#1 /home/u612782763/domains/payjobindia.com/public_html/system/Database/BaseConnection.php(693): CodeIgniter\Database\MySQLi\Connection->execute('SELECT `id`\nFRO...')
#2 /home/u612782763/domains/payjobindia.com/public_html/system/Database/BaseConnection.php(620): CodeIgniter\Database\BaseConnection->simpleQuery('SELECT `id`\nFRO...')
#3 /home/u612782763/domains/payjobindia.com/public_html/system/Database/BaseBuilder.php(1585): CodeIgniter\Database\BaseConnection->query('SELECT `id`\nFRO...', Array, false)
#4 /home/u612782763/domains/payjobindia.com/public_html/app/Controllers/Home.php(58): CodeIgniter\Database\BaseBuilder->get()
#5 /home/u612782763/domains/payjobindia.com/public_html/system/CodeIgniter.php(907): App\Controllers\Home->searchjobs()
#6 /home/u612782763/domains/payjobindia.com/public_html/system/CodeIgniter.php(457): CodeIgniter\CodeIgniter->runController(Object(App\Controllers\Home))
#7 /home/u612782763/domains/payjobindia.com/public_html/system/CodeIgniter.php(340): CodeIgniter\CodeIgniter->handleRequest(NULL, Object(Config\Cache), false)
#8 /home/u612782763/domains/payjobindia.com/public_html/index.php(67): CodeIgniter\CodeIgniter->run()
#9 {main}
CRITICAL - 2024-02-01 05:21:38 --> Call to a member function getRow() on bool
in APPPATH/Controllers/Home.php on line 60.
 1 SYSTEMPATH/CodeIgniter.php(907): App\Controllers\Home->searchjobs()
 2 SYSTEMPATH/CodeIgniter.php(457): CodeIgniter\CodeIgniter->runController(Object(App\Controllers\Home))
 3 SYSTEMPATH/CodeIgniter.php(340): CodeIgniter\CodeIgniter->handleRequest(null, Object(Config\Cache), false)
 4 FCPATH/index.php(67): CodeIgniter\CodeIgniter->run()
ERROR - 2024-02-01 05:21:56 --> mysqli_sql_exception: Column 'id' in field list is ambiguous in /home/u612782763/domains/payjobindia.com/public_html/system/Database/MySQLi/Connection.php:292
Stack trace:
#0 /home/u612782763/domains/payjobindia.com/public_html/system/Database/MySQLi/Connection.php(292): mysqli->query('SELECT `id`\nFRO...', 0)
#1 /home/u612782763/domains/payjobindia.com/public_html/system/Database/BaseConnection.php(693): CodeIgniter\Database\MySQLi\Connection->execute('SELECT `id`\nFRO...')
#2 /home/u612782763/domains/payjobindia.com/public_html/system/Database/BaseConnection.php(620): CodeIgniter\Database\BaseConnection->simpleQuery('SELECT `id`\nFRO...')
#3 /home/u612782763/domains/payjobindia.com/public_html/system/Database/BaseBuilder.php(1585): CodeIgniter\Database\BaseConnection->query('SELECT `id`\nFRO...', Array, false)
#4 /home/u612782763/domains/payjobindia.com/public_html/app/Controllers/Home.php(58): CodeIgniter\Database\BaseBuilder->get()
#5 /home/u612782763/domains/payjobindia.com/public_html/system/CodeIgniter.php(907): App\Controllers\Home->searchjobs()
#6 /home/u612782763/domains/payjobindia.com/public_html/system/CodeIgniter.php(457): CodeIgniter\CodeIgniter->runController(Object(App\Controllers\Home))
#7 /home/u612782763/domains/payjobindia.com/public_html/system/CodeIgniter.php(340): CodeIgniter\CodeIgniter->handleRequest(NULL, Object(Config\Cache), false)
#8 /home/u612782763/domains/payjobindia.com/public_html/index.php(67): CodeIgniter\CodeIgniter->run()
#9 {main}
ERROR - 2024-02-01 05:21:59 --> mysqli_sql_exception: Column 'id' in field list is ambiguous in /home/u612782763/domains/payjobindia.com/public_html/system/Database/MySQLi/Connection.php:292
Stack trace:
#0 /home/u612782763/domains/payjobindia.com/public_html/system/Database/MySQLi/Connection.php(292): mysqli->query('SELECT `id`\nFRO...', 0)
#1 /home/u612782763/domains/payjobindia.com/public_html/system/Database/BaseConnection.php(693): CodeIgniter\Database\MySQLi\Connection->execute('SELECT `id`\nFRO...')
#2 /home/u612782763/domains/payjobindia.com/public_html/system/Database/BaseConnection.php(620): CodeIgniter\Database\BaseConnection->simpleQuery('SELECT `id`\nFRO...')
#3 /home/u612782763/domains/payjobindia.com/public_html/system/Database/BaseBuilder.php(1585): CodeIgniter\Database\BaseConnection->query('SELECT `id`\nFRO...', Array, false)
#4 /home/u612782763/domains/payjobindia.com/public_html/app/Controllers/Home.php(58): CodeIgniter\Database\BaseBuilder->get()
#5 /home/u612782763/domains/payjobindia.com/public_html/system/CodeIgniter.php(907): App\Controllers\Home->searchjobs()
#6 /home/u612782763/domains/payjobindia.com/public_html/system/CodeIgniter.php(457): CodeIgniter\CodeIgniter->runController(Object(App\Controllers\Home))
#7 /home/u612782763/domains/payjobindia.com/public_html/system/CodeIgniter.php(340): CodeIgniter\CodeIgniter->handleRequest(NULL, Object(Config\Cache), false)
#8 /home/u612782763/domains/payjobindia.com/public_html/index.php(67): CodeIgniter\CodeIgniter->run()
#9 {main}
CRITICAL - 2024-02-01 05:24:13 --> Cannot use object of type stdClass as array
in APPPATH/Controllers/Home.php on line 51.
 1 SYSTEMPATH/CodeIgniter.php(907): App\Controllers\Home->searchjobs()
 2 SYSTEMPATH/CodeIgniter.php(457): CodeIgniter\CodeIgniter->runController(Object(App\Controllers\Home))
 3 SYSTEMPATH/CodeIgniter.php(340): CodeIgniter\CodeIgniter->handleRequest(null, Object(Config\Cache), false)
 4 FCPATH/index.php(67): CodeIgniter\CodeIgniter->run()
